#
# There is insufficient memory for the Java Runtime Environment to continue.
# Native memory allocation (malloc) failed to allocate 1048576 bytes for AllocateHeap
# Possible reasons:
#   The system is out of physical RAM or swap space
#   The process is running with CompressedOops enabled, and the Java Heap may be blocking the growth of the native heap
# Possible solutions:
#   Reduce memory load on the system
#   Increase physical memory or swap space
#   Check if swap backing store is full
#   Decrease Java heap size (-Xmx/-Xms)
#   Decrease number of Java threads
#   Decrease Java thread stack sizes (-Xss)
#   Set larger code cache with -XX:ReservedCodeCacheSize=
#   JVM is running with Unscaled Compressed Oops mode in which the Java heap is
#     placed in the first 4GB address space. The Java Heap base address is the
#     maximum limit for the native heap growth. Please use -XX:HeapBaseMinAddress
#     to set the Java Heap base and to place the Java Heap above 4GB virtual address.
# This output file may be truncated or incomplete.
#
#  Out of Memory Error (allocation.cpp:44), pid=3372, tid=4188
#
# JRE version: OpenJDK Runtime Environment Temurin-17.0.2+8 (17.0.2+8) (build 17.0.2+8)
# Java VM: OpenJDK 64-Bit Server VM Temurin-17.0.2+8 (17.0.2+8, mixed mode, emulated-client, tiered, compressed oops, compressed class ptrs, g1 gc, windows-amd64)
# No core dump will be written. Minidumps are not enabled by default on client versions of Windows
#

---------------  S U M M A R Y ------------

Command Line: -Dsts.lsp.client=vscode -Dsts.log.file=/dev/null -XX:TieredStopAtLevel=1 -Dspring.config.location=file:c:\Users\Sueli\.vscode\extensions\pivotal.vscode-spring-boot-1.32.0\language-server\BOOT-INF\classes\application.properties org.springframework.ide.vscode.boot.app.BootLanguageServerBootApp

Host: Intel(R) Core(TM) i3-6006U CPU @ 2.00GHz, 4 cores, 3G,  Windows 8.1 , 64 bit Build 9600 (6.3.9600.17415)
Time: Sat Apr  9 11:20:10 2022 Hora oficial do Brasil elapsed time: 4191.765977 seconds (0d 1h 9m 51s)

---------------  T H R E A D  ---------------

Current thread (0x000000c235d6ec70):  VMThread "VM Thread" [stack: 0x000000c240680000,0x000000c240780000] [id=4188]

Stack: [0x000000c240680000,0x000000c240780000]
Native frames: (J=compiled Java code, j=interpreted, Vv=VM code, C=native code)
V  [jvm.dll+0x67564a]
V  [jvm.dll+0x82fc04]
V  [jvm.dll+0x8313ae]
V  [jvm.dll+0x831a13]
V  [jvm.dll+0x245235]
V  [jvm.dll+0xa6393]
V  [jvm.dll+0x2f5233]
V  [jvm.dll+0x2f0f70]
V  [jvm.dll+0x2d96c7]
V  [jvm.dll+0x31c6b7]
V  [jvm.dll+0x835ebb]
V  [jvm.dll+0x836bf4]
V  [jvm.dll+0x83710c]
V  [jvm.dll+0x8374e4]
V  [jvm.dll+0x8375b0]
V  [jvm.dll+0x7dff2a]
V  [jvm.dll+0x6744d5]
C  [ucrtbase.DLL+0x1c1ae]
C  [KERNEL32.DLL+0x13d2]
C  [ntdll.dll+0x703c4]

VM_Operation (0x000000c241fcee20): G1CollectFull, mode: safepoint, requested by thread 0x000000c2426fc5b0


---------------  P R O C E S S  ---------------

Threads class SMR info:
_java_thread_list=0x000000c2451d0350, length=23, elements={
0x000000c2405f69c0, 0x000000c2405f7640, 0x000000c2406325b0, 0x000000c240633330,
0x000000c240637e80, 0x000000c240638740, 0x000000c24063b010, 0x000000c240660100,
0x000000c241be5560, 0x000000c241bea550, 0x000000c2426fc5b0, 0x000000c2449b2090,
0x000000c235cc1890, 0x000000c242b50030, 0x000000c241b65040, 0x000000c2429be800,
0x000000c244b19e00, 0x000000c24267d480, 0x000000c2429b52f0, 0x000000c2429b57c0,
0x000000c2429b4e20, 0x000000c2429b5c90, 0x000000c244d1fa20
}

Java Threads: ( => current thread )
  0x000000c2405f69c0 JavaThread "Reference Handler" daemon [_thread_blocked, id=4248, stack(0x000000c241000000,0x000000c241100000)]
  0x000000c2405f7640 JavaThread "Finalizer" daemon [_thread_blocked, id=5008, stack(0x000000c241100000,0x000000c241200000)]
  0x000000c2406325b0 JavaThread "Signal Dispatcher" daemon [_thread_blocked, id=2452, stack(0x000000c2414d0000,0x000000c2415d0000)]
  0x000000c240633330 JavaThread "Attach Listener" daemon [_thread_blocked, id=4784, stack(0x000000c2415d0000,0x000000c2416d0000)]
  0x000000c240637e80 JavaThread "Service Thread" daemon [_thread_blocked, id=1540, stack(0x000000c2416d0000,0x000000c2417d0000)]
  0x000000c240638740 JavaThread "Monitor Deflation Thread" daemon [_thread_blocked, id=4896, stack(0x000000c2417d0000,0x000000c2418d0000)]
  0x000000c24063b010 JavaThread "C1 CompilerThread0" daemon [_thread_blocked, id=1596, stack(0x000000c2418d0000,0x000000c2419d0000)]
  0x000000c240660100 JavaThread "Sweeper thread" daemon [_thread_blocked, id=3908, stack(0x000000c2419d0000,0x000000c241ad0000)]
  0x000000c241be5560 JavaThread "Notification Thread" daemon [_thread_blocked, id=4040, stack(0x000000c2420d0000,0x000000c2421d0000)]
  0x000000c241bea550 JavaThread "Common-Cleaner" daemon [_thread_blocked, id=4044, stack(0x000000c2422d0000,0x000000c2423d0000)]
  0x000000c2426fc5b0 JavaThread "pool-5-thread-1" [_thread_blocked, id=3932, stack(0x000000c241ed0000,0x000000c241fd0000)]
  0x000000c2449b2090 JavaThread "LanguageServerApp-lifecycle" [_thread_blocked, id=3632, stack(0x000000c241fd0000,0x000000c2420d0000)]
  0x000000c235cc1890 JavaThread "DestroyJavaVM" [_thread_blocked, id=1240, stack(0x000000c235370000,0x000000c235470000)]
  0x000000c242b50030 JavaThread "pool-6-thread-1" [_thread_in_native, id=4680, stack(0x000000c2457d0000,0x000000c2458d0000)]
  0x000000c241b65040 JavaThread "Simple-Language-Server main thread" daemon [_thread_blocked, id=852, stack(0x000000c2458d0000,0x000000c2459d0000)]
  0x000000c2429be800 JavaThread "pool-7-thread-1" [_thread_blocked, id=4700, stack(0x000000c2459d0000,0x000000c245ad0000)]
  0x000000c244b19e00 JavaThread "pool-4-thread-1" [_thread_blocked, id=2888, stack(0x000000c245ad0000,0x000000c245bd0000)]
  0x000000c24267d480 JavaThread "Reconciler-1" [_thread_blocked, id=2328, stack(0x000000c246400000,0x000000c246500000)]
  0x000000c2429b52f0 JavaThread "ForkJoinPool.commonPool-worker-1" daemon [_thread_in_native, id=4864, stack(0x000000c246500000,0x000000c246600000)]
  0x000000c2429b57c0 JavaThread "ForkJoinPool.commonPool-worker-2" daemon [_thread_in_native, id=4696, stack(0x000000c246600000,0x000000c246700000)]
  0x000000c2429b4e20 JavaThread "ForkJoinPool.commonPool-worker-3" daemon [_thread_in_native, id=5040, stack(0x000000c246900000,0x000000c246a00000)]
  0x000000c2429b5c90 JavaThread "parallel-1" daemon [_thread_blocked, id=2152, stack(0x000000c246800000,0x000000c246900000)]
  0x000000c244d1fa20 JavaThread "pool-2-thread-1" [_thread_blocked, id=4452, stack(0x000000c24f150000,0x000000c24f250000)]

Other Threads:
=>0x000000c235d6ec70 VMThread "VM Thread" [stack: 0x000000c240680000,0x000000c240780000] [id=4188]
  0x000000c241be5a30 WatcherThread [stack: 0x000000c2421d0000,0x000000c2422d0000] [id=5024]
  0x000000c235cedd30 GCTaskThread "GC Thread#0" [stack: 0x000000c235b60000,0x000000c235c60000] [id=3540]
  0x000000c24274f020 GCTaskThread "GC Thread#1" [stack: 0x000000c242fa0000,0x000000c2430a0000] [id=2728]
  0x000000c242769bd0 GCTaskThread "GC Thread#2" [stack: 0x000000c2430a0000,0x000000c2431a0000] [id=4540]
  0x000000c242769e80 GCTaskThread "GC Thread#3" [stack: 0x000000c2431a0000,0x000000c2432a0000] [id=3896]
  0x000000c235cf67c0 ConcurrentGCThread "G1 Main Marker" [stack: 0x000000c23dc40000,0x000000c23dd40000] [id=5064]
  0x000000c235cf80f0 ConcurrentGCThread "G1 Conc#0" [stack: 0x000000c23dd40000,0x000000c23de40000] [id=580]
  0x000000c235d45bd0 ConcurrentGCThread "G1 Refine#0" [stack: 0x000000c240280000,0x000000c240380000] [id=5068]
  0x000000c235d47510 ConcurrentGCThread "G1 Service" [stack: 0x000000c240380000,0x000000c240480000] [id=2412]

Threads with active compile tasks:

VM state: at safepoint (normal execution)

VM Mutex/Monitor currently owned by a thread:  ([mutex/lock_event])
[0x000000c235cbd0e0] Threads_lock - owner thread: 0x000000c235d6ec70
[0x000000c235cbc630] Heap_lock - owner thread: 0x000000c2426fc5b0

Heap address: 0x00000000c1e00000, size: 994 MB, Compressed Oops mode: 32-bit

CDS archive(s) not mapped
Compressed class space mapped at: 0x0000000100000000-0x0000000140000000, reserved size: 1073741824
Narrow klass base: 0x0000000000000000, Narrow klass shift: 3, Narrow klass range: 0x140000000

GC Precious Log:
 CPUs: 4 total, 4 available
 Memory: 3971M
 Large Page Support: Disabled
 NUMA Support: Disabled
 Compressed Oops: Enabled (32-bit)
 Heap Region Size: 1M
 Heap Min Capacity: 8M
 Heap Initial Capacity: 64M
 Heap Max Capacity: 994M
 Pre-touch: Disabled
 Parallel Workers: 4
 Concurrent Workers: 1
 Concurrent Refinement Workers: 4
 Periodic GC: Disabled

Heap:
 garbage-first heap   total 96256K, used 53885K [0x00000000c1e00000, 0x0000000100000000)
  region size 1024K, 25 young (25600K), 0 survivors (0K)
 Metaspace       used 39882K, committed 40256K, reserved 1089536K
  class space    used 5047K, committed 5184K, reserved 1048576K

Heap Regions: E=young(eden), S=young(survivor), O=old, HS=humongous(starts), HC=humongous(continues), CS=collection set, F=free, OA=open archive, CA=closed archive, TAMS=top-at-mark-start (previous, next)
|   0|0x00000000c1e00000, 0x00000000c1f00000, 0x00000000c1f00000|100%| O|  |TAMS 0x00000000c1f00000, 0x00000000c1e00000| Untracked 
|   1|0x00000000c1f00000, 0x00000000c1fffff0, 0x00000000c2000000| 99%| O|  |TAMS 0x00000000c1fffff0, 0x00000000c1f00000| Untracked 
|   2|0x00000000c2000000, 0x00000000c20ffff8, 0x00000000c2100000| 99%| O|  |TAMS 0x00000000c20ffff8, 0x00000000c2000000| Untracked 
|   3|0x00000000c2100000, 0x00000000c2200000, 0x00000000c2200000|100%| O|  |TAMS 0x00000000c2200000, 0x00000000c2100000| Untracked 
|   4|0x00000000c2200000, 0x00000000c22fffa0, 0x00000000c2300000| 99%| O|  |TAMS 0x00000000c22fffa0, 0x00000000c2200000| Untracked 
|   5|0x00000000c2300000, 0x00000000c23fffd8, 0x00000000c2400000| 99%| O|  |TAMS 0x00000000c23fffd8, 0x00000000c2300000| Untracked 
|   6|0x00000000c2400000, 0x00000000c24ffff8, 0x00000000c2500000| 99%| O|  |TAMS 0x00000000c24ffff8, 0x00000000c2400000| Untracked 
|   7|0x00000000c2500000, 0x00000000c25ffff8, 0x00000000c2600000| 99%| O|  |TAMS 0x00000000c25ffff8, 0x00000000c2500000| Untracked 
|   8|0x00000000c2600000, 0x00000000c26ffff0, 0x00000000c2700000| 99%| O|  |TAMS 0x00000000c26ffff0, 0x00000000c2600000| Untracked 
|   9|0x00000000c2700000, 0x00000000c27ffff8, 0x00000000c2800000| 99%| O|  |TAMS 0x00000000c27ffff8, 0x00000000c2700000| Untracked 
|  10|0x00000000c2800000, 0x00000000c28fcc50, 0x00000000c2900000| 98%| O|  |TAMS 0x00000000c28fcc50, 0x00000000c2800000| Untracked 
|  11|0x00000000c2900000, 0x00000000c29ffff8, 0x00000000c2a00000| 99%| O|  |TAMS 0x00000000c29ffff8, 0x00000000c2900000| Untracked 
|  12|0x00000000c2a00000, 0x00000000c2affee8, 0x00000000c2b00000| 99%| O|  |TAMS 0x00000000c2affee8, 0x00000000c2a00000| Untracked 
|  13|0x00000000c2b00000, 0x00000000c2bfdf78, 0x00000000c2c00000| 99%| O|  |TAMS 0x00000000c2bfdf78, 0x00000000c2b00000| Untracked 
|  14|0x00000000c2c00000, 0x00000000c2d00000, 0x00000000c2d00000|100%| O|  |TAMS 0x00000000c2d00000, 0x00000000c2c00000| Untracked 
|  15|0x00000000c2d00000, 0x00000000c2e00000, 0x00000000c2e00000|100%| O|  |TAMS 0x00000000c2e00000, 0x00000000c2d00000| Untracked 
|  16|0x00000000c2e00000, 0x00000000c2efa040, 0x00000000c2f00000| 97%| O|  |TAMS 0x00000000c2efa040, 0x00000000c2e00000| Untracked 
|  17|0x00000000c2f00000, 0x00000000c2ffffc0, 0x00000000c3000000| 99%| O|  |TAMS 0x00000000c2ffffc0, 0x00000000c2f00000| Untracked 
|  18|0x00000000c3000000, 0x00000000c30fe788, 0x00000000c3100000| 99%| O|  |TAMS 0x00000000c30fe788, 0x00000000c3000000| Untracked 
|  19|0x00000000c3100000, 0x00000000c31f53a0, 0x00000000c3200000| 95%| O|  |TAMS 0x00000000c31f53a0, 0x00000000c3100000| Untracked 
|  20|0x00000000c3200000, 0x00000000c3300000, 0x00000000c3300000|100%| O|  |TAMS 0x00000000c3300000, 0x00000000c3200000| Untracked 
|  21|0x00000000c3300000, 0x00000000c3400000, 0x00000000c3400000|100%| O|  |TAMS 0x00000000c3400000, 0x00000000c3300000| Untracked 
|  22|0x00000000c3400000, 0x00000000c3500000, 0x00000000c3500000|100%| O|  |TAMS 0x00000000c3500000, 0x00000000c3400000| Untracked 
|  23|0x00000000c3500000, 0x00000000c35fe840, 0x00000000c3600000| 99%| O|  |TAMS 0x00000000c35fe840, 0x00000000c3500000| Untracked 
|  24|0x00000000c3600000, 0x00000000c36ffff8, 0x00000000c3700000| 99%| O|  |TAMS 0x00000000c36ffff8, 0x00000000c3600000| Untracked 
|  25|0x00000000c3700000, 0x00000000c37ffff0, 0x00000000c3800000| 99%| O|  |TAMS 0x00000000c37ffff0, 0x00000000c3700000| Untracked 
|  26|0x00000000c3800000, 0x00000000c38fffd8, 0x00000000c3900000| 99%| O|  |TAMS 0x00000000c38fffd8, 0x00000000c3800000| Untracked 
|  27|0x00000000c3900000, 0x00000000c39800f0, 0x00000000c3a00000| 50%| O|  |TAMS 0x00000000c3900000, 0x00000000c3900000| Untracked 
|  28|0x00000000c3a00000, 0x00000000c3a38978, 0x00000000c3b00000| 22%| O|  |TAMS 0x00000000c3a00000, 0x00000000c3a00000| Untracked 
|  29|0x00000000c3b00000, 0x00000000c3c00000, 0x00000000c3c00000|100%| O|  |TAMS 0x00000000c3c00000, 0x00000000c3b00000| Untracked 
|  30|0x00000000c3c00000, 0x00000000c3c00000, 0x00000000c3d00000|  0%| F|  |TAMS 0x00000000c3c00000, 0x00000000c3c00000| Untracked 
|  31|0x00000000c3d00000, 0x00000000c3d00000, 0x00000000c3e00000|  0%| F|  |TAMS 0x00000000c3d00000, 0x00000000c3d00000| Untracked 
|  32|0x00000000c3e00000, 0x00000000c3e00000, 0x00000000c3f00000|  0%| F|  |TAMS 0x00000000c3e00000, 0x00000000c3e00000| Untracked 
|  33|0x00000000c3f00000, 0x00000000c3f00000, 0x00000000c4000000|  0%| F|  |TAMS 0x00000000c3f00000, 0x00000000c3f00000| Untracked 
|  34|0x00000000c4000000, 0x00000000c4000000, 0x00000000c4100000|  0%| F|  |TAMS 0x00000000c4000000, 0x00000000c4000000| Untracked 
|  35|0x00000000c4100000, 0x00000000c4100000, 0x00000000c4200000|  0%| F|  |TAMS 0x00000000c4100000, 0x00000000c4100000| Untracked 
|  36|0x00000000c4200000, 0x00000000c4200000, 0x00000000c4300000|  0%| F|  |TAMS 0x00000000c4200000, 0x00000000c4200000| Untracked 
|  37|0x00000000c4300000, 0x00000000c4300000, 0x00000000c4400000|  0%| F|  |TAMS 0x00000000c4300000, 0x00000000c4300000| Untracked 
|  38|0x00000000c4400000, 0x00000000c4400000, 0x00000000c4500000|  0%| F|  |TAMS 0x00000000c4400000, 0x00000000c4400000| Untracked 
|  39|0x00000000c4500000, 0x00000000c4500000, 0x00000000c4600000|  0%| F|  |TAMS 0x00000000c4500000, 0x00000000c4500000| Untracked 
|  40|0x00000000c4600000, 0x00000000c4600000, 0x00000000c4700000|  0%| F|  |TAMS 0x00000000c4600000, 0x00000000c4600000| Untracked 
|  41|0x00000000c4700000, 0x00000000c4700000, 0x00000000c4800000|  0%| F|  |TAMS 0x00000000c4700000, 0x00000000c4700000| Untracked 
|  42|0x00000000c4800000, 0x00000000c4800000, 0x00000000c4900000|  0%| F|  |TAMS 0x00000000c4800000, 0x00000000c4800000| Untracked 
|  43|0x00000000c4900000, 0x00000000c4900000, 0x00000000c4a00000|  0%| F|  |TAMS 0x00000000c4900000, 0x00000000c4900000| Untracked 
|  44|0x00000000c4a00000, 0x00000000c4a00000, 0x00000000c4b00000|  0%| F|  |TAMS 0x00000000c4a00000, 0x00000000c4a00000| Untracked 
|  45|0x00000000c4b00000, 0x00000000c4b00000, 0x00000000c4c00000|  0%| F|  |TAMS 0x00000000c4b00000, 0x00000000c4b00000| Untracked 
|  46|0x00000000c4c00000, 0x00000000c4c00000, 0x00000000c4d00000|  0%| F|  |TAMS 0x00000000c4c00000, 0x00000000c4c00000| Untracked 
|  47|0x00000000c4d00000, 0x00000000c4d00000, 0x00000000c4e00000|  0%| F|  |TAMS 0x00000000c4d00000, 0x00000000c4d00000| Untracked 
|  48|0x00000000c4e00000, 0x00000000c4e00000, 0x00000000c4f00000|  0%| F|  |TAMS 0x00000000c4e00000, 0x00000000c4e00000| Untracked 
|  49|0x00000000c4f00000, 0x00000000c4f00000, 0x00000000c5000000|  0%| F|  |TAMS 0x00000000c4f00000, 0x00000000c4f00000| Untracked 
|  50|0x00000000c5000000, 0x00000000c5000000, 0x00000000c5100000|  0%| F|  |TAMS 0x00000000c5000000, 0x00000000c5000000| Untracked 
|  51|0x00000000c5100000, 0x00000000c5100000, 0x00000000c5200000|  0%| F|  |TAMS 0x00000000c5100000, 0x00000000c5100000| Untracked 
|  52|0x00000000c5200000, 0x00000000c5200000, 0x00000000c5300000|  0%| F|  |TAMS 0x00000000c5200000, 0x00000000c5200000| Untracked 
|  53|0x00000000c5300000, 0x00000000c5300000, 0x00000000c5400000|  0%| F|  |TAMS 0x00000000c5300000, 0x00000000c5300000| Untracked 
|  54|0x00000000c5400000, 0x00000000c5400000, 0x00000000c5500000|  0%| F|  |TAMS 0x00000000c5400000, 0x00000000c5400000| Untracked 
|  55|0x00000000c5500000, 0x00000000c5500000, 0x00000000c5600000|  0%| F|  |TAMS 0x00000000c5500000, 0x00000000c5500000| Untracked 
|  56|0x00000000c5600000, 0x00000000c5600000, 0x00000000c5700000|  0%| F|  |TAMS 0x00000000c5600000, 0x00000000c5600000| Untracked 
|  57|0x00000000c5700000, 0x00000000c5700000, 0x00000000c5800000|  0%| F|  |TAMS 0x00000000c5700000, 0x00000000c5700000| Untracked 
|  58|0x00000000c5800000, 0x00000000c5800000, 0x00000000c5900000|  0%| F|  |TAMS 0x00000000c5800000, 0x00000000c5800000| Untracked 
|  59|0x00000000c5900000, 0x00000000c5900000, 0x00000000c5a00000|  0%| F|  |TAMS 0x00000000c5900000, 0x00000000c5900000| Untracked 
|  60|0x00000000c5a00000, 0x00000000c5a00000, 0x00000000c5b00000|  0%| F|  |TAMS 0x00000000c5a00000, 0x00000000c5a00000| Untracked 
|  61|0x00000000c5b00000, 0x00000000c5b00000, 0x00000000c5c00000|  0%| F|  |TAMS 0x00000000c5b00000, 0x00000000c5b00000| Untracked 
|  62|0x00000000c5c00000, 0x00000000c5c00000, 0x00000000c5d00000|  0%| F|  |TAMS 0x00000000c5c00000, 0x00000000c5c00000| Untracked 
|  63|0x00000000c5d00000, 0x00000000c5d00000, 0x00000000c5e00000|  0%| F|  |TAMS 0x00000000c5d00000, 0x00000000c5d00000| Untracked 
|  64|0x00000000c5e00000, 0x00000000c5e00000, 0x00000000c5f00000|  0%| F|  |TAMS 0x00000000c5e00000, 0x00000000c5e00000| Untracked 
|  65|0x00000000c5f00000, 0x00000000c5f00000, 0x00000000c6000000|  0%| F|  |TAMS 0x00000000c5f00000, 0x00000000c5f00000| Untracked 
|  66|0x00000000c6000000, 0x00000000c6000000, 0x00000000c6100000|  0%| F|  |TAMS 0x00000000c6000000, 0x00000000c6000000| Untracked 
|  67|0x00000000c6100000, 0x00000000c6100000, 0x00000000c6200000|  0%| F|  |TAMS 0x00000000c6100000, 0x00000000c6100000| Untracked 
|  68|0x00000000c6200000, 0x00000000c6200000, 0x00000000c6300000|  0%| F|  |TAMS 0x00000000c6200000, 0x00000000c6200000| Untracked 
|  69|0x00000000c6300000, 0x00000000c6380800, 0x00000000c6400000| 50%| E|  |TAMS 0x00000000c6300000, 0x00000000c6300000| Complete 
|  70|0x00000000c6400000, 0x00000000c6500000, 0x00000000c6500000|100%| E|CS|TAMS 0x00000000c6400000, 0x00000000c6400000| Complete 
|  71|0x00000000c6500000, 0x00000000c6600000, 0x00000000c6600000|100%| E|CS|TAMS 0x00000000c6500000, 0x00000000c6500000| Complete 
|  72|0x00000000c6600000, 0x00000000c6700000, 0x00000000c6700000|100%| E|CS|TAMS 0x00000000c6600000, 0x00000000c6600000| Complete 
|  73|0x00000000c6700000, 0x00000000c6800000, 0x00000000c6800000|100%| E|CS|TAMS 0x00000000c6700000, 0x00000000c6700000| Complete 
|  74|0x00000000c6800000, 0x00000000c6900000, 0x00000000c6900000|100%| E|CS|TAMS 0x00000000c6800000, 0x00000000c6800000| Complete 
|  75|0x00000000c6900000, 0x00000000c6a00000, 0x00000000c6a00000|100%| E|CS|TAMS 0x00000000c6900000, 0x00000000c6900000| Complete 
|  76|0x00000000c6a00000, 0x00000000c6b00000, 0x00000000c6b00000|100%| E|CS|TAMS 0x00000000c6a00000, 0x00000000c6a00000| Complete 
|  77|0x00000000c6b00000, 0x00000000c6c00000, 0x00000000c6c00000|100%| E|CS|TAMS 0x00000000c6b00000, 0x00000000c6b00000| Complete 
|  78|0x00000000c6c00000, 0x00000000c6d00000, 0x00000000c6d00000|100%| E|CS|TAMS 0x00000000c6c00000, 0x00000000c6c00000| Complete 
|  79|0x00000000c6d00000, 0x00000000c6e00000, 0x00000000c6e00000|100%| E|CS|TAMS 0x00000000c6d00000, 0x00000000c6d00000| Complete 
|  80|0x00000000c6e00000, 0x00000000c6f00000, 0x00000000c6f00000|100%| E|CS|TAMS 0x00000000c6e00000, 0x00000000c6e00000| Complete 
|  81|0x00000000c6f00000, 0x00000000c7000000, 0x00000000c7000000|100%| E|CS|TAMS 0x00000000c6f00000, 0x00000000c6f00000| Complete 
|  82|0x00000000c7000000, 0x00000000c7100000, 0x00000000c7100000|100%| E|CS|TAMS 0x00000000c7000000, 0x00000000c7000000| Complete 
|  83|0x00000000c7100000, 0x00000000c7200000, 0x00000000c7200000|100%| E|CS|TAMS 0x00000000c7100000, 0x00000000c7100000| Complete 
|  84|0x00000000c7200000, 0x00000000c7300000, 0x00000000c7300000|100%| E|CS|TAMS 0x00000000c7200000, 0x00000000c7200000| Complete 
|  85|0x00000000c7300000, 0x00000000c7400000, 0x00000000c7400000|100%| E|CS|TAMS 0x00000000c7300000, 0x00000000c7300000| Complete 
|  86|0x00000000c7400000, 0x00000000c7500000, 0x00000000c7500000|100%| E|CS|TAMS 0x00000000c7400000, 0x00000000c7400000| Complete 
|  87|0x00000000c7500000, 0x00000000c7600000, 0x00000000c7600000|100%| E|CS|TAMS 0x00000000c7500000, 0x00000000c7500000| Complete 
|  88|0x00000000c7600000, 0x00000000c7700000, 0x00000000c7700000|100%| E|CS|TAMS 0x00000000c7600000, 0x00000000c7600000| Complete 
|  89|0x00000000c7700000, 0x00000000c7800000, 0x00000000c7800000|100%| E|CS|TAMS 0x00000000c7700000, 0x00000000c7700000| Complete 
|  90|0x00000000c7800000, 0x00000000c7900000, 0x00000000c7900000|100%| E|CS|TAMS 0x00000000c7800000, 0x00000000c7800000| Complete 
|  91|0x00000000c7900000, 0x00000000c7a00000, 0x00000000c7a00000|100%| E|CS|TAMS 0x00000000c7900000, 0x00000000c7900000| Complete 
|  92|0x00000000c7a00000, 0x00000000c7b00000, 0x00000000c7b00000|100%| E|CS|TAMS 0x00000000c7a00000, 0x00000000c7a00000| Complete 
|  93|0x00000000c7b00000, 0x00000000c7c00000, 0x00000000c7c00000|100%| E|CS|TAMS 0x00000000c7b00000, 0x00000000c7b00000| Complete 

Card table byte_map: [0x000000c23b920000,0x000000c23bb20000] _byte_map_base: 0x000000c23b311000

Marking Bits (Prev, Next): (CMBitMap*) 0x000000c235cee290, (CMBitMap*) 0x000000c235cee250
 Prev Bits: [0x000000c23ccb0000, 0x000000c23dc38000)
 Next Bits: [0x000000c23bd20000, 0x000000c23cca8000)

Polling page: 0x000000c235470000

Metaspace:

Usage:
  Non-class:     34.02 MB used.
      Class:      4.93 MB used.
       Both:     38.95 MB used.

Virtual space:
  Non-class space:       40.00 MB reserved,      34.25 MB ( 86%) committed,  5 nodes.
      Class space:        1.00 GB reserved,       5.06 MB ( <1%) committed,  1 nodes.
             Both:        1.04 GB reserved,      39.31 MB (  4%) committed. 

Chunk freelists:
   Non-Class:  1.67 MB
       Class:  2.88 MB
        Both:  4.55 MB

MaxMetaspaceSize: unlimited
CompressedClassSpaceSize: 1.00 GB
Initial GC threshold: 21.00 MB
Current GC threshold: 65.44 MB
CDS: off
MetaspaceReclaimPolicy: balanced
 - commit_granule_bytes: 65536.
 - commit_granule_words: 8192.
 - virtual_space_node_default_size: 1048576.
 - enlarge_chunks_in_place: 1.
 - new_chunks_are_fully_committed: 0.
 - uncommit_free_chunks: 1.
 - use_allocation_guard: 0.
 - handle_deallocations: 1.


Internal statistics:

num_allocs_failed_limit: 3.
num_arena_births: 526.
num_arena_deaths: 188.
num_vsnodes_births: 6.
num_vsnodes_deaths: 0.
num_space_committed: 629.
num_space_uncommitted: 0.
num_chunks_returned_to_freelist: 202.
num_chunks_taken_from_freelist: 1828.
num_chunk_merges: 75.
num_chunk_splits: 1183.
num_chunks_enlarged: 875.
num_purges: 12.
num_inconsistent_stats: 0.

CodeCache: size=49152Kb used=15910Kb max_used=16668Kb free=33241Kb
 bounds [0x000000c238920000, 0x000000c239990000, 0x000000c23b920000]
 total_blobs=8253 nmethods=7700 adapters=479
 compilation: enabled
              stopped_count=0, restarted_count=0
 full_count=0

Compilation events (20 events):
Event: 3811.999 Thread 0x000000c24063b010 7738       1       org.eclipse.jdt.internal.compiler.ClassFile::generateElementValue (815 bytes)
Event: 3812.158 Thread 0x000000c24063b010 nmethod 7738 0x000000c2398be210 code [0x000000c2398be5e0, 0x000000c2398bf7e8]
Event: 3814.589 Thread 0x000000c24063b010 7739       1       org.eclipse.jdt.internal.compiler.util.HashtableOfObject::size (5 bytes)
Event: 3814.589 Thread 0x000000c24063b010 nmethod 7739 0x000000c2398bdf10 code [0x000000c2398be0a0, 0x000000c2398be178]
Event: 3814.830 Thread 0x000000c24063b010 7740       1       org.eclipse.jdt.internal.compiler.lookup.MethodVerifier15::checkAgainstInheritedMethods (135 bytes)
Event: 3814.864 Thread 0x000000c24063b010 nmethod 7740 0x000000c2398bd610 code [0x000000c2398bd7e0, 0x000000c2398bdba8]
Event: 3814.864 Thread 0x000000c24063b010 7741       1       org.eclipse.jdt.internal.compiler.lookup.MethodVerifier::checkAgainstInheritedMethods (580 bytes)
Event: 3814.973 Thread 0x000000c24063b010 nmethod 7741 0x000000c2398bb810 code [0x000000c2398bbb40, 0x000000c2398bca58]
Event: 3814.973 Thread 0x000000c24063b010 7746       1       org.eclipse.jdt.internal.compiler.lookup.SourceTypeBinding::syntheticMethods (198 bytes)
Event: 3814.987 Thread 0x000000c24063b010 nmethod 7746 0x000000c2398ba890 code [0x000000c2398baac0, 0x000000c2398bb3d8]
Event: 3815.119 Thread 0x000000c24063b010 7747       1       org.eclipse.jdt.core.dom.ASTParser::initializeDefaults (82 bytes)
Event: 3815.568 Thread 0x000000c24063b010 nmethod 7747 0x000000c2398ba210 code [0x000000c2398ba3e0, 0x000000c2398ba758]
Event: 3875.486 Thread 0x000000c24063b010 7748       1       java.util.concurrent.ForkJoinPool::managedBlock (36 bytes)
Event: 3875.741 Thread 0x000000c24063b010 nmethod 7748 0x000000c2398b9c10 code [0x000000c2398b9de0, 0x000000c2398ba058]
Event: 3911.550 Thread 0x000000c24063b010 7749       1       java.io.FileInputStream::<init> (59 bytes)
Event: 3911.773 Thread 0x000000c24063b010 nmethod 7749 0x000000c2398b9610 code [0x000000c2398b97e0, 0x000000c2398b9b08]
Event: 3912.100 Thread 0x000000c24063b010 7751       1       java.lang.ProcessImpl::exitValue (28 bytes)
Event: 3912.264 Thread 0x000000c24063b010 nmethod 7751 0x000000c2398b9210 code [0x000000c2398b93c0, 0x000000c2398b9518]
Event: 3912.264 Thread 0x000000c24063b010 7754   !   1       com.google.common.io.Closeables::closeQuietly (19 bytes)
Event: 3912.326 Thread 0x000000c24063b010 nmethod 7754 0x000000c2398b8e10 code [0x000000c2398b8fc0, 0x000000c2398b9138]

GC Heap History (20 events):
Event: 4067.737 GC heap before
{Heap before GC invocations=224 (full 141):
 garbage-first heap   total 96256K, used 42629K [0x00000000c1e00000, 0x0000000100000000)
  region size 1024K, 14 young (14336K), 0 survivors (0K)
 Metaspace       used 39882K, committed 40256K, reserved 1089536K
  class space    used 5047K, committed 5184K, reserved 1048576K
}
Event: 4067.874 GC heap after
{Heap after GC invocations=225 (full 142):
 garbage-first heap   total 96256K, used 29310K [0x00000000c1e00000, 0x0000000100000000)
  region size 1024K, 0 young (0K), 0 survivors (0K)
 Metaspace       used 39882K, committed 40256K, reserved 1089536K
  class space    used 5047K, committed 5184K, reserved 1048576K
}
Event: 4079.571 GC heap before
{Heap before GC invocations=225 (full 142):
 garbage-first heap   total 96256K, used 41598K [0x00000000c1e00000, 0x0000000100000000)
  region size 1024K, 13 young (13312K), 0 survivors (0K)
 Metaspace       used 39882K, committed 40256K, reserved 1089536K
  class space    used 5047K, committed 5184K, reserved 1048576K
}
Event: 4079.704 GC heap after
{Heap after GC invocations=226 (full 143):
 garbage-first heap   total 96256K, used 29309K [0x00000000c1e00000, 0x0000000100000000)
  region size 1024K, 0 young (0K), 0 survivors (0K)
 Metaspace       used 39882K, committed 40256K, reserved 1089536K
  class space    used 5047K, committed 5184K, reserved 1048576K
}
Event: 4090.625 GC heap before
{Heap before GC invocations=226 (full 143):
 garbage-first heap   total 96256K, used 41597K [0x00000000c1e00000, 0x0000000100000000)
  region size 1024K, 13 young (13312K), 0 survivors (0K)
 Metaspace       used 39882K, committed 40256K, reserved 1089536K
  class space    used 5047K, committed 5184K, reserved 1048576K
}
Event: 4090.735 GC heap after
{Heap after GC invocations=227 (full 144):
 garbage-first heap   total 96256K, used 29309K [0x00000000c1e00000, 0x0000000100000000)
  region size 1024K, 0 young (0K), 0 survivors (0K)
 Metaspace       used 39882K, committed 40256K, reserved 1089536K
  class space    used 5047K, committed 5184K, reserved 1048576K
}
Event: 4101.805 GC heap before
{Heap before GC invocations=227 (full 144):
 garbage-first heap   total 96256K, used 41597K [0x00000000c1e00000, 0x0000000100000000)
  region size 1024K, 13 young (13312K), 0 survivors (0K)
 Metaspace       used 39882K, committed 40256K, reserved 1089536K
  class space    used 5047K, committed 5184K, reserved 1048576K
}
Event: 4101.944 GC heap after
{Heap after GC invocations=228 (full 145):
 garbage-first heap   total 96256K, used 29309K [0x00000000c1e00000, 0x0000000100000000)
  region size 1024K, 0 young (0K), 0 survivors (0K)
 Metaspace       used 39882K, committed 40256K, reserved 1089536K
  class space    used 5047K, committed 5184K, reserved 1048576K
}
Event: 4113.397 GC heap before
{Heap before GC invocations=228 (full 145):
 garbage-first heap   total 96256K, used 41597K [0x00000000c1e00000, 0x0000000100000000)
  region size 1024K, 13 young (13312K), 0 survivors (0K)
 Metaspace       used 39882K, committed 40256K, reserved 1089536K
  class space    used 5047K, committed 5184K, reserved 1048576K
}
Event: 4113.515 GC heap after
{Heap after GC invocations=229 (full 146):
 garbage-first heap   total 96256K, used 29309K [0x00000000c1e00000, 0x0000000100000000)
  region size 1024K, 0 young (0K), 0 survivors (0K)
 Metaspace       used 39882K, committed 40256K, reserved 1089536K
  class space    used 5047K, committed 5184K, reserved 1048576K
}
Event: 4126.374 GC heap before
{Heap before GC invocations=229 (full 146):
 garbage-first heap   total 96256K, used 47741K [0x00000000c1e00000, 0x0000000100000000)
  region size 1024K, 19 young (19456K), 0 survivors (0K)
 Metaspace       used 39882K, committed 40256K, reserved 1089536K
  class space    used 5047K, committed 5184K, reserved 1048576K
}
Event: 4126.496 GC heap after
{Heap after GC invocations=230 (full 147):
 garbage-first heap   total 96256K, used 29312K [0x00000000c1e00000, 0x0000000100000000)
  region size 1024K, 0 young (0K), 0 survivors (0K)
 Metaspace       used 39882K, committed 40256K, reserved 1089536K
  class space    used 5047K, committed 5184K, reserved 1048576K
}
Event: 4137.421 GC heap before
{Heap before GC invocations=230 (full 147):
 garbage-first heap   total 96256K, used 41600K [0x00000000c1e00000, 0x0000000100000000)
  region size 1024K, 13 young (13312K), 0 survivors (0K)
 Metaspace       used 39882K, committed 40256K, reserved 1089536K
  class space    used 5047K, committed 5184K, reserved 1048576K
}
Event: 4137.566 GC heap after
{Heap after GC invocations=231 (full 148):
 garbage-first heap   total 96256K, used 29309K [0x00000000c1e00000, 0x0000000100000000)
  region size 1024K, 0 young (0K), 0 survivors (0K)
 Metaspace       used 39882K, committed 40256K, reserved 1089536K
  class space    used 5047K, committed 5184K, reserved 1048576K
}
Event: 4148.845 GC heap before
{Heap before GC invocations=231 (full 148):
 garbage-first heap   total 96256K, used 41597K [0x00000000c1e00000, 0x0000000100000000)
  region size 1024K, 13 young (13312K), 0 survivors (0K)
 Metaspace       used 39882K, committed 40256K, reserved 1089536K
  class space    used 5047K, committed 5184K, reserved 1048576K
}
Event: 4148.964 GC heap after
{Heap after GC invocations=232 (full 149):
 garbage-first heap   total 96256K, used 29309K [0x00000000c1e00000, 0x0000000100000000)
  region size 1024K, 0 young (0K), 0 survivors (0K)
 Metaspace       used 39882K, committed 40256K, reserved 1089536K
  class space    used 5047K, committed 5184K, reserved 1048576K
}
Event: 4159.891 GC heap before
{Heap before GC invocations=232 (full 149):
 garbage-first heap   total 96256K, used 41597K [0x00000000c1e00000, 0x0000000100000000)
  region size 1024K, 13 young (13312K), 0 survivors (0K)
 Metaspace       used 39882K, committed 40256K, reserved 1089536K
  class space    used 5047K, committed 5184K, reserved 1048576K
}
Event: 4160.044 GC heap after
{Heap after GC invocations=233 (full 150):
 garbage-first heap   total 96256K, used 29309K [0x00000000c1e00000, 0x0000000100000000)
  region size 1024K, 0 young (0K), 0 survivors (0K)
 Metaspace       used 39882K, committed 40256K, reserved 1089536K
  class space    used 5047K, committed 5184K, reserved 1048576K
}
Event: 4170.948 GC heap before
{Heap before GC invocations=233 (full 150):
 garbage-first heap   total 96256K, used 41597K [0x00000000c1e00000, 0x0000000100000000)
  region size 1024K, 13 young (13312K), 0 survivors (0K)
 Metaspace       used 39882K, committed 40256K, reserved 1089536K
  class space    used 5047K, committed 5184K, reserved 1048576K
}
Event: 4171.099 GC heap after
{Heap after GC invocations=234 (full 151):
 garbage-first heap   total 96256K, used 29309K [0x00000000c1e00000, 0x0000000100000000)
  region size 1024K, 0 young (0K), 0 survivors (0K)
 Metaspace       used 39882K, committed 40256K, reserved 1089536K
  class space    used 5047K, committed 5184K, reserved 1048576K
}

Deoptimization events (20 events):
Event: 1649.232 Thread 0x000000c2429b57c0 DEOPT PACKING pc=0x000000c23945a9c5 sp=0x000000c2466fdee0
Event: 1649.232 Thread 0x000000c2429b57c0 DEOPT UNPACKING pc=0x000000c238972b43 sp=0x000000c2466fd400 mode 3
Event: 1652.247 Thread 0x000000c24267d480 DEOPT PACKING pc=0x000000c23943b236 sp=0x000000c2464fc920
Event: 1652.247 Thread 0x000000c24267d480 DEOPT UNPACKING pc=0x000000c238972b43 sp=0x000000c2464fbe40 mode 3
Event: 1656.066 Thread 0x000000c244d1fa20 DEOPT PACKING pc=0x000000c23952160f sp=0x000000c24f24d0b0
Event: 1656.066 Thread 0x000000c244d1fa20 DEOPT UNPACKING pc=0x000000c238972b43 sp=0x000000c24f24c5b8 mode 3
Event: 1887.522 Thread 0x000000c24267d480 DEOPT PACKING pc=0x000000c239281e14 sp=0x000000c2464fd4d0
Event: 1887.522 Thread 0x000000c24267d480 DEOPT UNPACKING pc=0x000000c238972b43 sp=0x000000c2464fca38 mode 0
Event: 1887.540 Thread 0x000000c24267d480 DEOPT PACKING pc=0x000000c23920b6a6 sp=0x000000c2464fcf10
Event: 1887.541 Thread 0x000000c24267d480 DEOPT UNPACKING pc=0x000000c238972b43 sp=0x000000c2464fc498 mode 0
Event: 1909.877 Thread 0x000000c244d1fa20 DEOPT PACKING pc=0x000000c2396dbf0a sp=0x000000c24f24df80
Event: 1909.877 Thread 0x000000c244d1fa20 DEOPT UNPACKING pc=0x000000c238972b43 sp=0x000000c24f24d420 mode 3
Event: 2471.945 Thread 0x000000c244d1fa20 DEOPT PACKING pc=0x000000c23978b267 sp=0x000000c24f24e0a0
Event: 2471.945 Thread 0x000000c244d1fa20 DEOPT UNPACKING pc=0x000000c238972b43 sp=0x000000c24f24dad8 mode 3
Event: 2947.118 Thread 0x000000c24267d480 DEOPT PACKING pc=0x000000c23977b16a sp=0x000000c2464fd450
Event: 2947.118 Thread 0x000000c24267d480 DEOPT UNPACKING pc=0x000000c238972b43 sp=0x000000c2464fc998 mode 3
Event: 3248.441 Thread 0x000000c2429b57c0 DEOPT PACKING pc=0x000000c239802e18 sp=0x000000c2466fe280
Event: 3248.481 Thread 0x000000c2429b57c0 DEOPT UNPACKING pc=0x000000c238972b43 sp=0x000000c2466fd770 mode 3
Event: 3659.480 Thread 0x000000c24267d480 DEOPT PACKING pc=0x000000c239518f54 sp=0x000000c2464fd370
Event: 3659.480 Thread 0x000000c24267d480 DEOPT UNPACKING pc=0x000000c238972b43 sp=0x000000c2464fc888 mode 0

Classes unloaded (20 events):
Event: 247.504 Thread 0x000000c235d6ec70 Unloading class 0x00000001003f4400 'java/lang/invoke/LambdaForm$MH+0x00000001003f4400'
Event: 247.504 Thread 0x000000c235d6ec70 Unloading class 0x00000001003f4000 'java/lang/invoke/LambdaForm$MH+0x00000001003f4000'
Event: 247.504 Thread 0x000000c235d6ec70 Unloading class 0x00000001002e1400 'java/lang/invoke/LambdaForm$MH+0x00000001002e1400'
Event: 1627.410 Thread 0x000000c235d6ec70 Unloading class 0x0000000100440800 'java/lang/invoke/LambdaForm$MH+0x0000000100440800'
Event: 1627.410 Thread 0x000000c235d6ec70 Unloading class 0x0000000100441c00 'java/lang/invoke/LambdaForm$MH+0x0000000100441c00'
Event: 1627.410 Thread 0x000000c235d6ec70 Unloading class 0x0000000100441800 'java/lang/invoke/LambdaForm$MH+0x0000000100441800'
Event: 1709.059 Thread 0x000000c235d6ec70 Unloading class 0x0000000100509400 'java/lang/invoke/LambdaForm$MH+0x0000000100509400'
Event: 1709.059 Thread 0x000000c235d6ec70 Unloading class 0x0000000100509000 'java/lang/invoke/LambdaForm$MH+0x0000000100509000'
Event: 1709.059 Thread 0x000000c235d6ec70 Unloading class 0x0000000100508c00 'java/lang/invoke/LambdaForm$MH+0x0000000100508c00'
Event: 1709.059 Thread 0x000000c235d6ec70 Unloading class 0x0000000100508800 'java/lang/invoke/LambdaForm$MH+0x0000000100508800'
Event: 1709.059 Thread 0x000000c235d6ec70 Unloading class 0x0000000100441c00 'java/lang/invoke/LambdaForm$MH+0x0000000100441c00'
Event: 1709.059 Thread 0x000000c235d6ec70 Unloading class 0x0000000100441800 'java/lang/invoke/LambdaForm$MH+0x0000000100441800'
Event: 1709.059 Thread 0x000000c235d6ec70 Unloading class 0x0000000100440800 'java/lang/invoke/LambdaForm$MH+0x0000000100440800'
Event: 2197.701 Thread 0x000000c235d6ec70 Unloading class 0x0000000100519000 'jdk/internal/reflect/GeneratedMethodAccessor20'
Event: 2197.701 Thread 0x000000c235d6ec70 Unloading class 0x0000000100518c00 'jdk/internal/reflect/GeneratedConstructorAccessor29'
Event: 2197.701 Thread 0x000000c235d6ec70 Unloading class 0x0000000100518800 'jdk/internal/reflect/GeneratedMethodAccessor19'
Event: 2197.701 Thread 0x000000c235d6ec70 Unloading class 0x0000000100518400 'jdk/internal/reflect/GeneratedConstructorAccessor28'
Event: 2197.701 Thread 0x000000c235d6ec70 Unloading class 0x0000000100518000 'jdk/internal/reflect/GeneratedMethodAccessor18'
Event: 2197.701 Thread 0x000000c235d6ec70 Unloading class 0x0000000100515c00 'jdk/internal/reflect/GeneratedMethodAccessor17'
Event: 2197.701 Thread 0x000000c235d6ec70 Unloading class 0x0000000100515800 'jdk/internal/reflect/GeneratedMethodAccessor16'

Classes redefined (0 events):
No events

Internal exceptions (20 events):
Event: 3808.524 Thread 0x000000c24267d480 Exception <a 'java/io/FileNotFoundException'{0x00000000c6a79e10}> (0x00000000c6a79e10) 
thrown [e:\jenkins\tmp\workspace\build\src\src\hotspot\share\prims\jni.cpp, line 516]
Event: 3808.530 Thread 0x000000c244d1fa20 Exception <a 'java/lang/ArrayIndexOutOfBoundsException'{0x00000000c68c4460}> (0x00000000c68c4460) 
thrown [e:\jenkins\tmp\workspace\build\src\src\hotspot\share\runtime\sharedRuntime.cpp, line 628]
Event: 3808.538 Thread 0x000000c244d1fa20 Exception <a 'java/lang/ArrayIndexOutOfBoundsException'{0x00000000c677ecb8}> (0x00000000c677ecb8) 
thrown [e:\jenkins\tmp\workspace\build\src\src\hotspot\share\runtime\sharedRuntime.cpp, line 628]
Event: 3808.538 Thread 0x000000c244d1fa20 Exception <a 'java/lang/ArrayIndexOutOfBoundsException'{0x00000000c677f280}> (0x00000000c677f280) 
thrown [e:\jenkins\tmp\workspace\build\src\src\hotspot\share\runtime\sharedRuntime.cpp, line 628]
Event: 3808.538 Thread 0x000000c244d1fa20 Exception <a 'java/lang/ArrayIndexOutOfBoundsException'{0x00000000c677f878}> (0x00000000c677f878) 
thrown [e:\jenkins\tmp\workspace\build\src\src\hotspot\share\runtime\sharedRuntime.cpp, line 628]
Event: 3809.732 Thread 0x000000c244d1fa20 Exception <a 'java/lang/ArrayIndexOutOfBoundsException'{0x00000000c649f990}> (0x00000000c649f990) 
thrown [e:\jenkins\tmp\workspace\build\src\src\hotspot\share\runtime\sharedRuntime.cpp, line 628]
Event: 3809.839 Thread 0x000000c244d1fa20 Exception <a 'java/lang/ArrayIndexOutOfBoundsException'{0x00000000c569fc70}> (0x00000000c569fc70) 
thrown [e:\jenkins\tmp\workspace\build\src\src\hotspot\share\runtime\sharedRuntime.cpp, line 628]
Event: 3809.845 Thread 0x000000c244d1fa20 Exception <a 'java/lang/ArrayIndexOutOfBoundsException'{0x00000000c56b3008}> (0x00000000c56b3008) 
thrown [e:\jenkins\tmp\workspace\build\src\src\hotspot\share\runtime\sharedRuntime.cpp, line 628]
Event: 3809.849 Thread 0x000000c244d1fa20 Exception <a 'java/lang/ArrayIndexOutOfBoundsException'{0x00000000c56c3b08}> (0x00000000c56c3b08) 
thrown [e:\jenkins\tmp\workspace\build\src\src\hotspot\share\runtime\sharedRuntime.cpp, line 628]
Event: 3809.854 Thread 0x000000c244d1fa20 Exception <a 'java/lang/ArrayIndexOutOfBoundsException'{0x00000000c5530668}> (0x00000000c5530668) 
thrown [e:\jenkins\tmp\workspace\build\src\src\hotspot\share\runtime\sharedRuntime.cpp, line 628]
Event: 3811.964 Thread 0x000000c24267d480 Exception <a 'java/lang/ArrayIndexOutOfBoundsException'{0x00000000c5321628}> (0x00000000c5321628) 
thrown [e:\jenkins\tmp\workspace\build\src\src\hotspot\share\runtime\sharedRuntime.cpp, line 628]
Event: 3814.080 Thread 0x000000c244d1fa20 Exception <a 'java/lang/ArrayIndexOutOfBoundsException'{0x00000000c5183048}> (0x00000000c5183048) 
thrown [e:\jenkins\tmp\workspace\build\src\src\hotspot\share\runtime\sharedRuntime.cpp, line 628]
Event: 3814.691 Thread 0x000000c244d1fa20 Exception <a 'java/lang/ArrayIndexOutOfBoundsException'{0x00000000c7383400}> (0x00000000c7383400) 
thrown [e:\jenkins\tmp\workspace\build\src\src\hotspot\share\runtime\sharedRuntime.cpp, line 628]
Event: 3814.695 Thread 0x000000c244d1fa20 Exception <a 'java/lang/ArrayIndexOutOfBoundsException'{0x00000000c7396798}> (0x00000000c7396798) 
thrown [e:\jenkins\tmp\workspace\build\src\src\hotspot\share\runtime\sharedRuntime.cpp, line 628]
Event: 3814.706 Thread 0x000000c244d1fa20 Exception <a 'java/lang/ArrayIndexOutOfBoundsException'{0x00000000c73a7ad8}> (0x00000000c73a7ad8) 
thrown [e:\jenkins\tmp\workspace\build\src\src\hotspot\share\runtime\sharedRuntime.cpp, line 628]
Event: 3814.822 Thread 0x000000c244d1fa20 Exception <a 'java/lang/ArrayIndexOutOfBoundsException'{0x00000000c7214748}> (0x00000000c7214748) 
thrown [e:\jenkins\tmp\workspace\build\src\src\hotspot\share\runtime\sharedRuntime.cpp, line 628]
Event: 3885.924 Thread 0x000000c2429be800 Exception <a 'java/lang/IllegalArgumentException'{0x00000000c641c3f8}: Could not map vmid to user name> (0x00000000c641c3f8) 
thrown [e:\jenkins\tmp\workspace\build\src\src\hotspot\os\windows\perfMemory_windows.cpp, line 1617]
Event: 3885.924 Thread 0x000000c2429be800 Exception <a 'java/io/FileNotFoundException'{0x00000000c641c830}> (0x00000000c641c830) 
thrown [e:\jenkins\tmp\workspace\build\src\src\hotspot\share\prims\jni.cpp, line 516]
Event: 3971.854 Thread 0x000000c2429be800 Exception <a 'java/lang/IllegalArgumentException'{0x00000000c76c4480}: Could not map vmid to user name> (0x00000000c76c4480) 
thrown [e:\jenkins\tmp\workspace\build\src\src\hotspot\os\windows\perfMemory_windows.cpp, line 1617]
Event: 3971.855 Thread 0x000000c2429be800 Exception <a 'java/io/FileNotFoundException'{0x00000000c76c48b8}> (0x00000000c76c48b8) 
thrown [e:\jenkins\tmp\workspace\build\src\src\hotspot\share\prims\jni.cpp, line 516]

VM Operations (20 events):
Event: 4067.874 Executing VM operation: G1CollectFull done
Event: 4079.571 Executing VM operation: G1CollectFull
Event: 4079.704 Executing VM operation: G1CollectFull done
Event: 4090.625 Executing VM operation: G1CollectFull
Event: 4090.735 Executing VM operation: G1CollectFull done
Event: 4101.804 Executing VM operation: G1CollectFull
Event: 4101.944 Executing VM operation: G1CollectFull done
Event: 4113.373 Executing VM operation: G1CollectFull
Event: 4113.515 Executing VM operation: G1CollectFull done
Event: 4126.373 Executing VM operation: G1CollectFull
Event: 4126.497 Executing VM operation: G1CollectFull done
Event: 4137.421 Executing VM operation: G1CollectFull
Event: 4137.566 Executing VM operation: G1CollectFull done
Event: 4148.845 Executing VM operation: G1CollectFull
Event: 4148.964 Executing VM operation: G1CollectFull done
Event: 4159.891 Executing VM operation: G1CollectFull
Event: 4160.045 Executing VM operation: G1CollectFull done
Event: 4170.947 Executing VM operation: G1CollectFull
Event: 4171.099 Executing VM operation: G1CollectFull done
Event: 4191.186 Executing VM operation: G1CollectFull

Events (20 events):
Event: 3272.639 loading class sun/util/cldr/CLDRTimeZoneNameProviderImpl$AVAILABLE_IDS
Event: 3272.639 loading class sun/util/cldr/CLDRTimeZoneNameProviderImpl$AVAILABLE_IDS done
Event: 3272.661 loading class java/util/stream/SortedOps
Event: 3272.662 loading class java/util/stream/SortedOps done
Event: 3272.662 loading class java/util/stream/SortedOps$OfRef
Event: 3272.662 loading class java/util/stream/SortedOps$OfRef done
Event: 3272.663 loading class java/util/Comparators$NaturalOrderComparator
Event: 3272.719 loading class java/util/Comparators$NaturalOrderComparator done
Event: 3272.832 loading class java/util/stream/SortedOps$SizedRefSortingSink
Event: 3272.832 loading class java/util/stream/SortedOps$AbstractRefSortingSink
Event: 3272.832 loading class java/util/stream/SortedOps$AbstractRefSortingSink done
Event: 3272.832 loading class java/util/stream/SortedOps$SizedRefSortingSink done
Event: 3272.870 loading class sun/util/resources/TimeZoneNames
Event: 3272.874 loading class sun/util/resources/TimeZoneNames done
Event: 3272.875 loading class sun/util/resources/TimeZoneNames_en
Event: 3272.875 loading class sun/util/resources/TimeZoneNames_en done
Event: 3460.170 Thread 0x000000c242b2c3e0 Thread added: 0x000000c242b2c3e0
Event: 3464.248 Thread 0x000000c242b2c3e0 Thread exited: 0x000000c242b2c3e0
Event: 3612.551 Thread 0x000000c242b2afa0 Thread added: 0x000000c242b2afa0
Event: 3620.516 Thread 0x000000c242b2afa0 Thread exited: 0x000000c242b2afa0


Dynamic libraries:
0x00007ff73de80000 - 0x00007ff73de8e000 	c:\Users\Sueli\.vscode\extensions\redhat.java-1.4.0\jre\17.0.2-win32-x86_64\bin\java.exe
0x00007ffcf5ae0000 - 0x00007ffcf5c8c000 	C:\Windows\SYSTEM32\ntdll.dll
0x00007ffcf3170000 - 0x00007ffcf32ae000 	C:\Windows\system32\KERNEL32.DLL
0x00007ffcf2ee0000 - 0x00007ffcf2ff5000 	C:\Windows\system32\KERNELBASE.dll
0x00007ffccb710000 - 0x00007ffccb728000 	c:\Users\Sueli\.vscode\extensions\redhat.java-1.4.0\jre\17.0.2-win32-x86_64\bin\jli.dll
0x00007ffccb6f0000 - 0x00007ffccb709000 	c:\Users\Sueli\.vscode\extensions\redhat.java-1.4.0\jre\17.0.2-win32-x86_64\bin\VCRUNTIME140.dll
0x00007ffccb6e0000 - 0x00007ffccb6e4000 	c:\Users\Sueli\.vscode\extensions\redhat.java-1.4.0\jre\17.0.2-win32-x86_64\bin\api-ms-win-crt-stdio-l1-1-0.dll
0x00007ffccb6d0000 - 0x00007ffccb6d4000 	c:\Users\Sueli\.vscode\extensions\redhat.java-1.4.0\jre\17.0.2-win32-x86_64\bin\api-ms-win-crt-runtime-l1-1-0.dll
0x00007ffccb6c0000 - 0x00007ffccb6c3000 	c:\Users\Sueli\.vscode\extensions\redhat.java-1.4.0\jre\17.0.2-win32-x86_64\bin\api-ms-win-crt-environment-l1-1-0.dll
0x00007ffcc9fe0000 - 0x00007ffcc9fe5000 	c:\Users\Sueli\.vscode\extensions\redhat.java-1.4.0\jre\17.0.2-win32-x86_64\bin\api-ms-win-crt-math-l1-1-0.dll
0x00007ffcc9fd0000 - 0x00007ffcc9fd3000 	c:\Users\Sueli\.vscode\extensions\redhat.java-1.4.0\jre\17.0.2-win32-x86_64\bin\api-ms-win-crt-locale-l1-1-0.dll
0x00007ffcc9fc0000 - 0x00007ffcc9fc3000 	c:\Users\Sueli\.vscode\extensions\redhat.java-1.4.0\jre\17.0.2-win32-x86_64\bin\api-ms-win-crt-heap-l1-1-0.dll
0x00007ffcf0410000 - 0x00007ffcf068b000 	C:\Windows\WinSxS\amd64_microsoft.windows.common-controls_6595b64144ccf1df_6.0.9600.17415_none_6240486fecbd8abb\COMCTL32.dll
0x00007ffcf4fa0000 - 0x00007ffcf5117000 	C:\Windows\system32\USER32.dll
0x00007ffcc9fb0000 - 0x00007ffcc9fb3000 	c:\Users\Sueli\.vscode\extensions\redhat.java-1.4.0\jre\17.0.2-win32-x86_64\bin\api-ms-win-crt-filesystem-l1-1-0.dll
0x00007ffcc9fa0000 - 0x00007ffcc9fa4000 	c:\Users\Sueli\.vscode\extensions\redhat.java-1.4.0\jre\17.0.2-win32-x86_64\bin\api-ms-win-crt-string-l1-1-0.dll
0x00007ffcc9f90000 - 0x00007ffcc9f94000 	c:\Users\Sueli\.vscode\extensions\redhat.java-1.4.0\jre\17.0.2-win32-x86_64\bin\api-ms-win-crt-convert-l1-1-0.dll
0x00007ffcf5450000 - 0x00007ffcf54fa000 	C:\Windows\system32\msvcrt.dll
0x00007ffcf3650000 - 0x00007ffcf37a1000 	C:\Windows\system32\GDI32.dll
0x00007ffcc9e90000 - 0x00007ffcc9f8a000 	c:\Users\Sueli\.vscode\extensions\redhat.java-1.4.0\jre\17.0.2-win32-x86_64\bin\ucrtbase.DLL
0x00007ffcf4f60000 - 0x00007ffcf4f96000 	C:\Windows\system32\IMM32.DLL
0x00007ffcf5120000 - 0x00007ffcf5273000 	C:\Windows\system32\MSCTF.dll
0x00007ffcc9e80000 - 0x00007ffcc9e8c000 	c:\Users\Sueli\.vscode\extensions\redhat.java-1.4.0\jre\17.0.2-win32-x86_64\bin\vcruntime140_1.dll
0x00007ffcc9de0000 - 0x00007ffcc9e71000 	c:\Users\Sueli\.vscode\extensions\redhat.java-1.4.0\jre\17.0.2-win32-x86_64\bin\msvcp140.dll
0x00007ffcc9dd0000 - 0x00007ffcc9dd3000 	c:\Users\Sueli\.vscode\extensions\redhat.java-1.4.0\jre\17.0.2-win32-x86_64\bin\api-ms-win-crt-time-l1-1-0.dll
0x00007ffcc9dc0000 - 0x00007ffcc9dc3000 	c:\Users\Sueli\.vscode\extensions\redhat.java-1.4.0\jre\17.0.2-win32-x86_64\bin\api-ms-win-crt-utility-l1-1-0.dll
0x00007ffcc9140000 - 0x00007ffcc9d87000 	c:\Users\Sueli\.vscode\extensions\redhat.java-1.4.0\jre\17.0.2-win32-x86_64\bin\server\jvm.dll
0x00007ffcf5500000 - 0x00007ffcf55aa000 	C:\Windows\system32\ADVAPI32.dll
0x00007ffce5d20000 - 0x00007ffce5d29000 	C:\Windows\SYSTEM32\WSOCK32.dll
0x00007ffceb620000 - 0x00007ffceb642000 	C:\Windows\SYSTEM32\WINMM.dll
0x00007ffceb760000 - 0x00007ffceb76a000 	C:\Windows\SYSTEM32\VERSION.dll
0x00007ffcf3160000 - 0x00007ffcf3167000 	C:\Windows\system32\PSAPI.DLL
0x00007ffcf32b0000 - 0x00007ffcf3309000 	C:\Windows\SYSTEM32\sechost.dll
0x00007ffcf5300000 - 0x00007ffcf5441000 	C:\Windows\system32\RPCRT4.dll
0x00007ffcf3310000 - 0x00007ffcf336a000 	C:\Windows\system32\WS2_32.dll
0x00007ffce9d40000 - 0x00007ffce9d6a000 	C:\Windows\SYSTEM32\WINMMBASE.dll
0x00007ffcf58f0000 - 0x00007ffcf58f9000 	C:\Windows\system32\NSI.dll
0x00007ffcf3000000 - 0x00007ffcf304f000 	C:\Windows\SYSTEM32\cfgmgr32.dll
0x00007ffcf1a50000 - 0x00007ffcf1a78000 	C:\Windows\SYSTEM32\DEVOBJ.dll
0x00007ffcc9000000 - 0x00007ffcc900a000 	c:\Users\Sueli\.vscode\extensions\redhat.java-1.4.0\jre\17.0.2-win32-x86_64\bin\jimage.dll
0x00007ffcea0f0000 - 0x00007ffcea27a000 	C:\Windows\SYSTEM32\DBGHELP.DLL
0x00007ffcc8fd0000 - 0x00007ffcc8ff5000 	c:\Users\Sueli\.vscode\extensions\redhat.java-1.4.0\jre\17.0.2-win32-x86_64\bin\java.dll
0x00007ffcc8fb0000 - 0x00007ffcc8fc8000 	c:\Users\Sueli\.vscode\extensions\redhat.java-1.4.0\jre\17.0.2-win32-x86_64\bin\zip.dll
0x00007ffcf3970000 - 0x00007ffcf4e89000 	C:\Windows\system32\SHELL32.dll
0x00007ffcf56d0000 - 0x00007ffcf58e1000 	C:\Windows\SYSTEM32\combase.dll
0x00007ffcf5670000 - 0x00007ffcf56c4000 	C:\Windows\system32\SHLWAPI.dll
0x00007ffcf1200000 - 0x00007ffcf12b2000 	C:\Windows\SYSTEM32\SHCORE.dll
0x00007ffcf2c30000 - 0x00007ffcf2c45000 	C:\Windows\SYSTEM32\profapi.dll
0x00007ffcde2f0000 - 0x00007ffcde309000 	C:\Users\Sueli\.vscode\extensions\redhat.java-1.4.0\jre\17.0.2-win32-x86_64\bin\net.dll
0x00007ffceb510000 - 0x00007ffceb5d9000 	C:\Windows\SYSTEM32\WINHTTP.dll
0x00007ffcf2440000 - 0x00007ffcf2499000 	C:\Windows\system32\mswsock.dll
0x00007ffcd0410000 - 0x00007ffcd0425000 	C:\Users\Sueli\.vscode\extensions\redhat.java-1.4.0\jre\17.0.2-win32-x86_64\bin\nio.dll
0x00007ffccb440000 - 0x00007ffccb450000 	c:\Users\Sueli\.vscode\extensions\redhat.java-1.4.0\jre\17.0.2-win32-x86_64\bin\verify.dll
0x00007ffccb620000 - 0x00007ffccb629000 	C:\Users\Sueli\.vscode\extensions\redhat.java-1.4.0\jre\17.0.2-win32-x86_64\bin\management.dll
0x00007ffccb610000 - 0x00007ffccb61b000 	C:\Users\Sueli\.vscode\extensions\redhat.java-1.4.0\jre\17.0.2-win32-x86_64\bin\management_ext.dll
0x00007ffce7ee0000 - 0x00007ffce7ef5000 	C:\Windows\system32\napinsp.dll
0x00007ffce7ec0000 - 0x00007ffce7eda000 	C:\Windows\system32\pnrpnsp.dll
0x00007ffcf03f0000 - 0x00007ffcf040b000 	C:\Windows\system32\NLAapi.dll
0x00007ffcf2240000 - 0x00007ffcf22e4000 	C:\Windows\SYSTEM32\DNSAPI.dll
0x00007ffce7b60000 - 0x00007ffce7b6d000 	C:\Windows\System32\winrnr.dll
0x00007ffce7b40000 - 0x00007ffce7b54000 	C:\Windows\system32\wshbth.dll
0x00007ffce55d0000 - 0x00007ffce55da000 	C:\Windows\System32\rasadhlp.dll
0x00007ffced140000 - 0x00007ffced16a000 	C:\Windows\SYSTEM32\IPHLPAPI.DLL
0x00007ffcece60000 - 0x00007ffcece6a000 	C:\Windows\SYSTEM32\WINNSI.DLL
0x00007ffcecaa0000 - 0x00007ffcecb0b000 	C:\Windows\System32\fwpuclnt.dll
0x00007ffcf24a0000 - 0x00007ffcf24c0000 	C:\Windows\SYSTEM32\CRYPTSP.dll
0x00007ffcf20c0000 - 0x00007ffcf20f6000 	C:\Windows\system32\rsaenh.dll
0x00007ffcf26f0000 - 0x00007ffcf2716000 	C:\Windows\SYSTEM32\bcrypt.dll
0x00007ffcf21d0000 - 0x00007ffcf21f1000 	C:\Windows\SYSTEM32\USERENV.dll
0x00007ffcf2a30000 - 0x00007ffcf2a93000 	C:\Windows\system32\bcryptprimitives.dll
0x00007ffcf2ba0000 - 0x00007ffcf2bab000 	C:\Windows\SYSTEM32\CRYPTBASE.dll
0x00007ffcec890000 - 0x00007ffcec8a6000 	C:\Windows\SYSTEM32\dhcpcsvc6.DLL
0x00007ffceca80000 - 0x00007ffceca9a000 	C:\Windows\SYSTEM32\dhcpcsvc.DLL
0x00007ffccb600000 - 0x00007ffccb609000 	C:\Users\Sueli\.vscode\extensions\redhat.java-1.4.0\jre\17.0.2-win32-x86_64\bin\attach.dll

dbghelp: loaded successfully - version: 4.0.5 - missing functions: none
symbol engine: initialized successfully - sym options: 0x614 - pdb path: .;c:\Users\Sueli\.vscode\extensions\redhat.java-1.4.0\jre\17.0.2-win32-x86_64\bin;C:\Windows\SYSTEM32;C:\Windows\WinSxS\amd64_microsoft.windows.common-controls_6595b64144ccf1df_6.0.9600.17415_none_6240486fecbd8abb;c:\Users\Sueli\.vscode\extensions\redhat.java-1.4.0\jre\17.0.2-win32-x86_64\bin\server

VM Arguments:
jvm_args: -Dsts.lsp.client=vscode -Dsts.log.file=/dev/null -XX:TieredStopAtLevel=1 -Dspring.config.location=file:c:\Users\Sueli\.vscode\extensions\pivotal.vscode-spring-boot-1.32.0\language-server\BOOT-INF\classes\application.properties 
java_command: org.springframework.ide.vscode.boot.app.BootLanguageServerBootApp
java_class_path (initial): c:\Users\Sueli\.vscode\extensions\pivotal.vscode-spring-boot-1.32.0\language-server\BOOT-INF\classes;c:\Users\Sueli\.vscode\extensions\pivotal.vscode-spring-boot-1.32.0\language-server\BOOT-INF\lib\antlr4-runtime-4.5.3.jar;c:\Users\Sueli\.vscode\extensions\pivotal.vscode-spring-boot-1.32.0\language-server\BOOT-INF\lib\byte-buddy-1.10.18.jar;c:\Users\Sueli\.vscode\extensions\pivotal.vscode-spring-boot-1.32.0\language-server\BOOT-INF\lib\commons-codec-1.14.jar;c:\Users\Sueli\.vscode\extensions\pivotal.vscode-spring-boot-1.32.0\language-server\BOOT-INF\lib\commons-io-2.4.jar;c:\Users\Sueli\.vscode\extensions\pivotal.vscode-spring-boot-1.32.0\language-server\BOOT-INF\lib\commons-java-1.32.0-SNAPSHOT.jar;c:\Users\Sueli\.vscode\extensions\pivotal.vscode-spring-boot-1.32.0\language-server\BOOT-INF\lib\commons-lang3-3.10.jar;c:\Users\Sueli\.vscode\extensions\pivotal.vscode-spring-boot-1.32.0\language-server\BOOT-INF\lib\commons-language-server-1.32.0-SNAPSHOT.jar;c:\Users\Sueli\.vscode\extensions\pivotal.vscode-spring-boot-1.32.0\language-server\BOOT-INF\lib\commons-lsp-extensions-1.32.0-SNAPSHOT.jar;c:\Users\Sueli\.vscode\extensions\pivotal.vscode-spring-boot-1.32.0\language-server\BOOT-INF\lib\commons-util-1.32.0-SNAPSHOT.jar;c:\Users\Sueli\.vscode\extensions\pivotal.vscode-spring-boot-1.32.0\language-server\BOOT-INF\lib\commons-yaml-1.32.0-SNAPSHOT.jar;c:\Users\Sueli\.vscode\extensions\pivotal.vscode-spring-boot-1.32.0\language-server\BOOT-INF\lib\gson-2.8.6.jar;c:\Users\Sueli\.vscode\extensions\pivotal.vscode-spring-boot-1.32.0\language-server\BOOT-INF\lib\guava-19.0.jar;c:\Users\Sueli\.vscode\extensions\pivotal.vscode-spring-boot-1.32.0\language-server\BOOT-INF\lib\jakarta.annotation-api-1.3.5.jar;c:\Users\Sueli\.vscode\extensions\pivotal.vscode-spring-boot-1.32.0\language-server\BOOT-INF\lib\jandex-2.0.5.Final.jar;c:\Users\Sueli\.vscode\extensions\pivotal.vscode-spring-boot-1.32.0\language-server\BOOT-INF\lib\java-properties-1.32.0-SNAPSHO
Launcher Type: SUN_STANDARD

[Global flags]
     intx CICompilerCount                          = 3                                         {product} {ergonomic}
     uint ConcGCThreads                            = 1                                         {product} {ergonomic}
     uint G1ConcRefinementThreads                  = 4                                         {product} {ergonomic}
   size_t G1HeapRegionSize                         = 1048576                                   {product} {ergonomic}
    uintx GCDrainStackTargetSize                   = 64                                        {product} {ergonomic}
   size_t InitialHeapSize                          = 67108864                                  {product} {ergonomic}
   size_t MarkStackSize                            = 4194304                                   {product} {ergonomic}
   size_t MaxHeapSize                              = 1042284544                                {product} {ergonomic}
   size_t MaxNewSize                               = 624951296                                 {product} {ergonomic}
   size_t MinHeapDeltaBytes                        = 1048576                                   {product} {ergonomic}
   size_t MinHeapSize                              = 8388608                                   {product} {ergonomic}
    uintx NonProfiledCodeHeapSize                  = 0                                      {pd product} {ergonomic}
     bool ProfileInterpreter                       = false                                  {pd product} {command line}
    uintx ProfiledCodeHeapSize                     = 0                                      {pd product} {ergonomic}
   size_t SoftMaxHeapSize                          = 1042284544                             {manageable} {ergonomic}
     intx TieredStopAtLevel                        = 1                                         {product} {command line}
     bool UseCompressedClassPointers               = true                           {product lp64_product} {ergonomic}
     bool UseCompressedOops                        = true                           {product lp64_product} {ergonomic}
     bool UseG1GC                                  = true                                      {product} {ergonomic}
     bool UseLargePagesIndividualAllocation        = false                                  {pd product} {ergonomic}

Logging:
Log output configuration:
 #0: stdout all=warning uptime,level,tags
 #1: stderr all=off uptime,level,tags

Environment Variables:
JAVA_HOME=C:\Users\Sueli\AppData\Local\Programs\Eclipse Adoptium\jdk-11.0.13.8-hotspot
PATH=C:\Windows\system32;C:\Windows;C:\Windows\System32\Wbem;C:\Windows\System32\WindowsPowerShell\v1.0\;C:\Program Files (x86)\GtkSharp\2.12\bin;C:\Program Files\apache-maven-3.8.4\bin;%JAVA_HOME%\bin;C:\Program Files\Git\cmd;C:\Users\Sueli\AppData\Local\Programs\Eclipse Adoptium\jdk-11.0.13.8-hotspot\bin;C:\Program Files\mongosh\;C:\Users\Sueli\AppData\Local\Programs\Microsoft VS Code\bin
USERNAME=Sueli
OS=Windows_NT
PROCESSOR_IDENTIFIER=Intel64 Family 6 Model 78 Stepping 3, GenuineIntel



---------------  S Y S T E M  ---------------

OS:
 Windows 8.1 , 64 bit Build 9600 (6.3.9600.17415)
OS uptime: 0 days 2:52 hours

CPU: total 4 (initial active 4) (2 cores per cpu, 2 threads per core) family 6 model 78 stepping 3 microcode 0xcc, cx8, cmov, fxsr, ht, mmx, 3dnowpref, sse, sse2, sse3, ssse3, sse4.1, sse4.2, popcnt, lzcnt, tsc, tscinvbit, avx, avx2, aes, erms, clmul, bmi1, bmi2, adx, fma, vzeroupper, clflush, clflushopt

Memory: 4k page, system-wide physical 3971M (627M free)
TotalPageFile size 8971M (AvailPageFile size 4M)
current process WorkingSet (physical memory assigned to process): 104M, peak: 193M
current process commit charge ("private bytes"): 225M, peak: 247M

vm_info: OpenJDK 64-Bit Server VM (17.0.2+8) for windows-amd64 JRE (17.0.2+8), built on Jan 20 2022 04:52:34 by "" with MS VC++ 16.7 (VS2019)

END.
