#
# There is insufficient memory for the Java Runtime Environment to continue.
# Native memory allocation (mmap) failed to map 65536 bytes for Failed to commit metaspace.
# Possible reasons:
#   The system is out of physical RAM or swap space
#   The process is running with CompressedOops enabled, and the Java Heap may be blocking the growth of the native heap
# Possible solutions:
#   Reduce memory load on the system
#   Increase physical memory or swap space
#   Check if swap backing store is full
#   Decrease Java heap size (-Xmx/-Xms)
#   Decrease number of Java threads
#   Decrease Java thread stack sizes (-Xss)
#   Set larger code cache with -XX:ReservedCodeCacheSize=
#   JVM is running with Unscaled Compressed Oops mode in which the Java heap is
#     placed in the first 4GB address space. The Java Heap base address is the
#     maximum limit for the native heap growth. Please use -XX:HeapBaseMinAddress
#     to set the Java Heap base and to place the Java Heap above 4GB virtual address.
# This output file may be truncated or incomplete.
#
#  Out of Memory Error (virtualSpaceNode.cpp:110), pid=3356, tid=6152
#
# JRE version: OpenJDK Runtime Environment Temurin-17.0.2+8 (17.0.2+8) (build 17.0.2+8)
# Java VM: OpenJDK 64-Bit Server VM Temurin-17.0.2+8 (17.0.2+8, mixed mode, emulated-client, tiered, compressed oops, compressed class ptrs, g1 gc, windows-amd64)
# No core dump will be written. Minidumps are not enabled by default on client versions of Windows
#

---------------  S U M M A R Y ------------

Command Line: -Dsts.lsp.client=vscode -Dsts.log.file=/dev/null -XX:TieredStopAtLevel=1 -Dspring.config.location=file:c:\Users\Sueli\.vscode\extensions\pivotal.vscode-spring-boot-1.32.0\language-server\BOOT-INF\classes\application.properties org.springframework.ide.vscode.boot.app.BootLanguageServerBootApp

Host: Intel(R) Core(TM) i3-6006U CPU @ 2.00GHz, 4 cores, 3G,  Windows 8.1 , 64 bit Build 9600 (6.3.9600.17415)
Time: Sat Apr  9 11:21:31 2022 Hora oficial do Brasil elapsed time: 64.089143 seconds (0d 0h 1m 4s)

---------------  T H R E A D  ---------------

Current thread (0x000000a111b64120):  JavaThread "Attach Listener" daemon [_thread_in_vm, id=6152, stack(0x000000a112ad0000,0x000000a112bd0000)]

Stack: [0x000000a112ad0000,0x000000a112bd0000]
Native frames: (J=compiled Java code, j=interpreted, Vv=VM code, C=native code)
V  [jvm.dll+0x67564a]
V  [jvm.dll+0x82fc04]
V  [jvm.dll+0x8313ae]
V  [jvm.dll+0x831a13]
V  [jvm.dll+0x245235]
V  [jvm.dll+0x82bbab]
V  [jvm.dll+0x61a336]
V  [jvm.dll+0x61a39a]
V  [jvm.dll+0x61cbba]
V  [jvm.dll+0x61acd6]
V  [jvm.dll+0x23979f]
V  [jvm.dll+0x6249f5]
V  [jvm.dll+0x1e9eab]
V  [jvm.dll+0x1ea3e5]
V  [jvm.dll+0x1eae1f]
V  [jvm.dll+0x1e02c1]
V  [jvm.dll+0x53b6e0]
V  [jvm.dll+0x1f0ab7]
V  [jvm.dll+0x7aa1bb]
V  [jvm.dll+0x7ab562]
V  [jvm.dll+0x413565]
C  [java.dll+0x1a55]

Java frames: (J=compiled Java code, j=interpreted, Vv=VM code)
J 519  java.lang.ClassLoader.findBootstrapClass(Ljava/lang/String;)Ljava/lang/Class; java.base@17.0.2 (0 bytes) @ 0x000000a10a11c072 [0x000000a10a11c020+0x0000000000000052]
J 517 c1 java.lang.System$2.findBootstrapClassOrNull(Ljava/lang/String;)Ljava/lang/Class; java.base@17.0.2 (5 bytes) @ 0x000000a10a11c8a4 [0x000000a10a11c840+0x0000000000000064]
j  jdk.internal.loader.BootLoader.loadClassOrNull(Ljava/lang/String;)Ljava/lang/Class;+4 java.base@17.0.2
j  jdk.internal.loader.BootLoader.loadClass(Ljava/lang/Module;Ljava/lang/String;)Ljava/lang/Class;+1 java.base@17.0.2
j  java.lang.Class.forName(Ljava/lang/Module;Ljava/lang/String;)Ljava/lang/Class;+87 java.base@17.0.2
j  sun.util.resources.Bundles.findBundleOf(Lsun/util/resources/Bundles$CacheKey;Lsun/util/resources/Bundles$Strategy;Ljava/lang/String;Ljava/util/List;I)Ljava/util/ResourceBundle;+205 java.base@17.0.2
j  sun.util.resources.Bundles.findBundleOf(Lsun/util/resources/Bundles$CacheKey;Lsun/util/resources/Bundles$Strategy;Ljava/lang/String;Ljava/util/List;I)Ljava/util/ResourceBundle;+37 java.base@17.0.2
j  sun.util.resources.Bundles.findBundleOf(Lsun/util/resources/Bundles$CacheKey;Lsun/util/resources/Bundles$Strategy;Ljava/lang/String;Ljava/util/List;I)Ljava/util/ResourceBundle;+37 java.base@17.0.2
j  sun.util.resources.Bundles.loadBundleOf(Ljava/lang/String;Ljava/util/Locale;Lsun/util/resources/Bundles$Strategy;)Ljava/util/ResourceBundle;+112 java.base@17.0.2
j  sun.util.resources.Bundles.of(Ljava/lang/String;Ljava/util/Locale;Lsun/util/resources/Bundles$Strategy;)Ljava/util/ResourceBundle;+3 java.base@17.0.2
j  sun.util.resources.LocaleData$1.run()Ljava/util/ResourceBundle;+11 java.base@17.0.2
j  sun.util.resources.LocaleData$1.run()Ljava/lang/Object;+1 java.base@17.0.2
J 1318 c1 java.security.AccessController.doPrivileged(Ljava/security/PrivilegedAction;)Ljava/lang/Object; java.base@17.0.2 (9 bytes) @ 0x000000a10a23f67c [0x000000a10a23f640+0x000000000000003c]
j  sun.util.resources.LocaleData.getBundle(Ljava/lang/String;Ljava/util/Locale;)Ljava/util/ResourceBundle;+9 java.base@17.0.2
j  sun.util.resources.LocaleData.getTimeZoneNames(Ljava/util/Locale;)Lsun/util/resources/TimeZoneNamesBundle;+26 java.base@17.0.2
j  sun.util.locale.provider.LocaleResources.getTimeZoneNames(Ljava/lang/String;)Ljava/lang/Object;+70 java.base@17.0.2
j  sun.util.locale.provider.TimeZoneNameProviderImpl.getDisplayNameArray(Ljava/lang/String;Ljava/util/Locale;)[Ljava/lang/String;+22 java.base@17.0.2
j  sun.util.cldr.CLDRTimeZoneNameProviderImpl.getDisplayNameArray(Ljava/lang/String;Ljava/util/Locale;)[Ljava/lang/String;+3 java.base@17.0.2
j  sun.util.locale.provider.TimeZoneNameProviderImpl.getDisplayName(Ljava/lang/String;ZILjava/util/Locale;)Ljava/lang/String;+4 java.base@17.0.2
j  sun.util.locale.provider.TimeZoneNameUtility$TimeZoneNameGetter.getName(Ljava/util/spi/TimeZoneNameProvider;Ljava/util/Locale;Ljava/lang/String;ILjava/lang/String;)Ljava/lang/String;+126 java.base@17.0.2
j  sun.util.locale.provider.TimeZoneNameUtility$TimeZoneNameGetter.getObject(Ljava/util/spi/TimeZoneNameProvider;Ljava/util/Locale;Ljava/lang/String;[Ljava/lang/Object;)Ljava/lang/String;+49 java.base@17.0.2
j  sun.util.locale.provider.TimeZoneNameUtility$TimeZoneNameGetter.getObject(Ljava/util/spi/LocaleServiceProvider;Ljava/util/Locale;Ljava/lang/String;[Ljava/lang/Object;)Ljava/lang/Object;+9 java.base@17.0.2
j  sun.util.locale.provider.LocaleServiceProviderPool.getLocalizedObjectImpl(Lsun/util/locale/provider/LocaleServiceProviderPool$LocalizedObjectGetter;Ljava/util/Locale;ZLjava/lang/String;[Ljava/lang/Object;)Ljava/lang/Object;+93 java.base@17.0.2
j  sun.util.locale.provider.LocaleServiceProviderPool.getLocalizedObject(Lsun/util/locale/provider/LocaleServiceProviderPool$LocalizedObjectGetter;Ljava/util/Locale;Ljava/lang/String;[Ljava/lang/Object;)Ljava/lang/Object;+7 java.base@17.0.2
j  sun.util.locale.provider.TimeZoneNameUtility.retrieveDisplayNamesImpl(Ljava/lang/String;Ljava/util/Locale;)[Ljava/lang/String;+140 java.base@17.0.2
j  sun.util.locale.provider.TimeZoneNameUtility.retrieveDisplayName(Ljava/lang/String;ZILjava/util/Locale;)Ljava/lang/String;+2 java.base@17.0.2
j  java.util.TimeZone.getDisplayName(ZILjava/util/Locale;)Ljava/lang/String;+47 java.base@17.0.2
j  java.util.Date.toString()Ljava/lang/String;+150 java.base@17.0.2
j  java.util.Properties.store0(Ljava/io/BufferedWriter;Ljava/lang/String;Z)V+29 java.base@17.0.2
j  java.util.Properties.store(Ljava/io/OutputStream;Ljava/lang/String;)V+21 java.base@17.0.2
j  jdk.internal.vm.VMSupport.serializePropertiesToByteArray(Ljava/util/Properties;)[B+77 java.base@17.0.2
j  jdk.internal.vm.VMSupport.serializePropertiesToByteArray()[B+3 java.base@17.0.2
v  ~StubRoutines::call_stub

---------------  P R O C E S S  ---------------

Threads class SMR info:
_java_thread_list=0x000000a115dfb550, length=22, elements={
0x000000a111b270b0, 0x000000a111b28e40, 0x000000a111b633a0, 0x000000a111b64120,
0x000000a111b68c70, 0x000000a111b69950, 0x000000a111b77f70, 0x000000a111b78c90,
0x000000a1130ee010, 0x000000a1130f4ac0, 0x000000a115cdcc60, 0x000000a115da5460,
0x000000a1071e1890, 0x000000a113b51fc0, 0x000000a113b4a030, 0x000000a1130b91c0,
0x000000a11335a880, 0x000000a115e2e000, 0x000000a115f7d460, 0x000000a115f7d930,
0x000000a115eef750, 0x000000a115eefc20
}

Java Threads: ( => current thread )
  0x000000a111b270b0 JavaThread "Reference Handler" daemon [_thread_blocked, id=7892, stack(0x000000a112500000,0x000000a112600000)]
  0x000000a111b28e40 JavaThread "Finalizer" daemon [_thread_blocked, id=7336, stack(0x000000a112600000,0x000000a112700000)]
  0x000000a111b633a0 JavaThread "Signal Dispatcher" daemon [_thread_blocked, id=5568, stack(0x000000a1129d0000,0x000000a112ad0000)]
=>0x000000a111b64120 JavaThread "Attach Listener" daemon [_thread_in_vm, id=6152, stack(0x000000a112ad0000,0x000000a112bd0000)]
  0x000000a111b68c70 JavaThread "Service Thread" daemon [_thread_blocked, id=8092, stack(0x000000a112bd0000,0x000000a112cd0000)]
  0x000000a111b69950 JavaThread "Monitor Deflation Thread" daemon [_thread_blocked, id=8084, stack(0x000000a112cd0000,0x000000a112dd0000)]
  0x000000a111b77f70 JavaThread "C1 CompilerThread0" daemon [_thread_blocked, id=3540, stack(0x000000a112dd0000,0x000000a112ed0000)]
  0x000000a111b78c90 JavaThread "Sweeper thread" daemon [_thread_blocked, id=5064, stack(0x000000a112ed0000,0x000000a112fd0000)]
  0x000000a1130ee010 JavaThread "Notification Thread" daemon [_thread_blocked, id=2412, stack(0x000000a1135d0000,0x000000a1136d0000)]
  0x000000a1130f4ac0 JavaThread "Common-Cleaner" daemon [_thread_blocked, id=5008, stack(0x000000a1137d0000,0x000000a1138d0000)]
  0x000000a115cdcc60 JavaThread "pool-5-thread-1" [_thread_blocked, id=8560, stack(0x000000a1133d0000,0x000000a1134d0000)]
  0x000000a115da5460 JavaThread "LanguageServerApp-lifecycle" [_thread_blocked, id=8568, stack(0x000000a1134d0000,0x000000a1135d0000)]
  0x000000a1071e1890 JavaThread "DestroyJavaVM" [_thread_blocked, id=6524, stack(0x000000a106890000,0x000000a106990000)]
  0x000000a113b51fc0 JavaThread "pool-6-thread-1" [_thread_in_native, id=8592, stack(0x000000a116dd0000,0x000000a116ed0000)]
  0x000000a113b4a030 JavaThread "Simple-Language-Server main thread" daemon [_thread_blocked, id=8756, stack(0x000000a116bd0000,0x000000a116cd0000)]
  0x000000a1130b91c0 JavaThread "pool-7-thread-1" [_thread_blocked, id=8760, stack(0x000000a117800000,0x000000a117900000)]
  0x000000a11335a880 JavaThread "parallel-1" daemon [_thread_blocked, id=8772, stack(0x000000a117a00000,0x000000a117b00000)]
  0x000000a115e2e000 JavaThread "ForkJoinPool.commonPool-worker-1" daemon [_thread_in_native, id=8776, stack(0x000000a117b00000,0x000000a117c00000)]
  0x000000a115f7d460 JavaThread "ForkJoinPool.commonPool-worker-2" daemon [_thread_in_native, id=8780, stack(0x000000a117c00000,0x000000a117d00000)]
  0x000000a115f7d930 JavaThread "ForkJoinPool.commonPool-worker-3" daemon [_thread_in_native, id=8784, stack(0x000000a117d00000,0x000000a117e00000)]
  0x000000a115eef750 JavaThread "pool-4-thread-1" [_thread_blocked, id=8836, stack(0x000000a117e00000,0x000000a117f00000)]
  0x000000a115eefc20 JavaThread "Reconciler-1" [_thread_blocked, id=8840, stack(0x000000a117f00000,0x000000a118000000)]

Other Threads:
  0x000000a111b244f0 VMThread "VM Thread" [stack: 0x000000a112400000,0x000000a112500000] [id=7296]
  0x000000a10721fad0 WatcherThread [stack: 0x000000a1136d0000,0x000000a1137d0000] [id=4248]
  0x000000a10720dd30 GCTaskThread "GC Thread#0" [stack: 0x000000a106fe0000,0x000000a1070e0000] [id=7452]
  0x000000a113c753c0 GCTaskThread "GC Thread#1" [stack: 0x000000a1144a0000,0x000000a1145a0000] [id=1540]
  0x000000a113c75cc0 GCTaskThread "GC Thread#2" [stack: 0x000000a1145a0000,0x000000a1146a0000] [id=4896]
  0x000000a113ca5640 GCTaskThread "GC Thread#3" [stack: 0x000000a1146a0000,0x000000a1147a0000] [id=1596]
  0x000000a1072167c0 ConcurrentGCThread "G1 Main Marker" [stack: 0x000000a10f160000,0x000000a10f260000] [id=6952]
  0x000000a107218cb0 ConcurrentGCThread "G1 Conc#0" [stack: 0x000000a10f260000,0x000000a10f360000] [id=5584]
  0x000000a10726c0d0 ConcurrentGCThread "G1 Refine#0" [stack: 0x000000a1117b0000,0x000000a1118b0000] [id=3404]
  0x000000a10726da10 ConcurrentGCThread "G1 Service" [stack: 0x000000a1118b0000,0x000000a1119b0000] [id=7980]

Threads with active compile tasks:

VM state: not at safepoint (normal execution)

VM Mutex/Monitor currently owned by a thread:  ([mutex/lock_event])
[0x000000a10504f280] Metaspace_lock - owner thread: 0x000000a111b64120

Heap address: 0x00000000c1e00000, size: 994 MB, Compressed Oops mode: 32-bit

CDS archive(s) not mapped
Compressed class space mapped at: 0x0000000100000000-0x0000000140000000, reserved size: 1073741824
Narrow klass base: 0x0000000000000000, Narrow klass shift: 3, Narrow klass range: 0x140000000

GC Precious Log:
 CPUs: 4 total, 4 available
 Memory: 3971M
 Large Page Support: Disabled
 NUMA Support: Disabled
 Compressed Oops: Enabled (32-bit)
 Heap Region Size: 1M
 Heap Min Capacity: 8M
 Heap Initial Capacity: 64M
 Heap Max Capacity: 994M
 Pre-touch: Disabled
 Parallel Workers: 4
 Concurrent Workers: 1
 Concurrent Refinement Workers: 4
 Periodic GC: Disabled

Heap:
 garbage-first heap   total 40960K, used 20856K [0x00000000c1e00000, 0x0000000100000000)
  region size 1024K, 9 young (9216K), 1 survivors (1024K)
 Metaspace       used 29280K, committed 29568K, reserved 1081344K
  class space    used 3951K, committed 4096K, reserved 1048576K

Heap Regions: E=young(eden), S=young(survivor), O=old, HS=humongous(starts), HC=humongous(continues), CS=collection set, F=free, OA=open archive, CA=closed archive, TAMS=top-at-mark-start (previous, next)
|   0|0x00000000c1e00000, 0x00000000c1f00000, 0x00000000c1f00000|100%| O|  |TAMS 0x00000000c1f00000, 0x00000000c1e00000| Untracked 
|   1|0x00000000c1f00000, 0x00000000c2000000, 0x00000000c2000000|100%| O|  |TAMS 0x00000000c2000000, 0x00000000c1f00000| Untracked 
|   2|0x00000000c2000000, 0x00000000c2100000, 0x00000000c2100000|100%| O|  |TAMS 0x00000000c2100000, 0x00000000c2000000| Untracked 
|   3|0x00000000c2100000, 0x00000000c2200000, 0x00000000c2200000|100%| O|  |TAMS 0x00000000c2200000, 0x00000000c2100000| Untracked 
|   4|0x00000000c2200000, 0x00000000c2300000, 0x00000000c2300000|100%| O|  |TAMS 0x00000000c2300000, 0x00000000c2200000| Untracked 
|   5|0x00000000c2300000, 0x00000000c23d1200, 0x00000000c2400000| 81%| O|  |TAMS 0x00000000c2300000, 0x00000000c2300000| Untracked 
|   6|0x00000000c2400000, 0x00000000c2500000, 0x00000000c2500000|100%| O|  |TAMS 0x00000000c2400000, 0x00000000c2400000| Untracked 
|   7|0x00000000c2500000, 0x00000000c2600000, 0x00000000c2600000|100%| O|  |TAMS 0x00000000c2500000, 0x00000000c2500000| Untracked 
|   8|0x00000000c2600000, 0x00000000c2700000, 0x00000000c2700000|100%| O|  |TAMS 0x00000000c2600000, 0x00000000c2600000| Untracked 
|   9|0x00000000c2700000, 0x00000000c2800000, 0x00000000c2800000|100%| O|  |TAMS 0x00000000c2700000, 0x00000000c2700000| Untracked 
|  10|0x00000000c2800000, 0x00000000c2900000, 0x00000000c2900000|100%| O|  |TAMS 0x00000000c2800000, 0x00000000c2800000| Untracked 
|  11|0x00000000c2900000, 0x00000000c2a00000, 0x00000000c2a00000|100%| O|  |TAMS 0x00000000c2900000, 0x00000000c2900000| Untracked 
|  12|0x00000000c2a00000, 0x00000000c2b00000, 0x00000000c2b00000|100%| O|  |TAMS 0x00000000c2a00000, 0x00000000c2a00000| Untracked 
|  13|0x00000000c2b00000, 0x00000000c2b00000, 0x00000000c2c00000|  0%| F|  |TAMS 0x00000000c2b00000, 0x00000000c2b00000| Untracked 
|  14|0x00000000c2c00000, 0x00000000c2c00000, 0x00000000c2d00000|  0%| F|  |TAMS 0x00000000c2c00000, 0x00000000c2c00000| Untracked 
|  15|0x00000000c2d00000, 0x00000000c2d00000, 0x00000000c2e00000|  0%| F|  |TAMS 0x00000000c2d00000, 0x00000000c2d00000| Untracked 
|  16|0x00000000c2e00000, 0x00000000c2e00000, 0x00000000c2f00000|  0%| F|  |TAMS 0x00000000c2e00000, 0x00000000c2e00000| Untracked 
|  17|0x00000000c2f00000, 0x00000000c2f00000, 0x00000000c3000000|  0%| F|  |TAMS 0x00000000c2f00000, 0x00000000c2f00000| Untracked 
|  18|0x00000000c3000000, 0x00000000c3000000, 0x00000000c3100000|  0%| F|  |TAMS 0x00000000c3000000, 0x00000000c3000000| Untracked 
|  19|0x00000000c3100000, 0x00000000c3100000, 0x00000000c3200000|  0%| F|  |TAMS 0x00000000c3100000, 0x00000000c3100000| Untracked 
|  20|0x00000000c3200000, 0x00000000c3200000, 0x00000000c3300000|  0%| F|  |TAMS 0x00000000c3200000, 0x00000000c3200000| Untracked 
|  21|0x00000000c3300000, 0x00000000c3300000, 0x00000000c3400000|  0%| F|  |TAMS 0x00000000c3300000, 0x00000000c3300000| Untracked 
|  22|0x00000000c3400000, 0x00000000c348cf40, 0x00000000c3500000| 55%| S|CS|TAMS 0x00000000c3400000, 0x00000000c3400000| Complete 
|  23|0x00000000c3500000, 0x00000000c3500000, 0x00000000c3600000|  0%| F|  |TAMS 0x00000000c3500000, 0x00000000c3500000| Untracked 
|  24|0x00000000c3600000, 0x00000000c3600000, 0x00000000c3700000|  0%| F|  |TAMS 0x00000000c3600000, 0x00000000c3600000| Untracked 
|  25|0x00000000c3700000, 0x00000000c3700000, 0x00000000c3800000|  0%| F|  |TAMS 0x00000000c3700000, 0x00000000c3700000| Untracked 
|  26|0x00000000c3800000, 0x00000000c3800000, 0x00000000c3900000|  0%| F|  |TAMS 0x00000000c3800000, 0x00000000c3800000| Untracked 
|  27|0x00000000c3900000, 0x00000000c3900000, 0x00000000c3a00000|  0%| F|  |TAMS 0x00000000c3900000, 0x00000000c3900000| Untracked 
|  28|0x00000000c3a00000, 0x00000000c3a00000, 0x00000000c3b00000|  0%| F|  |TAMS 0x00000000c3a00000, 0x00000000c3a00000| Untracked 
|  29|0x00000000c3b00000, 0x00000000c3b00000, 0x00000000c3c00000|  0%| F|  |TAMS 0x00000000c3b00000, 0x00000000c3b00000| Untracked 
|  30|0x00000000c3c00000, 0x00000000c3c00000, 0x00000000c3d00000|  0%| F|  |TAMS 0x00000000c3c00000, 0x00000000c3c00000| Untracked 
|  31|0x00000000c3d00000, 0x00000000c3d00000, 0x00000000c3e00000|  0%| F|  |TAMS 0x00000000c3d00000, 0x00000000c3d00000| Untracked 
|  32|0x00000000c3e00000, 0x00000000c3e846a8, 0x00000000c3f00000| 51%| E|  |TAMS 0x00000000c3e00000, 0x00000000c3e00000| Complete 
|  33|0x00000000c3f00000, 0x00000000c4000000, 0x00000000c4000000|100%| E|CS|TAMS 0x00000000c3f00000, 0x00000000c3f00000| Complete 
|  45|0x00000000c4b00000, 0x00000000c4c00000, 0x00000000c4c00000|100%| E|CS|TAMS 0x00000000c4b00000, 0x00000000c4b00000| Complete 
|  46|0x00000000c4c00000, 0x00000000c4d00000, 0x00000000c4d00000|100%| E|CS|TAMS 0x00000000c4c00000, 0x00000000c4c00000| Complete 
|  47|0x00000000c4d00000, 0x00000000c4e00000, 0x00000000c4e00000|100%| E|CS|TAMS 0x00000000c4d00000, 0x00000000c4d00000| Complete 
|  48|0x00000000c4e00000, 0x00000000c4f00000, 0x00000000c4f00000|100%| E|CS|TAMS 0x00000000c4e00000, 0x00000000c4e00000| Complete 
|  62|0x00000000c5c00000, 0x00000000c5d00000, 0x00000000c5d00000|100%| E|CS|TAMS 0x00000000c5c00000, 0x00000000c5c00000| Complete 
|  63|0x00000000c5d00000, 0x00000000c5e00000, 0x00000000c5e00000|100%| E|CS|TAMS 0x00000000c5d00000, 0x00000000c5d00000| Complete 

Card table byte_map: [0x000000a10ce40000,0x000000a10d040000] _byte_map_base: 0x000000a10c831000

Marking Bits (Prev, Next): (CMBitMap*) 0x000000a10720e290, (CMBitMap*) 0x000000a10720e250
 Prev Bits: [0x000000a10e1d0000, 0x000000a10f158000)
 Next Bits: [0x000000a10d240000, 0x000000a10e1c8000)

Polling page: 0x000000a104fb0000

Metaspace:

Usage:
  Non-class:     24.73 MB used.
      Class:      3.86 MB used.
       Both:     28.59 MB used.

Virtual space:
  Non-class space:       32.00 MB reserved,      24.88 MB ( 78%) committed,  4 nodes.
      Class space:        1.00 GB reserved,       4.00 MB ( <1%) committed,  1 nodes.
             Both:        1.03 GB reserved,      28.88 MB (  3%) committed. 

Chunk freelists:
   Non-Class:  2.85 MB
       Class:  47.00 KB
        Both:  2.89 MB

MaxMetaspaceSize: unlimited
CompressedClassSpaceSize: 1.00 GB
Initial GC threshold: 21.00 MB
Current GC threshold: 35.31 MB
CDS: off
MetaspaceReclaimPolicy: balanced
 - commit_granule_bytes: 65536.
 - commit_granule_words: 8192.
 - virtual_space_node_default_size: 1048576.
 - enlarge_chunks_in_place: 1.
 - new_chunks_are_fully_committed: 0.
 - uncommit_free_chunks: 1.
 - use_allocation_guard: 0.
 - handle_deallocations: 1.


Internal statistics:

num_allocs_failed_limit: 3.
num_arena_births: 340.
num_arena_deaths: 0.
num_vsnodes_births: 5.
num_vsnodes_deaths: 0.
num_space_committed: 462.
num_space_uncommitted: 0.
num_chunks_returned_to_freelist: 3.
num_chunks_taken_from_freelist: 1176.
num_chunk_merges: 3.
num_chunk_splits: 752.
num_chunks_enlarged: 533.
num_purges: 0.
num_inconsistent_stats: 0.

CodeCache: size=49152Kb used=5881Kb max_used=6491Kb free=43270Kb
 bounds [0x000000a109e40000, 0x000000a10a4a0000, 0x000000a10ce40000]
 total_blobs=3558 nmethods=3068 adapters=416
 compilation: enabled
              stopped_count=0, restarted_count=0
 full_count=0

Compilation events (20 events):
Event: 62.441 Thread 0x000000a111b77f70 3054       1       java.lang.System::getProperty (25 bytes)
Event: 62.442 Thread 0x000000a111b77f70 nmethod 3054 0x000000a10a410d10 code [0x000000a10a410ee0, 0x000000a10a411158]
Event: 62.448 Thread 0x000000a111b77f70 3055       1       sun.jvmstat.monitor.VmIdentifier::getScheme (8 bytes)
Event: 62.448 Thread 0x000000a111b77f70 nmethod 3055 0x000000a10a410a10 code [0x000000a10a410ba0, 0x000000a10a410c78]
Event: 62.448 Thread 0x000000a111b77f70 3056       1       java.net.URI::getQuery (32 bytes)
Event: 62.449 Thread 0x000000a111b77f70 nmethod 3056 0x000000a10a410690 code [0x000000a10a410820, 0x000000a10a410988]
Event: 62.456 Thread 0x000000a111b77f70 3057       1       java.lang.Throwable::<init> (34 bytes)
Event: 62.457 Thread 0x000000a111b77f70 nmethod 3057 0x000000a10a410190 code [0x000000a10a410340, 0x000000a10a4105c8]
Event: 63.782 Thread 0x000000a111b77f70 3058       1       java.util.AbstractCollection::toArray (70 bytes)
Event: 63.783 Thread 0x000000a111b77f70 nmethod 3058 0x000000a10a40f990 code [0x000000a10a40fba0, 0x000000a10a40ffa8]
Event: 63.834 Thread 0x000000a111b77f70 3059   !   1       sun.net.www.ParseUtil::decode (317 bytes)
Event: 63.842 Thread 0x000000a111b77f70 nmethod 3059 0x000000a10a40d490 code [0x000000a10a40d840, 0x000000a10a40eb98]
Event: 63.884 Thread 0x000000a111b77f70 3060       1       java.net.URI::getAuthority (31 bytes)
Event: 63.884 Thread 0x000000a111b77f70 nmethod 3060 0x000000a10a40d110 code [0x000000a10a40d2a0, 0x000000a10a40d408]
Event: 63.922 Thread 0x000000a111b77f70 3061   !   1       java.util.concurrent.ConcurrentHashMap::initTable (112 bytes)
Event: 63.924 Thread 0x000000a111b77f70 nmethod 3061 0x000000a10a40cb10 code [0x000000a10a40ccc0, 0x000000a10a40cfa8]
Event: 63.925 Thread 0x000000a111b77f70 3062       1       java.net.URI$Parser::scan (23 bytes)
Event: 63.926 Thread 0x000000a111b77f70 nmethod 3062 0x000000a10a40c510 code [0x000000a10a40c6c0, 0x000000a10a40c938]
Event: 63.930 Thread 0x000000a111b77f70 3063       1       sun.util.calendar.CalendarDate::isNormalized (5 bytes)
Event: 63.930 Thread 0x000000a111b77f70 nmethod 3063 0x000000a10a40c210 code [0x000000a10a40c3a0, 0x000000a10a40c478]

GC Heap History (18 events):
Event: 1.793 GC heap before
{Heap before GC invocations=0 (full 0):
 garbage-first heap   total 65536K, used 12288K [0x00000000c1e00000, 0x0000000100000000)
  region size 1024K, 13 young (13312K), 0 survivors (0K)
 Metaspace       used 8301K, committed 8512K, reserved 1056768K
  class space    used 908K, committed 1024K, reserved 1048576K
}
Event: 1.806 GC heap after
{Heap after GC invocations=1 (full 0):
 garbage-first heap   total 65536K, used 4112K [0x00000000c1e00000, 0x0000000100000000)
  region size 1024K, 2 young (2048K), 2 survivors (2048K)
 Metaspace       used 8301K, committed 8512K, reserved 1056768K
  class space    used 908K, committed 1024K, reserved 1048576K
}
Event: 3.046 GC heap before
{Heap before GC invocations=1 (full 0):
 garbage-first heap   total 65536K, used 17424K [0x00000000c1e00000, 0x0000000100000000)
  region size 1024K, 15 young (15360K), 2 survivors (2048K)
 Metaspace       used 13502K, committed 13696K, reserved 1064960K
  class space    used 1590K, committed 1664K, reserved 1048576K
}
Event: 3.070 GC heap after
{Heap after GC invocations=2 (full 0):
 garbage-first heap   total 65536K, used 6211K [0x00000000c1e00000, 0x0000000100000000)
  region size 1024K, 2 young (2048K), 2 survivors (2048K)
 Metaspace       used 13502K, committed 13696K, reserved 1064960K
  class space    used 1590K, committed 1664K, reserved 1048576K
}
Event: 5.202 GC heap before
{Heap before GC invocations=2 (full 0):
 garbage-first heap   total 65536K, used 26691K [0x00000000c1e00000, 0x0000000100000000)
  region size 1024K, 22 young (22528K), 2 survivors (2048K)
 Metaspace       used 19460K, committed 19648K, reserved 1073152K
  class space    used 2425K, committed 2496K, reserved 1048576K
}
Event: 5.226 GC heap after
{Heap after GC invocations=3 (full 0):
 garbage-first heap   total 65536K, used 8234K [0x00000000c1e00000, 0x0000000100000000)
  region size 1024K, 3 young (3072K), 3 survivors (3072K)
 Metaspace       used 19460K, committed 19648K, reserved 1073152K
  class space    used 2425K, committed 2496K, reserved 1048576K
}
Event: 8.818 GC heap before
{Heap before GC invocations=3 (full 0):
 garbage-first heap   total 65536K, used 22570K [0x00000000c1e00000, 0x0000000100000000)
  region size 1024K, 18 young (18432K), 3 survivors (3072K)
 Metaspace       used 21298K, committed 21504K, reserved 1073152K
  class space    used 2665K, committed 2752K, reserved 1048576K
}
Event: 8.842 GC heap after
{Heap after GC invocations=4 (full 0):
 garbage-first heap   total 65536K, used 9476K [0x00000000c1e00000, 0x0000000100000000)
  region size 1024K, 4 young (4096K), 4 survivors (4096K)
 Metaspace       used 21298K, committed 21504K, reserved 1073152K
  class space    used 2665K, committed 2752K, reserved 1048576K
}
Event: 21.396 GC heap before
{Heap before GC invocations=5 (full 0):
 garbage-first heap   total 40960K, used 29956K [0x00000000c1e00000, 0x0000000100000000)
  region size 1024K, 24 young (24576K), 4 survivors (4096K)
 Metaspace       used 24413K, committed 24640K, reserved 1073152K
  class space    used 3141K, committed 3264K, reserved 1048576K
}
Event: 21.434 GC heap after
{Heap after GC invocations=6 (full 0):
 garbage-first heap   total 40960K, used 11408K [0x00000000c1e00000, 0x0000000100000000)
  region size 1024K, 3 young (3072K), 3 survivors (3072K)
 Metaspace       used 24413K, committed 24640K, reserved 1073152K
  class space    used 3141K, committed 3264K, reserved 1048576K
}
Event: 22.548 GC heap before
{Heap before GC invocations=6 (full 0):
 garbage-first heap   total 40960K, used 12432K [0x00000000c1e00000, 0x0000000100000000)
  region size 1024K, 4 young (4096K), 3 survivors (3072K)
 Metaspace       used 24671K, committed 24896K, reserved 1073152K
  class space    used 3181K, committed 3264K, reserved 1048576K
}
Event: 22.576 GC heap after
{Heap after GC invocations=7 (full 0):
 garbage-first heap   total 40960K, used 12043K [0x00000000c1e00000, 0x0000000100000000)
  region size 1024K, 1 young (1024K), 1 survivors (1024K)
 Metaspace       used 24671K, committed 24896K, reserved 1073152K
  class space    used 3181K, committed 3264K, reserved 1048576K
}
Event: 40.460 GC heap before
{Heap before GC invocations=7 (full 0):
 garbage-first heap   total 40960K, used 27403K [0x00000000c1e00000, 0x0000000100000000)
  region size 1024K, 16 young (16384K), 1 survivors (1024K)
 Metaspace       used 27760K, committed 28032K, reserved 1081344K
  class space    used 3647K, committed 3776K, reserved 1048576K
}
Event: 40.478 GC heap after
{Heap after GC invocations=8 (full 0):
 garbage-first heap   total 40960K, used 13172K [0x00000000c1e00000, 0x0000000100000000)
  region size 1024K, 2 young (2048K), 2 survivors (2048K)
 Metaspace       used 27760K, committed 28032K, reserved 1081344K
  class space    used 3647K, committed 3776K, reserved 1048576K
}
Event: 50.971 GC heap before
{Heap before GC invocations=8 (full 0):
 garbage-first heap   total 40960K, used 27508K [0x00000000c1e00000, 0x0000000100000000)
  region size 1024K, 17 young (17408K), 2 survivors (2048K)
 Metaspace       used 29229K, committed 29568K, reserved 1081344K
  class space    used 3945K, committed 4096K, reserved 1048576K
}
Event: 50.983 GC heap after
{Heap after GC invocations=9 (full 0):
 garbage-first heap   total 40960K, used 13617K [0x00000000c1e00000, 0x0000000100000000)
  region size 1024K, 2 young (2048K), 2 survivors (2048K)
 Metaspace       used 29229K, committed 29568K, reserved 1081344K
  class space    used 3945K, committed 4096K, reserved 1048576K
}
Event: 62.221 GC heap before
{Heap before GC invocations=9 (full 0):
 garbage-first heap   total 40960K, used 28977K [0x00000000c1e00000, 0x0000000100000000)
  region size 1024K, 18 young (18432K), 2 survivors (2048K)
 Metaspace       used 29229K, committed 29568K, reserved 1081344K
  class space    used 3945K, committed 4096K, reserved 1048576K
}
Event: 62.235 GC heap after
{Heap after GC invocations=10 (full 0):
 garbage-first heap   total 40960K, used 13688K [0x00000000c1e00000, 0x0000000100000000)
  region size 1024K, 1 young (1024K), 1 survivors (1024K)
 Metaspace       used 29229K, committed 29568K, reserved 1081344K
  class space    used 3945K, committed 4096K, reserved 1048576K
}

Deoptimization events (12 events):
Event: 2.360 Thread 0x000000a1071e1890 DEOPT PACKING pc=0x000000a10a1aa7f5 sp=0x000000a10698ddc0
Event: 2.360 Thread 0x000000a1071e1890 DEOPT UNPACKING pc=0x000000a109e92b43 sp=0x000000a10698d230 mode 3
Event: 4.979 Thread 0x000000a1071e1890 DEOPT PACKING pc=0x000000a10a2ac819 sp=0x000000a10698d570
Event: 4.979 Thread 0x000000a1071e1890 DEOPT UNPACKING pc=0x000000a109e92b43 sp=0x000000a10698ca50 mode 3
Event: 8.781 Thread 0x000000a1071e1890 DEOPT PACKING pc=0x000000a109f60475 sp=0x000000a10698e400
Event: 8.781 Thread 0x000000a1071e1890 DEOPT UNPACKING pc=0x000000a109e92b43 sp=0x000000a10698d870 mode 3
Event: 40.448 Thread 0x000000a113b4a030 DEOPT PACKING pc=0x000000a10a474435 sp=0x000000a116ccd8a0
Event: 40.448 Thread 0x000000a113b4a030 DEOPT UNPACKING pc=0x000000a109e92b43 sp=0x000000a116cccdc8 mode 3
Event: 42.292 Thread 0x000000a113b51fc0 DEOPT PACKING pc=0x000000a10a2b3981 sp=0x000000a116ecdcb0
Event: 42.292 Thread 0x000000a113b51fc0 DEOPT UNPACKING pc=0x000000a109e92b43 sp=0x000000a116ecd140 mode 3
Event: 42.294 Thread 0x000000a115eef750 DEOPT PACKING pc=0x000000a10a2aa217 sp=0x000000a117efeff0
Event: 42.294 Thread 0x000000a115eef750 DEOPT UNPACKING pc=0x000000a109e92b43 sp=0x000000a117efe448 mode 3

Classes unloaded (0 events):
No events

Classes redefined (0 events):
No events

Internal exceptions (20 events):
Event: 14.160 Thread 0x000000a1071e1890 Exception <a 'java/lang/NoSuchMethodError'{0x00000000c385ddd0}: 'java.lang.Object java.lang.invoke.DirectMethodHandle$Holder.newInvokeSpecial(java.lang.Object, java.lang.Object, java.lang.Object, int, java.lang.Object)'> (0x00000000c385ddd0) 
thrown [e:\jenkins\tmp\workspace\build\src\src\hotspot\share\interpreter\linkResolver.cpp, line 766]
Event: 14.182 Thread 0x000000a1071e1890 Exception <a 'java/lang/NoSuchMethodError'{0x00000000c3872068}: 'void java.lang.invoke.DirectMethodHandle$Holder.invokeSpecialIFC(java.lang.Object, java.lang.Object, java.lang.Object)'> (0x00000000c3872068) 
thrown [e:\jenkins\tmp\workspace\build\src\src\hotspot\share\interpreter\linkResolver.cpp, line 766]
Event: 21.444 Thread 0x000000a1071e1890 Exception <a 'java/lang/NoSuchMethodError'{0x00000000c5d25bb8}: 'void java.lang.invoke.DirectMethodHandle$Holder.invokeVirtual(java.lang.Object, java.lang.Object)'> (0x00000000c5d25bb8) 
thrown [e:\jenkins\tmp\workspace\build\src\src\hotspot\share\interpreter\linkResolver.cpp, line 766]
Event: 25.197 Thread 0x000000a1071e1890 Exception <a 'java/lang/NoSuchMethodError'{0x00000000c4edf170}: 'int java.lang.invoke.DirectMethodHandle$Holder.invokeSpecial(java.lang.Object, java.lang.Object, java.lang.Object, java.lang.Object, java.lang.Object)'> (0x00000000c4edf170) 
thrown [e:\jenkins\tmp\workspace\build\src\src\hotspot\share\interpreter\linkResolver.cpp, line 766]
Event: 30.322 Thread 0x000000a1071e1890 Exception <a 'java/lang/IncompatibleClassChangeError'{0x00000000c4cf9ff0}: Found class java.lang.Object, but interface was expected> (0x00000000c4cf9ff0) 
thrown [e:\jenkins\tmp\workspace\build\src\src\hotspot\share\interpreter\linkResolver.cpp, line 833]
Event: 30.350 Thread 0x000000a1071e1890 Exception <a 'java/lang/NoSuchMethodError'{0x00000000c4b32b08}: 'java.lang.Object java.lang.invoke.DirectMethodHandle$Holder.invokeVirtual(java.lang.Object, java.lang.Object, java.lang.Object, java.lang.Object)'> (0x00000000c4b32b08) 
thrown [e:\jenkins\tmp\workspace\build\src\src\hotspot\share\interpreter\linkResolver.cpp, line 766]
Event: 31.143 Thread 0x000000a1071e1890 Exception <a 'java/lang/NoSuchMethodError'{0x00000000c3e71788}: 'java.lang.Object java.lang.invoke.DirectMethodHandle$Holder.newInvokeSpecial(java.lang.Object, java.lang.Object, int, java.lang.Object, java.lang.Object)'> (0x00000000c3e71788) 
thrown [e:\jenkins\tmp\workspace\build\src\src\hotspot\share\interpreter\linkResolver.cpp, line 766]
Event: 40.438 Thread 0x000000a113b4a030 Exception <a 'java/lang/NoSuchMethodError'{0x00000000c3664c28}: 'java.lang.Object java.lang.invoke.DirectMethodHandle$Holder.invokeStatic(java.lang.Object, int, java.lang.Object)'> (0x00000000c3664c28) 
thrown [e:\jenkins\tmp\workspace\build\src\src\hotspot\share\interpreter\linkResolver.cpp, line 766]
Event: 40.740 Thread 0x000000a113b4a030 Exception <a 'java/lang/NoSuchMethodError'{0x00000000c4bb5e18}: 'int java.lang.invoke.DirectMethodHandle$Holder.invokeStatic(java.lang.Object)'> (0x00000000c4bb5e18) 
thrown [e:\jenkins\tmp\workspace\build\src\src\hotspot\share\interpreter\linkResolver.cpp, line 766]
Event: 40.741 Thread 0x000000a113b4a030 Exception <a 'java/lang/NoSuchMethodError'{0x00000000c4bb9570}: 'int java.lang.invoke.DirectMethodHandle$Holder.invokeStaticInit(java.lang.Object)'> (0x00000000c4bb9570) 
thrown [e:\jenkins\tmp\workspace\build\src\src\hotspot\share\interpreter\linkResolver.cpp, line 766]
Event: 40.954 Thread 0x000000a1130b91c0 Exception <a 'java/lang/NoSuchMethodError'{0x00000000c3b25d90}: 'java.lang.Object java.lang.invoke.DirectMethodHandle$Holder.invokeInterface(java.lang.Object, java.lang.Object, java.lang.Object)'> (0x00000000c3b25d90) 
thrown [e:\jenkins\tmp\workspace\build\src\src\hotspot\share\interpreter\linkResolver.cpp, line 766]
Event: 41.004 Thread 0x000000a115e2e000 Exception <a 'java/lang/NoSuchMethodError'{0x00000000c3a47668}: 'java.lang.Object java.lang.invoke.DirectMethodHandle$Holder.invokeStatic(java.lang.Object, java.lang.Object, long, java.lang.Object)'> (0x00000000c3a47668) 
thrown [e:\jenkins\tmp\workspace\build\src\src\hotspot\share\interpreter\linkResolver.cpp, line 766]
Event: 41.005 Thread 0x000000a115e2e000 Exception <a 'java/lang/NoSuchMethodError'{0x00000000c3a4b100}: 'java.lang.Object java.lang.invoke.DirectMethodHandle$Holder.invokeStaticInit(java.lang.Object, java.lang.Object, long, java.lang.Object)'> (0x00000000c3a4b100) 
thrown [e:\jenkins\tmp\workspace\build\src\src\hotspot\share\interpreter\linkResolver.cpp, line 766]
Event: 41.007 Thread 0x000000a115e2e000 Exception <a 'java/lang/NoSuchMethodError'{0x00000000c3a647b8}: 'java.lang.Object java.lang.invoke.DirectMethodHandle$Holder.newInvokeSpecial(java.lang.Object, java.lang.Object, long)'> (0x00000000c3a647b8) 
thrown [e:\jenkins\tmp\workspace\build\src\src\hotspot\share\interpreter\linkResolver.cpp, line 766]
Event: 41.007 Thread 0x000000a115e2e000 Exception <a 'java/lang/NoSuchMethodError'{0x00000000c3a68328}: 'java.lang.Object java.lang.invoke.Invokers$Holder.linkToTargetMethod(java.lang.Object, long, java.lang.Object)'> (0x00000000c3a68328) 
thrown [e:\jenkins\tmp\workspace\build\src\src\hotspot\share\interpreter\linkResolver.cpp, line 766]
Event: 41.212 Thread 0x000000a113b51fc0 Exception <a 'java/lang/NoSuchMethodError'{0x00000000c5d0bdd8}: 'java.lang.Object java.lang.invoke.DirectMethodHandle$Holder.invokeStatic(java.lang.Object, java.lang.Object, java.lang.Object, int, java.lang.Object, java.lang.Object)'> (0x00000000c5d0bdd8) 
thrown [e:\jenkins\tmp\workspace\build\src\src\hotspot\share\interpreter\linkResolver.cpp, line 766]
Event: 45.489 Thread 0x000000a113b51fc0 Exception <a 'java/lang/NoSuchMethodError'{0x00000000c37a6a98}: 'int java.lang.invoke.DirectMethodHandle$Holder.invokeVirtual(java.lang.Object, java.lang.Object)'> (0x00000000c37a6a98) 
thrown [e:\jenkins\tmp\workspace\build\src\src\hotspot\share\interpreter\linkResolver.cpp, line 766]
Event: 63.821 Thread 0x000000a115e2e000 Exception <a 'java/io/IOException'{0x00000000c4b6e978}> (0x00000000c4b6e978) 
thrown [e:\jenkins\tmp\workspace\build\src\src\hotspot\share\prims\jni.cpp, line 516]
Event: 63.840 Thread 0x000000a115e2e000 Exception <a 'java/io/IOException'{0x00000000c4bc3050}> (0x00000000c4bc3050) 
thrown [e:\jenkins\tmp\workspace\build\src\src\hotspot\share\prims\jni.cpp, line 516]
Event: 63.883 Thread 0x000000a115e2e000 Exception <a 'java/io/IOException'{0x00000000c3f14628}> (0x00000000c3f14628) 
thrown [e:\jenkins\tmp\workspace\build\src\src\hotspot\share\prims\jni.cpp, line 516]

VM Operations (20 events):
Event: 40.460 Executing VM operation: G1CollectForAllocation
Event: 40.478 Executing VM operation: G1CollectForAllocation done
Event: 40.565 Executing VM operation: HandshakeAllThreads
Event: 40.565 Executing VM operation: HandshakeAllThreads done
Event: 41.566 Executing VM operation: Cleanup
Event: 41.566 Executing VM operation: Cleanup done
Event: 43.566 Executing VM operation: Cleanup
Event: 43.566 Executing VM operation: Cleanup done
Event: 50.971 Executing VM operation: G1CollectForAllocation
Event: 50.983 Executing VM operation: G1CollectForAllocation done
Event: 52.982 Executing VM operation: Cleanup
Event: 52.982 Executing VM operation: Cleanup done
Event: 56.984 Executing VM operation: Cleanup
Event: 57.005 Executing VM operation: Cleanup done
Event: 62.221 Executing VM operation: G1CollectForAllocation
Event: 62.236 Executing VM operation: G1CollectForAllocation done
Event: 63.929 Executing VM operation: HandshakeAllThreads
Event: 63.929 Executing VM operation: HandshakeAllThreads done
Event: 63.929 Executing VM operation: Cleanup
Event: 63.929 Executing VM operation: Cleanup done

Events (20 events):
Event: 45.508 loading class java/util/WeakHashMap$EntryIterator done
Event: 45.964 loading class java/util/stream/Nodes$SpinedNodeBuilder
Event: 45.965 loading class java/util/stream/Nodes$SpinedNodeBuilder done
Event: 63.927 loading class sun/nio/cs/ISO_8859_1$Encoder
Event: 63.928 loading class sun/nio/cs/ISO_8859_1$Encoder done
Event: 63.929 loading class sun/nio/cs/Surrogate$Parser
Event: 63.929 loading class sun/nio/cs/Surrogate$Parser done
Event: 63.929 loading class sun/nio/cs/Surrogate
Event: 63.929 loading class sun/nio/cs/Surrogate done
Event: 63.930 loading class sun/util/locale/provider/TimeZoneNameUtility
Event: 63.930 loading class sun/util/locale/provider/TimeZoneNameUtility done
Event: 63.930 loading class sun/util/locale/provider/TimeZoneNameUtility$TimeZoneNameGetter
Event: 63.930 loading class sun/util/locale/provider/TimeZoneNameUtility$TimeZoneNameGetter done
Event: 63.931 loading class sun/util/cldr/CLDRTimeZoneNameProviderImpl
Event: 63.932 loading class sun/util/locale/provider/TimeZoneNameProviderImpl
Event: 63.932 loading class sun/util/locale/provider/TimeZoneNameProviderImpl done
Event: 63.932 loading class sun/util/cldr/CLDRTimeZoneNameProviderImpl done
Event: 63.934 loading class sun/util/locale/provider/BaseLocaleDataMetaInfo
Event: 63.934 loading class sun/util/locale/provider/BaseLocaleDataMetaInfo done
Event: 63.936 loading class sun/util/resources/cldr/TimeZoneNames


Dynamic libraries:
0x00007ff73de80000 - 0x00007ff73de8e000 	c:\Users\Sueli\.vscode\extensions\redhat.java-1.4.0\jre\17.0.2-win32-x86_64\bin\java.exe
0x00007ffcf5ae0000 - 0x00007ffcf5c8c000 	C:\Windows\SYSTEM32\ntdll.dll
0x00007ffcf3170000 - 0x00007ffcf32ae000 	C:\Windows\system32\KERNEL32.DLL
0x00007ffcf2ee0000 - 0x00007ffcf2ff5000 	C:\Windows\system32\KERNELBASE.dll
0x00007ffccb710000 - 0x00007ffccb728000 	c:\Users\Sueli\.vscode\extensions\redhat.java-1.4.0\jre\17.0.2-win32-x86_64\bin\jli.dll
0x00007ffccb6f0000 - 0x00007ffccb709000 	c:\Users\Sueli\.vscode\extensions\redhat.java-1.4.0\jre\17.0.2-win32-x86_64\bin\VCRUNTIME140.dll
0x00007ffccb6e0000 - 0x00007ffccb6e4000 	c:\Users\Sueli\.vscode\extensions\redhat.java-1.4.0\jre\17.0.2-win32-x86_64\bin\api-ms-win-crt-stdio-l1-1-0.dll
0x00007ffccb6d0000 - 0x00007ffccb6d4000 	c:\Users\Sueli\.vscode\extensions\redhat.java-1.4.0\jre\17.0.2-win32-x86_64\bin\api-ms-win-crt-runtime-l1-1-0.dll
0x00007ffccb6c0000 - 0x00007ffccb6c3000 	c:\Users\Sueli\.vscode\extensions\redhat.java-1.4.0\jre\17.0.2-win32-x86_64\bin\api-ms-win-crt-environment-l1-1-0.dll
0x00007ffcc9fe0000 - 0x00007ffcc9fe5000 	c:\Users\Sueli\.vscode\extensions\redhat.java-1.4.0\jre\17.0.2-win32-x86_64\bin\api-ms-win-crt-math-l1-1-0.dll
0x00007ffcc9fd0000 - 0x00007ffcc9fd3000 	c:\Users\Sueli\.vscode\extensions\redhat.java-1.4.0\jre\17.0.2-win32-x86_64\bin\api-ms-win-crt-locale-l1-1-0.dll
0x00007ffcc9fc0000 - 0x00007ffcc9fc3000 	c:\Users\Sueli\.vscode\extensions\redhat.java-1.4.0\jre\17.0.2-win32-x86_64\bin\api-ms-win-crt-heap-l1-1-0.dll
0x00007ffcf0410000 - 0x00007ffcf068b000 	C:\Windows\WinSxS\amd64_microsoft.windows.common-controls_6595b64144ccf1df_6.0.9600.17415_none_6240486fecbd8abb\COMCTL32.dll
0x00007ffcf4fa0000 - 0x00007ffcf5117000 	C:\Windows\system32\USER32.dll
0x00007ffcc9fb0000 - 0x00007ffcc9fb3000 	c:\Users\Sueli\.vscode\extensions\redhat.java-1.4.0\jre\17.0.2-win32-x86_64\bin\api-ms-win-crt-filesystem-l1-1-0.dll
0x00007ffcc9fa0000 - 0x00007ffcc9fa4000 	c:\Users\Sueli\.vscode\extensions\redhat.java-1.4.0\jre\17.0.2-win32-x86_64\bin\api-ms-win-crt-string-l1-1-0.dll
0x00007ffcc9f90000 - 0x00007ffcc9f94000 	c:\Users\Sueli\.vscode\extensions\redhat.java-1.4.0\jre\17.0.2-win32-x86_64\bin\api-ms-win-crt-convert-l1-1-0.dll
0x00007ffcf5450000 - 0x00007ffcf54fa000 	C:\Windows\system32\msvcrt.dll
0x00007ffcf3650000 - 0x00007ffcf37a1000 	C:\Windows\system32\GDI32.dll
0x00007ffcc9e90000 - 0x00007ffcc9f8a000 	c:\Users\Sueli\.vscode\extensions\redhat.java-1.4.0\jre\17.0.2-win32-x86_64\bin\ucrtbase.DLL
0x00007ffcf4f60000 - 0x00007ffcf4f96000 	C:\Windows\system32\IMM32.DLL
0x00007ffcf5120000 - 0x00007ffcf5273000 	C:\Windows\system32\MSCTF.dll
0x00007ffcc9e80000 - 0x00007ffcc9e8c000 	c:\Users\Sueli\.vscode\extensions\redhat.java-1.4.0\jre\17.0.2-win32-x86_64\bin\vcruntime140_1.dll
0x00007ffcc9de0000 - 0x00007ffcc9e71000 	c:\Users\Sueli\.vscode\extensions\redhat.java-1.4.0\jre\17.0.2-win32-x86_64\bin\msvcp140.dll
0x00007ffcc9dd0000 - 0x00007ffcc9dd3000 	c:\Users\Sueli\.vscode\extensions\redhat.java-1.4.0\jre\17.0.2-win32-x86_64\bin\api-ms-win-crt-time-l1-1-0.dll
0x00007ffcc9dc0000 - 0x00007ffcc9dc3000 	c:\Users\Sueli\.vscode\extensions\redhat.java-1.4.0\jre\17.0.2-win32-x86_64\bin\api-ms-win-crt-utility-l1-1-0.dll
0x00007ffcc9140000 - 0x00007ffcc9d87000 	c:\Users\Sueli\.vscode\extensions\redhat.java-1.4.0\jre\17.0.2-win32-x86_64\bin\server\jvm.dll
0x00007ffcf5500000 - 0x00007ffcf55aa000 	C:\Windows\system32\ADVAPI32.dll
0x00007ffce5d20000 - 0x00007ffce5d29000 	C:\Windows\SYSTEM32\WSOCK32.dll
0x00007ffceb620000 - 0x00007ffceb642000 	C:\Windows\SYSTEM32\WINMM.dll
0x00007ffceb760000 - 0x00007ffceb76a000 	C:\Windows\SYSTEM32\VERSION.dll
0x00007ffcf3160000 - 0x00007ffcf3167000 	C:\Windows\system32\PSAPI.DLL
0x00007ffcf32b0000 - 0x00007ffcf3309000 	C:\Windows\SYSTEM32\sechost.dll
0x00007ffcf5300000 - 0x00007ffcf5441000 	C:\Windows\system32\RPCRT4.dll
0x00007ffcf3310000 - 0x00007ffcf336a000 	C:\Windows\system32\WS2_32.dll
0x00007ffce9d40000 - 0x00007ffce9d6a000 	C:\Windows\SYSTEM32\WINMMBASE.dll
0x00007ffcf58f0000 - 0x00007ffcf58f9000 	C:\Windows\system32\NSI.dll
0x00007ffcf3000000 - 0x00007ffcf304f000 	C:\Windows\SYSTEM32\cfgmgr32.dll
0x00007ffcf1a50000 - 0x00007ffcf1a78000 	C:\Windows\SYSTEM32\DEVOBJ.dll
0x00007ffcc9000000 - 0x00007ffcc900a000 	c:\Users\Sueli\.vscode\extensions\redhat.java-1.4.0\jre\17.0.2-win32-x86_64\bin\jimage.dll
0x00007ffcea0f0000 - 0x00007ffcea27a000 	C:\Windows\SYSTEM32\DBGHELP.DLL
0x00007ffcc8fd0000 - 0x00007ffcc8ff5000 	c:\Users\Sueli\.vscode\extensions\redhat.java-1.4.0\jre\17.0.2-win32-x86_64\bin\java.dll
0x00007ffcc8fb0000 - 0x00007ffcc8fc8000 	c:\Users\Sueli\.vscode\extensions\redhat.java-1.4.0\jre\17.0.2-win32-x86_64\bin\zip.dll
0x00007ffcf3970000 - 0x00007ffcf4e89000 	C:\Windows\system32\SHELL32.dll
0x00007ffcf56d0000 - 0x00007ffcf58e1000 	C:\Windows\SYSTEM32\combase.dll
0x00007ffcf5670000 - 0x00007ffcf56c4000 	C:\Windows\system32\SHLWAPI.dll
0x00007ffcf1200000 - 0x00007ffcf12b2000 	C:\Windows\SYSTEM32\SHCORE.dll
0x00007ffcf2c30000 - 0x00007ffcf2c45000 	C:\Windows\SYSTEM32\profapi.dll
0x00007ffcde2f0000 - 0x00007ffcde309000 	C:\Users\Sueli\.vscode\extensions\redhat.java-1.4.0\jre\17.0.2-win32-x86_64\bin\net.dll
0x00007ffceb510000 - 0x00007ffceb5d9000 	C:\Windows\SYSTEM32\WINHTTP.dll
0x00007ffcf2440000 - 0x00007ffcf2499000 	C:\Windows\system32\mswsock.dll
0x00007ffcd0410000 - 0x00007ffcd0425000 	C:\Users\Sueli\.vscode\extensions\redhat.java-1.4.0\jre\17.0.2-win32-x86_64\bin\nio.dll
0x00007ffccb440000 - 0x00007ffccb450000 	c:\Users\Sueli\.vscode\extensions\redhat.java-1.4.0\jre\17.0.2-win32-x86_64\bin\verify.dll
0x00007ffccb620000 - 0x00007ffccb629000 	C:\Users\Sueli\.vscode\extensions\redhat.java-1.4.0\jre\17.0.2-win32-x86_64\bin\management.dll
0x00007ffccb610000 - 0x00007ffccb61b000 	C:\Users\Sueli\.vscode\extensions\redhat.java-1.4.0\jre\17.0.2-win32-x86_64\bin\management_ext.dll
0x00007ffce7ee0000 - 0x00007ffce7ef5000 	C:\Windows\system32\napinsp.dll
0x00007ffce7ec0000 - 0x00007ffce7eda000 	C:\Windows\system32\pnrpnsp.dll
0x00007ffcf03f0000 - 0x00007ffcf040b000 	C:\Windows\system32\NLAapi.dll
0x00007ffcf2240000 - 0x00007ffcf22e4000 	C:\Windows\SYSTEM32\DNSAPI.dll
0x00007ffce7b60000 - 0x00007ffce7b6d000 	C:\Windows\System32\winrnr.dll
0x00007ffce7b40000 - 0x00007ffce7b54000 	C:\Windows\system32\wshbth.dll
0x00007ffce55d0000 - 0x00007ffce55da000 	C:\Windows\System32\rasadhlp.dll
0x00007ffced140000 - 0x00007ffced16a000 	C:\Windows\SYSTEM32\IPHLPAPI.DLL
0x00007ffcece60000 - 0x00007ffcece6a000 	C:\Windows\SYSTEM32\WINNSI.DLL
0x00007ffcecaa0000 - 0x00007ffcecb0b000 	C:\Windows\System32\fwpuclnt.dll
0x00007ffcf24a0000 - 0x00007ffcf24c0000 	C:\Windows\SYSTEM32\CRYPTSP.dll
0x00007ffcf20c0000 - 0x00007ffcf20f6000 	C:\Windows\system32\rsaenh.dll
0x00007ffcf26f0000 - 0x00007ffcf2716000 	C:\Windows\SYSTEM32\bcrypt.dll
0x00007ffcf21d0000 - 0x00007ffcf21f1000 	C:\Windows\SYSTEM32\USERENV.dll
0x00007ffcf2a30000 - 0x00007ffcf2a93000 	C:\Windows\system32\bcryptprimitives.dll
0x00007ffcf2ba0000 - 0x00007ffcf2bab000 	C:\Windows\SYSTEM32\CRYPTBASE.dll
0x00007ffcec890000 - 0x00007ffcec8a6000 	C:\Windows\SYSTEM32\dhcpcsvc6.DLL
0x00007ffceca80000 - 0x00007ffceca9a000 	C:\Windows\SYSTEM32\dhcpcsvc.DLL
0x00007ffcea800000 - 0x00007ffcea809000 	C:\Users\Sueli\.vscode\extensions\redhat.java-1.4.0\jre\17.0.2-win32-x86_64\bin\attach.dll

dbghelp: loaded successfully - version: 4.0.5 - missing functions: none
symbol engine: initialized successfully - sym options: 0x614 - pdb path: .;c:\Users\Sueli\.vscode\extensions\redhat.java-1.4.0\jre\17.0.2-win32-x86_64\bin;C:\Windows\SYSTEM32;C:\Windows\WinSxS\amd64_microsoft.windows.common-controls_6595b64144ccf1df_6.0.9600.17415_none_6240486fecbd8abb;c:\Users\Sueli\.vscode\extensions\redhat.java-1.4.0\jre\17.0.2-win32-x86_64\bin\server

VM Arguments:
jvm_args: -Dsts.lsp.client=vscode -Dsts.log.file=/dev/null -XX:TieredStopAtLevel=1 -Dspring.config.location=file:c:\Users\Sueli\.vscode\extensions\pivotal.vscode-spring-boot-1.32.0\language-server\BOOT-INF\classes\application.properties 
java_command: org.springframework.ide.vscode.boot.app.BootLanguageServerBootApp
java_class_path (initial): c:\Users\Sueli\.vscode\extensions\pivotal.vscode-spring-boot-1.32.0\language-server\BOOT-INF\classes;c:\Users\Sueli\.vscode\extensions\pivotal.vscode-spring-boot-1.32.0\language-server\BOOT-INF\lib\antlr4-runtime-4.5.3.jar;c:\Users\Sueli\.vscode\extensions\pivotal.vscode-spring-boot-1.32.0\language-server\BOOT-INF\lib\byte-buddy-1.10.18.jar;c:\Users\Sueli\.vscode\extensions\pivotal.vscode-spring-boot-1.32.0\language-server\BOOT-INF\lib\commons-codec-1.14.jar;c:\Users\Sueli\.vscode\extensions\pivotal.vscode-spring-boot-1.32.0\language-server\BOOT-INF\lib\commons-io-2.4.jar;c:\Users\Sueli\.vscode\extensions\pivotal.vscode-spring-boot-1.32.0\language-server\BOOT-INF\lib\commons-java-1.32.0-SNAPSHOT.jar;c:\Users\Sueli\.vscode\extensions\pivotal.vscode-spring-boot-1.32.0\language-server\BOOT-INF\lib\commons-lang3-3.10.jar;c:\Users\Sueli\.vscode\extensions\pivotal.vscode-spring-boot-1.32.0\language-server\BOOT-INF\lib\commons-language-server-1.32.0-SNAPSHOT.jar;c:\Users\Sueli\.vscode\extensions\pivotal.vscode-spring-boot-1.32.0\language-server\BOOT-INF\lib\commons-lsp-extensions-1.32.0-SNAPSHOT.jar;c:\Users\Sueli\.vscode\extensions\pivotal.vscode-spring-boot-1.32.0\language-server\BOOT-INF\lib\commons-util-1.32.0-SNAPSHOT.jar;c:\Users\Sueli\.vscode\extensions\pivotal.vscode-spring-boot-1.32.0\language-server\BOOT-INF\lib\commons-yaml-1.32.0-SNAPSHOT.jar;c:\Users\Sueli\.vscode\extensions\pivotal.vscode-spring-boot-1.32.0\language-server\BOOT-INF\lib\gson-2.8.6.jar;c:\Users\Sueli\.vscode\extensions\pivotal.vscode-spring-boot-1.32.0\language-server\BOOT-INF\lib\guava-19.0.jar;c:\Users\Sueli\.vscode\extensions\pivotal.vscode-spring-boot-1.32.0\language-server\BOOT-INF\lib\jakarta.annotation-api-1.3.5.jar;c:\Users\Sueli\.vscode\extensions\pivotal.vscode-spring-boot-1.32.0\language-server\BOOT-INF\lib\jandex-2.0.5.Final.jar;c:\Users\Sueli\.vscode\extensions\pivotal.vscode-spring-boot-1.32.0\language-server\BOOT-INF\lib\java-properties-1.32.0-SNAPSHO
Launcher Type: SUN_STANDARD

[Global flags]
     intx CICompilerCount                          = 3                                         {product} {ergonomic}
     uint ConcGCThreads                            = 1                                         {product} {ergonomic}
     uint G1ConcRefinementThreads                  = 4                                         {product} {ergonomic}
   size_t G1HeapRegionSize                         = 1048576                                   {product} {ergonomic}
    uintx GCDrainStackTargetSize                   = 64                                        {product} {ergonomic}
   size_t InitialHeapSize                          = 67108864                                  {product} {ergonomic}
   size_t MarkStackSize                            = 4194304                                   {product} {ergonomic}
   size_t MaxHeapSize                              = 1042284544                                {product} {ergonomic}
   size_t MaxNewSize                               = 624951296                                 {product} {ergonomic}
   size_t MinHeapDeltaBytes                        = 1048576                                   {product} {ergonomic}
   size_t MinHeapSize                              = 8388608                                   {product} {ergonomic}
    uintx NonProfiledCodeHeapSize                  = 0                                      {pd product} {ergonomic}
     bool ProfileInterpreter                       = false                                  {pd product} {command line}
    uintx ProfiledCodeHeapSize                     = 0                                      {pd product} {ergonomic}
   size_t SoftMaxHeapSize                          = 1042284544                             {manageable} {ergonomic}
     intx TieredStopAtLevel                        = 1                                         {product} {command line}
     bool UseCompressedClassPointers               = true                           {product lp64_product} {ergonomic}
     bool UseCompressedOops                        = true                           {product lp64_product} {ergonomic}
     bool UseG1GC                                  = true                                      {product} {ergonomic}
     bool UseLargePagesIndividualAllocation        = false                                  {pd product} {ergonomic}

Logging:
Log output configuration:
 #0: stdout all=warning uptime,level,tags
 #1: stderr all=off uptime,level,tags

Environment Variables:
JAVA_HOME=C:\Users\Sueli\AppData\Local\Programs\Eclipse Adoptium\jdk-11.0.13.8-hotspot
PATH=C:\Windows\system32;C:\Windows;C:\Windows\System32\Wbem;C:\Windows\System32\WindowsPowerShell\v1.0\;C:\Program Files (x86)\GtkSharp\2.12\bin;C:\Program Files\apache-maven-3.8.4\bin;%JAVA_HOME%\bin;C:\Program Files\Git\cmd;C:\Users\Sueli\AppData\Local\Programs\Eclipse Adoptium\jdk-11.0.13.8-hotspot\bin;C:\Program Files\mongosh\;C:\Users\Sueli\AppData\Local\Programs\Microsoft VS Code\bin
USERNAME=Sueli
OS=Windows_NT
PROCESSOR_IDENTIFIER=Intel64 Family 6 Model 78 Stepping 3, GenuineIntel



---------------  S Y S T E M  ---------------

OS:
 Windows 8.1 , 64 bit Build 9600 (6.3.9600.17415)
OS uptime: 0 days 2:54 hours

CPU: total 4 (initial active 4) (2 cores per cpu, 2 threads per core) family 6 model 78 stepping 3 microcode 0xcc, cx8, cmov, fxsr, ht, mmx, 3dnowpref, sse, sse2, sse3, ssse3, sse4.1, sse4.2, popcnt, lzcnt, tsc, tscinvbit, avx, avx2, aes, erms, clmul, bmi1, bmi2, adx, fma, vzeroupper, clflush, clflushopt

Memory: 4k page, system-wide physical 3971M (804M free)
TotalPageFile size 8971M (AvailPageFile size 5M)
current process WorkingSet (physical memory assigned to process): 115M, peak: 115M
current process commit charge ("private bytes"): 141M, peak: 153M

vm_info: OpenJDK 64-Bit Server VM (17.0.2+8) for windows-amd64 JRE (17.0.2+8), built on Jan 20 2022 04:52:34 by "" with MS VC++ 16.7 (VS2019)

END.
