#
# There is insufficient memory for the Java Runtime Environment to continue.
# Native memory allocation (malloc) failed to allocate 1048576 bytes for AllocateHeap
# Possible reasons:
#   The system is out of physical RAM or swap space
#   The process is running with CompressedOops enabled, and the Java Heap may be blocking the growth of the native heap
# Possible solutions:
#   Reduce memory load on the system
#   Increase physical memory or swap space
#   Check if swap backing store is full
#   Decrease Java heap size (-Xmx/-Xms)
#   Decrease number of Java threads
#   Decrease Java thread stack sizes (-Xss)
#   Set larger code cache with -XX:ReservedCodeCacheSize=
#   JVM is running with Unscaled Compressed Oops mode in which the Java heap is
#     placed in the first 4GB address space. The Java Heap base address is the
#     maximum limit for the native heap growth. Please use -XX:HeapBaseMinAddress
#     to set the Java Heap base and to place the Java Heap above 4GB virtual address.
# This output file may be truncated or incomplete.
#
#  Out of Memory Error (allocation.cpp:44), pid=8980, tid=4596
#
# JRE version: OpenJDK Runtime Environment Temurin-17.0.2+8 (17.0.2+8) (build 17.0.2+8)
# Java VM: OpenJDK 64-Bit Server VM Temurin-17.0.2+8 (17.0.2+8, mixed mode, emulated-client, tiered, compressed oops, compressed class ptrs, g1 gc, windows-amd64)
# No core dump will be written. Minidumps are not enabled by default on client versions of Windows
#

---------------  S U M M A R Y ------------

Command Line: -Dsts.lsp.client=vscode -Dsts.log.file=/dev/null -XX:TieredStopAtLevel=1 -Dspring.config.location=file:c:\Users\Sueli\.vscode\extensions\pivotal.vscode-spring-boot-1.32.0\language-server\BOOT-INF\classes\application.properties org.springframework.ide.vscode.boot.app.BootLanguageServerBootApp

Host: Intel(R) Core(TM) i3-6006U CPU @ 2.00GHz, 4 cores, 3G,  Windows 8.1 , 64 bit Build 9600 (6.3.9600.17415)
Time: Thu Apr  7 21:57:39 2022 Hora oficial do Brasil elapsed time: 4670.699843 seconds (0d 1h 17m 50s)

---------------  T H R E A D  ---------------

Current thread (0x000000faf1a213a0):  VMThread "VM Thread" [stack: 0x000000faf1ab0000,0x000000faf1bb0000] [id=4596]

Stack: [0x000000faf1ab0000,0x000000faf1bb0000]
Native frames: (J=compiled Java code, j=interpreted, Vv=VM code, C=native code)
V  [jvm.dll+0x67564a]
V  [jvm.dll+0x82fc04]
V  [jvm.dll+0x8313ae]
V  [jvm.dll+0x831a13]
V  [jvm.dll+0x245235]
V  [jvm.dll+0xa6393]
V  [jvm.dll+0x2f5233]
V  [jvm.dll+0x2f0f70]
V  [jvm.dll+0x2d96c7]
V  [jvm.dll+0x31c6b7]
V  [jvm.dll+0x835ebb]
V  [jvm.dll+0x836bf4]
V  [jvm.dll+0x83710c]
V  [jvm.dll+0x8374e4]
V  [jvm.dll+0x8375b0]
V  [jvm.dll+0x7dff2a]
V  [jvm.dll+0x6744d5]
C  [ucrtbase.DLL+0x1c1ae]
C  [KERNEL32.DLL+0x13d2]
C  [ntdll.dll+0x703c4]

VM_Operation (0x000000faf33cefb0): G1CollectFull, mode: safepoint, requested by thread 0x000000faf2f017b0


---------------  P R O C E S S  ---------------

Threads class SMR info:
_java_thread_list=0x000000faf2f9b0d0, length=23, elements={
0x000000faf1a24600, 0x000000faf1a275b0, 0x000000faf1a62220, 0x000000faf1a64db0,
0x000000faf1a677f0, 0x000000faf1a680b0, 0x000000faf1a68970, 0x000000faf1a8e200,
0x000000faf2fea320, 0x000000faf2fef040, 0x000000faf2f017b0, 0x000000faf3c07430,
0x000000fae70f19b0, 0x000000faf5c81ca0, 0x000000faf5c470b0, 0x000000faf5c47580,
0x000000faf5f4c470, 0x000000faf5f66180, 0x000000faf5f63630, 0x000000faf5f64e40,
0x000000faf5f66ff0, 0x000000faf5f65310, 0x000000faf5f63b00
}

Java Threads: ( => current thread )
  0x000000faf1a24600 JavaThread "Reference Handler" daemon [_thread_blocked, id=7856, stack(0x000000faf2400000,0x000000faf2500000)]
  0x000000faf1a275b0 JavaThread "Finalizer" daemon [_thread_blocked, id=6412, stack(0x000000faf2500000,0x000000faf2600000)]
  0x000000faf1a62220 JavaThread "Signal Dispatcher" daemon [_thread_blocked, id=6620, stack(0x000000faf28d0000,0x000000faf29d0000)]
  0x000000faf1a64db0 JavaThread "Attach Listener" daemon [_thread_blocked, id=5012, stack(0x000000faf29d0000,0x000000faf2ad0000)]
  0x000000faf1a677f0 JavaThread "Service Thread" daemon [_thread_blocked, id=1052, stack(0x000000faf2ad0000,0x000000faf2bd0000)]
  0x000000faf1a680b0 JavaThread "Monitor Deflation Thread" daemon [_thread_blocked, id=4400, stack(0x000000faf2bd0000,0x000000faf2cd0000)]
  0x000000faf1a68970 JavaThread "C1 CompilerThread0" daemon [_thread_blocked, id=7132, stack(0x000000faf2cd0000,0x000000faf2dd0000)]
  0x000000faf1a8e200 JavaThread "Sweeper thread" daemon [_thread_blocked, id=6580, stack(0x000000faf2dd0000,0x000000faf2ed0000)]
  0x000000faf2fea320 JavaThread "Notification Thread" daemon [_thread_blocked, id=4568, stack(0x000000faf34d0000,0x000000faf35d0000)]
  0x000000faf2fef040 JavaThread "Common-Cleaner" daemon [_thread_blocked, id=3440, stack(0x000000faf36d0000,0x000000faf37d0000)]
  0x000000faf2f017b0 JavaThread "pool-5-thread-1" [_thread_blocked, id=5076, stack(0x000000faf32d0000,0x000000faf33d0000)]
  0x000000faf3c07430 JavaThread "LanguageServerApp-lifecycle" [_thread_blocked, id=1540, stack(0x000000faf33d0000,0x000000faf34d0000)]
  0x000000fae70f19b0 JavaThread "DestroyJavaVM" [_thread_blocked, id=4700, stack(0x000000fae67a0000,0x000000fae68a0000)]
  0x000000faf5c81ca0 JavaThread "pool-6-thread-1" [_thread_in_native, id=7752, stack(0x000000faf6cd0000,0x000000faf6dd0000)]
  0x000000faf5c470b0 JavaThread "Simple-Language-Server main thread" daemon [_thread_blocked, id=4296, stack(0x000000faf6dd0000,0x000000faf6ed0000)]
  0x000000faf5c47580 JavaThread "pool-7-thread-1" [_thread_blocked, id=4380, stack(0x000000faf6ed0000,0x000000faf6fd0000)]
  0x000000faf5f4c470 JavaThread "pool-4-thread-1" [_thread_blocked, id=6624, stack(0x000000faf7800000,0x000000faf7900000)]
  0x000000faf5f66180 JavaThread "Reconciler-1" [_thread_blocked, id=500, stack(0x000000faf7900000,0x000000faf7a00000)]
  0x000000faf5f63630 JavaThread "ForkJoinPool.commonPool-worker-1" daemon [_thread_in_native, id=9116, stack(0x000000faf7a00000,0x000000faf7b00000)]
  0x000000faf5f64e40 JavaThread "ForkJoinPool.commonPool-worker-3" daemon [_thread_blocked, id=1036, stack(0x000000faf7e00000,0x000000faf7f00000)]
  0x000000faf5f66ff0 JavaThread "parallel-1" daemon [_thread_blocked, id=3344, stack(0x000000faf52e0000,0x000000faf53e0000)]
  0x000000faf5f65310 JavaThread "pool-2-thread-1" [_thread_blocked, id=1268, stack(0x000000faf8000000,0x000000faf8100000)]
  0x000000faf5f63b00 JavaThread "ForkJoinPool.commonPool-worker-4" daemon [_thread_in_native, id=8880, stack(0x000000faf6bd0000,0x000000faf6cd0000)]

Other Threads:
=>0x000000faf1a213a0 VMThread "VM Thread" [stack: 0x000000faf1ab0000,0x000000faf1bb0000] [id=4596]
  0x000000faf2fec800 WatcherThread [stack: 0x000000faf35d0000,0x000000faf36d0000] [id=5252]
  0x000000fae711df00 GCTaskThread "GC Thread#0" [stack: 0x000000fae6f90000,0x000000fae7090000] [id=3952]
  0x000000faf3b1b0e0 GCTaskThread "GC Thread#1" [stack: 0x000000faf43a0000,0x000000faf44a0000] [id=1344]
  0x000000faf38f47d0 GCTaskThread "GC Thread#2" [stack: 0x000000faf44a0000,0x000000faf45a0000] [id=4476]
  0x000000faf397dbc0 GCTaskThread "GC Thread#3" [stack: 0x000000faf45a0000,0x000000faf46a0000] [id=6180]
  0x000000fae7126990 ConcurrentGCThread "G1 Main Marker" [stack: 0x000000faef070000,0x000000faef170000] [id=6712]
  0x000000fae71282c0 ConcurrentGCThread "G1 Conc#0" [stack: 0x000000faef170000,0x000000faef270000] [id=5364]
  0x000000fae71760b0 ConcurrentGCThread "G1 Refine#0" [stack: 0x000000faf16b0000,0x000000faf17b0000] [id=7736]
  0x000000fae71779f0 ConcurrentGCThread "G1 Service" [stack: 0x000000faf17b0000,0x000000faf18b0000] [id=8204]

Threads with active compile tasks:

VM state: at safepoint (normal execution)

VM Mutex/Monitor currently owned by a thread:  ([mutex/lock_event])
[0x000000fae70ed020] Threads_lock - owner thread: 0x000000faf1a213a0
[0x000000fae70ec0f0] Heap_lock - owner thread: 0x000000faf2f017b0

Heap address: 0x00000000c1e00000, size: 994 MB, Compressed Oops mode: 32-bit

CDS archive(s) not mapped
Compressed class space mapped at: 0x0000000100000000-0x0000000140000000, reserved size: 1073741824
Narrow klass base: 0x0000000000000000, Narrow klass shift: 3, Narrow klass range: 0x140000000

GC Precious Log:
 CPUs: 4 total, 4 available
 Memory: 3971M
 Large Page Support: Disabled
 NUMA Support: Disabled
 Compressed Oops: Enabled (32-bit)
 Heap Region Size: 1M
 Heap Min Capacity: 8M
 Heap Initial Capacity: 64M
 Heap Max Capacity: 994M
 Pre-touch: Disabled
 Parallel Workers: 4
 Concurrent Workers: 1
 Concurrent Refinement Workers: 4
 Periodic GC: Disabled

Heap:
 garbage-first heap   total 90112K, used 36498K [0x00000000c1e00000, 0x0000000100000000)
  region size 1024K, 8 young (8192K), 0 survivors (0K)
 Metaspace       used 41196K, committed 41536K, reserved 1089536K
  class space    used 5254K, committed 5440K, reserved 1048576K

Heap Regions: E=young(eden), S=young(survivor), O=old, HS=humongous(starts), HC=humongous(continues), CS=collection set, F=free, OA=open archive, CA=closed archive, TAMS=top-at-mark-start (previous, next)
|   0|0x00000000c1e00000, 0x00000000c1f00000, 0x00000000c1f00000|100%| O|  |TAMS 0x00000000c1f00000, 0x00000000c1e00000| Untracked 
|   1|0x00000000c1f00000, 0x00000000c1fffff8, 0x00000000c2000000| 99%| O|  |TAMS 0x00000000c1fffff8, 0x00000000c1f00000| Untracked 
|   2|0x00000000c2000000, 0x00000000c20fff18, 0x00000000c2100000| 99%| O|  |TAMS 0x00000000c20fff18, 0x00000000c2000000| Untracked 
|   3|0x00000000c2100000, 0x00000000c2200000, 0x00000000c2200000|100%| O|  |TAMS 0x00000000c2200000, 0x00000000c2100000| Untracked 
|   4|0x00000000c2200000, 0x00000000c22fffe8, 0x00000000c2300000| 99%| O|  |TAMS 0x00000000c22fffe8, 0x00000000c2200000| Untracked 
|   5|0x00000000c2300000, 0x00000000c23fb8d0, 0x00000000c2400000| 98%| O|  |TAMS 0x00000000c23fb8d0, 0x00000000c2300000| Untracked 
|   6|0x00000000c2400000, 0x00000000c24fffd0, 0x00000000c2500000| 99%| O|  |TAMS 0x00000000c24fffd0, 0x00000000c2400000| Untracked 
|   7|0x00000000c2500000, 0x00000000c25fffd8, 0x00000000c2600000| 99%| O|  |TAMS 0x00000000c25fffd8, 0x00000000c2500000| Untracked 
|   8|0x00000000c2600000, 0x00000000c26fe010, 0x00000000c2700000| 99%| O|  |TAMS 0x00000000c26fe010, 0x00000000c2600000| Untracked 
|   9|0x00000000c2700000, 0x00000000c2800000, 0x00000000c2800000|100%| O|  |TAMS 0x00000000c2800000, 0x00000000c2700000| Untracked 
|  10|0x00000000c2800000, 0x00000000c28ffff8, 0x00000000c2900000| 99%| O|  |TAMS 0x00000000c28ffff8, 0x00000000c2800000| Untracked 
|  11|0x00000000c2900000, 0x00000000c29f44d8, 0x00000000c2a00000| 95%| O|  |TAMS 0x00000000c29f44d8, 0x00000000c2900000| Untracked 
|  12|0x00000000c2a00000, 0x00000000c2affff0, 0x00000000c2b00000| 99%| O|  |TAMS 0x00000000c2affff0, 0x00000000c2a00000| Untracked 
|  13|0x00000000c2b00000, 0x00000000c2bffff0, 0x00000000c2c00000| 99%| O|  |TAMS 0x00000000c2bffff0, 0x00000000c2b00000| Untracked 
|  14|0x00000000c2c00000, 0x00000000c2cfffe8, 0x00000000c2d00000| 99%| O|  |TAMS 0x00000000c2cfffe8, 0x00000000c2c00000| Untracked 
|  15|0x00000000c2d00000, 0x00000000c2e00000, 0x00000000c2e00000|100%| O|  |TAMS 0x00000000c2e00000, 0x00000000c2d00000| Untracked 
|  16|0x00000000c2e00000, 0x00000000c2efcd50, 0x00000000c2f00000| 98%| O|  |TAMS 0x00000000c2efcd50, 0x00000000c2e00000| Untracked 
|  17|0x00000000c2f00000, 0x00000000c2fffa00, 0x00000000c3000000| 99%| O|  |TAMS 0x00000000c2fffa00, 0x00000000c2f00000| Untracked 
|  18|0x00000000c3000000, 0x00000000c30fff48, 0x00000000c3100000| 99%| O|  |TAMS 0x00000000c30fff48, 0x00000000c3000000| Untracked 
|  19|0x00000000c3100000, 0x00000000c3200000, 0x00000000c3200000|100%| O|  |TAMS 0x00000000c3200000, 0x00000000c3100000| Untracked 
|  20|0x00000000c3200000, 0x00000000c3300000, 0x00000000c3300000|100%| O|  |TAMS 0x00000000c3300000, 0x00000000c3200000| Untracked 
|  21|0x00000000c3300000, 0x00000000c3400000, 0x00000000c3400000|100%| O|  |TAMS 0x00000000c3400000, 0x00000000c3300000| Untracked 
|  22|0x00000000c3400000, 0x00000000c34ffff0, 0x00000000c3500000| 99%| O|  |TAMS 0x00000000c34ffff0, 0x00000000c3400000| Untracked 
|  23|0x00000000c3500000, 0x00000000c35ff540, 0x00000000c3600000| 99%| O|  |TAMS 0x00000000c35ff540, 0x00000000c3500000| Untracked 
|  24|0x00000000c3600000, 0x00000000c36fff38, 0x00000000c3700000| 99%| O|  |TAMS 0x00000000c36fff38, 0x00000000c3600000| Untracked 
|  25|0x00000000c3700000, 0x00000000c37ff6e0, 0x00000000c3800000| 99%| O|  |TAMS 0x00000000c37ff6e0, 0x00000000c3700000| Untracked 
|  26|0x00000000c3800000, 0x00000000c3870220, 0x00000000c3900000| 43%| O|  |TAMS 0x00000000c3800000, 0x00000000c3800000| Untracked 
|  27|0x00000000c3900000, 0x00000000c39ffff8, 0x00000000c3a00000| 99%| O|  |TAMS 0x00000000c39ffff8, 0x00000000c3900000| Untracked 
|  28|0x00000000c3a00000, 0x00000000c3b00000, 0x00000000c3b00000|100%| O|  |TAMS 0x00000000c3b00000, 0x00000000c3a00000| Untracked 
|  29|0x00000000c3b00000, 0x00000000c3b4baa0, 0x00000000c3c00000| 29%| O|  |TAMS 0x00000000c3b00000, 0x00000000c3b00000| Untracked 
|  30|0x00000000c3c00000, 0x00000000c3c00000, 0x00000000c3d00000|  0%| F|  |TAMS 0x00000000c3c00000, 0x00000000c3c00000| Untracked 
|  31|0x00000000c3d00000, 0x00000000c3d00000, 0x00000000c3e00000|  0%| F|  |TAMS 0x00000000c3d00000, 0x00000000c3d00000| Untracked 
|  32|0x00000000c3e00000, 0x00000000c3e00000, 0x00000000c3f00000|  0%| F|  |TAMS 0x00000000c3e00000, 0x00000000c3e00000| Untracked 
|  33|0x00000000c3f00000, 0x00000000c3f00000, 0x00000000c4000000|  0%| F|  |TAMS 0x00000000c3f00000, 0x00000000c3f00000| Untracked 
|  34|0x00000000c4000000, 0x00000000c4000000, 0x00000000c4100000|  0%| F|  |TAMS 0x00000000c4000000, 0x00000000c4000000| Untracked 
|  35|0x00000000c4100000, 0x00000000c4100000, 0x00000000c4200000|  0%| F|  |TAMS 0x00000000c4100000, 0x00000000c4100000| Untracked 
|  36|0x00000000c4200000, 0x00000000c4200000, 0x00000000c4300000|  0%| F|  |TAMS 0x00000000c4200000, 0x00000000c4200000| Untracked 
|  37|0x00000000c4300000, 0x00000000c4300000, 0x00000000c4400000|  0%| F|  |TAMS 0x00000000c4300000, 0x00000000c4300000| Untracked 
|  38|0x00000000c4400000, 0x00000000c4400000, 0x00000000c4500000|  0%| F|  |TAMS 0x00000000c4400000, 0x00000000c4400000| Untracked 
|  39|0x00000000c4500000, 0x00000000c4500000, 0x00000000c4600000|  0%| F|  |TAMS 0x00000000c4500000, 0x00000000c4500000| Untracked 
|  40|0x00000000c4600000, 0x00000000c4600000, 0x00000000c4700000|  0%| F|  |TAMS 0x00000000c4600000, 0x00000000c4600000| Untracked 
|  41|0x00000000c4700000, 0x00000000c4700000, 0x00000000c4800000|  0%| F|  |TAMS 0x00000000c4700000, 0x00000000c4700000| Untracked 
|  42|0x00000000c4800000, 0x00000000c4800000, 0x00000000c4900000|  0%| F|  |TAMS 0x00000000c4800000, 0x00000000c4800000| Untracked 
|  43|0x00000000c4900000, 0x00000000c4900000, 0x00000000c4a00000|  0%| F|  |TAMS 0x00000000c4900000, 0x00000000c4900000| Untracked 
|  44|0x00000000c4a00000, 0x00000000c4a00000, 0x00000000c4b00000|  0%| F|  |TAMS 0x00000000c4a00000, 0x00000000c4a00000| Untracked 
|  45|0x00000000c4b00000, 0x00000000c4b00000, 0x00000000c4c00000|  0%| F|  |TAMS 0x00000000c4b00000, 0x00000000c4b00000| Untracked 
|  46|0x00000000c4c00000, 0x00000000c4c00000, 0x00000000c4d00000|  0%| F|  |TAMS 0x00000000c4c00000, 0x00000000c4c00000| Untracked 
|  47|0x00000000c4d00000, 0x00000000c4d00000, 0x00000000c4e00000|  0%| F|  |TAMS 0x00000000c4d00000, 0x00000000c4d00000| Untracked 
|  48|0x00000000c4e00000, 0x00000000c4e00000, 0x00000000c4f00000|  0%| F|  |TAMS 0x00000000c4e00000, 0x00000000c4e00000| Untracked 
|  49|0x00000000c4f00000, 0x00000000c4f00000, 0x00000000c5000000|  0%| F|  |TAMS 0x00000000c4f00000, 0x00000000c4f00000| Untracked 
|  50|0x00000000c5000000, 0x00000000c5000000, 0x00000000c5100000|  0%| F|  |TAMS 0x00000000c5000000, 0x00000000c5000000| Untracked 
|  51|0x00000000c5100000, 0x00000000c5100000, 0x00000000c5200000|  0%| F|  |TAMS 0x00000000c5100000, 0x00000000c5100000| Untracked 
|  52|0x00000000c5200000, 0x00000000c5200000, 0x00000000c5300000|  0%| F|  |TAMS 0x00000000c5200000, 0x00000000c5200000| Untracked 
|  53|0x00000000c5300000, 0x00000000c5300000, 0x00000000c5400000|  0%| F|  |TAMS 0x00000000c5300000, 0x00000000c5300000| Untracked 
|  54|0x00000000c5400000, 0x00000000c5400000, 0x00000000c5500000|  0%| F|  |TAMS 0x00000000c5400000, 0x00000000c5400000| Untracked 
|  55|0x00000000c5500000, 0x00000000c5500000, 0x00000000c5600000|  0%| F|  |TAMS 0x00000000c5500000, 0x00000000c5500000| Untracked 
|  56|0x00000000c5600000, 0x00000000c5600000, 0x00000000c5700000|  0%| F|  |TAMS 0x00000000c5600000, 0x00000000c5600000| Untracked 
|  57|0x00000000c5700000, 0x00000000c5700000, 0x00000000c5800000|  0%| F|  |TAMS 0x00000000c5700000, 0x00000000c5700000| Untracked 
|  58|0x00000000c5800000, 0x00000000c5800000, 0x00000000c5900000|  0%| F|  |TAMS 0x00000000c5800000, 0x00000000c5800000| Untracked 
|  59|0x00000000c5900000, 0x00000000c5900000, 0x00000000c5a00000|  0%| F|  |TAMS 0x00000000c5900000, 0x00000000c5900000| Untracked 
|  60|0x00000000c5a00000, 0x00000000c5a00000, 0x00000000c5b00000|  0%| F|  |TAMS 0x00000000c5a00000, 0x00000000c5a00000| Untracked 
|  61|0x00000000c5b00000, 0x00000000c5b00000, 0x00000000c5c00000|  0%| F|  |TAMS 0x00000000c5b00000, 0x00000000c5b00000| Untracked 
|  62|0x00000000c5c00000, 0x00000000c5c00000, 0x00000000c5d00000|  0%| F|  |TAMS 0x00000000c5c00000, 0x00000000c5c00000| Untracked 
|  63|0x00000000c5d00000, 0x00000000c5d00000, 0x00000000c5e00000|  0%| F|  |TAMS 0x00000000c5d00000, 0x00000000c5d00000| Untracked 
|  64|0x00000000c5e00000, 0x00000000c5e00000, 0x00000000c5f00000|  0%| F|  |TAMS 0x00000000c5e00000, 0x00000000c5e00000| Untracked 
|  65|0x00000000c5f00000, 0x00000000c5f00000, 0x00000000c6000000|  0%| F|  |TAMS 0x00000000c5f00000, 0x00000000c5f00000| Untracked 
|  66|0x00000000c6000000, 0x00000000c6000000, 0x00000000c6100000|  0%| F|  |TAMS 0x00000000c6000000, 0x00000000c6000000| Untracked 
|  67|0x00000000c6100000, 0x00000000c6100000, 0x00000000c6200000|  0%| F|  |TAMS 0x00000000c6100000, 0x00000000c6100000| Untracked 
|  68|0x00000000c6200000, 0x00000000c6200000, 0x00000000c6300000|  0%| F|  |TAMS 0x00000000c6200000, 0x00000000c6200000| Untracked 
|  69|0x00000000c6300000, 0x00000000c6300000, 0x00000000c6400000|  0%| F|  |TAMS 0x00000000c6300000, 0x00000000c6300000| Untracked 
|  70|0x00000000c6400000, 0x00000000c6400000, 0x00000000c6500000|  0%| F|  |TAMS 0x00000000c6400000, 0x00000000c6400000| Untracked 
|  71|0x00000000c6500000, 0x00000000c6500000, 0x00000000c6600000|  0%| F|  |TAMS 0x00000000c6500000, 0x00000000c6500000| Untracked 
|  72|0x00000000c6600000, 0x00000000c6600000, 0x00000000c6700000|  0%| F|  |TAMS 0x00000000c6600000, 0x00000000c6600000| Untracked 
|  73|0x00000000c6700000, 0x00000000c6700000, 0x00000000c6800000|  0%| F|  |TAMS 0x00000000c6700000, 0x00000000c6700000| Untracked 
|  74|0x00000000c6800000, 0x00000000c6800000, 0x00000000c6900000|  0%| F|  |TAMS 0x00000000c6800000, 0x00000000c6800000| Untracked 
|  75|0x00000000c6900000, 0x00000000c6900000, 0x00000000c6a00000|  0%| F|  |TAMS 0x00000000c6900000, 0x00000000c6900000| Untracked 
|  76|0x00000000c6a00000, 0x00000000c6a00000, 0x00000000c6b00000|  0%| F|  |TAMS 0x00000000c6a00000, 0x00000000c6a00000| Untracked 
|  77|0x00000000c6b00000, 0x00000000c6b00000, 0x00000000c6c00000|  0%| F|  |TAMS 0x00000000c6b00000, 0x00000000c6b00000| Untracked 
|  78|0x00000000c6c00000, 0x00000000c6c00000, 0x00000000c6d00000|  0%| F|  |TAMS 0x00000000c6c00000, 0x00000000c6c00000| Untracked 
|  79|0x00000000c6d00000, 0x00000000c6d00000, 0x00000000c6e00000|  0%| F|  |TAMS 0x00000000c6d00000, 0x00000000c6d00000| Untracked 
|  80|0x00000000c6e00000, 0x00000000c6e05918, 0x00000000c6f00000|  2%| E|  |TAMS 0x00000000c6e00000, 0x00000000c6e00000| Complete 
|  81|0x00000000c6f00000, 0x00000000c7000000, 0x00000000c7000000|100%| E|CS|TAMS 0x00000000c6f00000, 0x00000000c6f00000| Complete 
|  82|0x00000000c7000000, 0x00000000c7100000, 0x00000000c7100000|100%| E|CS|TAMS 0x00000000c7000000, 0x00000000c7000000| Complete 
|  83|0x00000000c7100000, 0x00000000c7200000, 0x00000000c7200000|100%| E|CS|TAMS 0x00000000c7100000, 0x00000000c7100000| Complete 
|  84|0x00000000c7200000, 0x00000000c7300000, 0x00000000c7300000|100%| E|CS|TAMS 0x00000000c7200000, 0x00000000c7200000| Complete 
|  85|0x00000000c7300000, 0x00000000c7400000, 0x00000000c7400000|100%| E|CS|TAMS 0x00000000c7300000, 0x00000000c7300000| Complete 
|  86|0x00000000c7400000, 0x00000000c7500000, 0x00000000c7500000|100%| E|CS|TAMS 0x00000000c7400000, 0x00000000c7400000| Complete 
|  87|0x00000000c7500000, 0x00000000c7600000, 0x00000000c7600000|100%| E|CS|TAMS 0x00000000c7500000, 0x00000000c7500000| Complete 

Card table byte_map: [0x000000faecd50000,0x000000faecf50000] _byte_map_base: 0x000000faec741000

Marking Bits (Prev, Next): (CMBitMap*) 0x000000fae711e460, (CMBitMap*) 0x000000fae711e420
 Prev Bits: [0x000000faee0e0000, 0x000000faef068000)
 Next Bits: [0x000000faed150000, 0x000000faee0d8000)

Polling page: 0x000000fae68a0000

Metaspace:

Usage:
  Non-class:     35.10 MB used.
      Class:      5.13 MB used.
       Both:     40.23 MB used.

Virtual space:
  Non-class space:       40.00 MB reserved,      35.25 MB ( 88%) committed,  5 nodes.
      Class space:        1.00 GB reserved,       5.31 MB ( <1%) committed,  1 nodes.
             Both:        1.04 GB reserved,      40.56 MB (  4%) committed. 

Chunk freelists:
   Non-Class:  540.00 KB
       Class:  2.69 MB
        Both:  3.22 MB

MaxMetaspaceSize: unlimited
CompressedClassSpaceSize: 1.00 GB
Initial GC threshold: 21.00 MB
Current GC threshold: 67.44 MB
CDS: off
MetaspaceReclaimPolicy: balanced
 - commit_granule_bytes: 65536.
 - commit_granule_words: 8192.
 - virtual_space_node_default_size: 1048576.
 - enlarge_chunks_in_place: 1.
 - new_chunks_are_fully_committed: 0.
 - uncommit_free_chunks: 1.
 - use_allocation_guard: 0.
 - handle_deallocations: 1.


Internal statistics:

num_allocs_failed_limit: 3.
num_arena_births: 512.
num_arena_deaths: 178.
num_vsnodes_births: 6.
num_vsnodes_deaths: 0.
num_space_committed: 649.
num_space_uncommitted: 0.
num_chunks_returned_to_freelist: 206.
num_chunks_taken_from_freelist: 1849.
num_chunk_merges: 65.
num_chunk_splits: 1199.
num_chunks_enlarged: 891.
num_purges: 18.
num_inconsistent_stats: 0.

CodeCache: size=49152Kb used=13887Kb max_used=15013Kb free=35264Kb
 bounds [0x000000fae9d50000, 0x000000faeac20000, 0x000000faecd50000]
 total_blobs=7671 nmethods=7117 adapters=481
 compilation: enabled
              stopped_count=0, restarted_count=0
 full_count=0

Compilation events (20 events):
Event: 4386.424 Thread 0x000000faf1a68970 nmethod 7219 0x000000faea9dc290 code [0x000000faea9dc420, 0x000000faea9dc4d8]
Event: 4386.424 Thread 0x000000faf1a68970 7218       1       org.eclipse.jdt.internal.compiler.lookup.ReferenceBinding::retrieveAnnotationHolder (24 bytes)
Event: 4386.424 Thread 0x000000faf1a68970 nmethod 7218 0x000000faea9dbe90 code [0x000000faea9dc040, 0x000000faea9dc1b8]
Event: 4386.424 Thread 0x000000faf1a68970 7220       1       org.eclipse.jdt.core.dom.ASTVisitor::endVisit (1 bytes)
Event: 4386.697 Thread 0x000000faf1a68970 nmethod 7220 0x000000faea9dbb90 code [0x000000faea9dbd20, 0x000000faea9dbdd8]
Event: 4386.697 Thread 0x000000faf1a68970 7223       1       org.eclipse.jdt.core.dom.ClassInstanceCreation::getExpression (5 bytes)
Event: 4386.697 Thread 0x000000faf1a68970 nmethod 7223 0x000000faea9db890 code [0x000000faea9dba20, 0x000000faea9dbaf8]
Event: 4386.697 Thread 0x000000faf1a68970 7224       1       org.eclipse.jdt.core.dom.ClassInstanceCreation::getAnonymousClassDeclaration (5 bytes)
Event: 4386.872 Thread 0x000000faf3d768a0 nmethod 7215 0x000000faea9db490 code [0x000000faea9db620, 0x000000faea9db788]
Event: 4387.009 Thread 0x000000faf1a68970 nmethod 7224 0x000000faea9db190 code [0x000000faea9db320, 0x000000faea9db3f8]
Event: 4573.328 Thread 0x000000faf1a68970 7225       1       com.google.common.cache.LocalCache::connectWriteOrder (15 bytes)
Event: 4573.412 Thread 0x000000faf1a68970 nmethod 7225 0x000000faea9dae10 code [0x000000faea9dafc0, 0x000000faea9db0d8]
Event: 4573.431 Thread 0x000000faf1a68970 7226   !   1       org.eclipse.jdt.internal.compiler.classfmt.MethodInfoWithParameterAnnotations::getParameterAnnotations (138 bytes)
Event: 4573.584 Thread 0x000000faf1a68970 nmethod 7226 0x000000faea9d9390 code [0x000000faea9d9660, 0x000000faea9da5a8]
Event: 4573.585 Thread 0x000000faf1a68970 7234       1       org.eclipse.jdt.internal.compiler.ast.ASTNode::resolvePolyExpressionArguments (459 bytes)
Event: 4573.585 Thread 0x000000faf3d77a40 7233       1       org.eclipse.jdt.internal.compiler.lookup.InferenceContext18::addConstraintsToC_OneExpr (629 bytes)
Event: 4573.595 Thread 0x000000faf5e67a20 7241       1       org.eclipse.jdt.internal.compiler.codegen.CodeStream::invoke (344 bytes)
Event: 4573.693 Thread 0x000000faf5e67a20 nmethod 7241 0x000000faea9d8790 code [0x000000faea9d89a0, 0x000000faea9d8f58]
Event: 4573.752 Thread 0x000000faf1a68970 nmethod 7234 0x000000faea9d6c10 code [0x000000faea9d6f20, 0x000000faea9d7d08]
Event: 4573.820 Thread 0x000000faf3d77a40 nmethod 7233 0x000000faea9d4490 code [0x000000faea9d48c0, 0x000000faea9d5eb8]

GC Heap History (20 events):
Event: 4518.954 GC heap before
{Heap before GC invocations=406 (full 321):
 garbage-first heap   total 90112K, used 36504K [0x00000000c1e00000, 0x0000000100000000)
  region size 1024K, 8 young (8192K), 0 survivors (0K)
 Metaspace       used 41194K, committed 41536K, reserved 1089536K
  class space    used 5253K, committed 5440K, reserved 1048576K
}
Event: 4519.099 GC heap after
{Heap after GC invocations=407 (full 322):
 garbage-first heap   total 90112K, used 29336K [0x00000000c1e00000, 0x0000000100000000)
  region size 1024K, 0 young (0K), 0 survivors (0K)
 Metaspace       used 41194K, committed 41536K, reserved 1089536K
  class space    used 5253K, committed 5440K, reserved 1048576K
}
Event: 4529.695 GC heap before
{Heap before GC invocations=407 (full 322):
 garbage-first heap   total 90112K, used 36504K [0x00000000c1e00000, 0x0000000100000000)
  region size 1024K, 8 young (8192K), 0 survivors (0K)
 Metaspace       used 41194K, committed 41536K, reserved 1089536K
  class space    used 5253K, committed 5440K, reserved 1048576K
}
Event: 4529.834 GC heap after
{Heap after GC invocations=408 (full 323):
 garbage-first heap   total 90112K, used 29336K [0x00000000c1e00000, 0x0000000100000000)
  region size 1024K, 0 young (0K), 0 survivors (0K)
 Metaspace       used 41194K, committed 41536K, reserved 1089536K
  class space    used 5253K, committed 5440K, reserved 1048576K
}
Event: 4540.480 GC heap before
{Heap before GC invocations=408 (full 323):
 garbage-first heap   total 90112K, used 36504K [0x00000000c1e00000, 0x0000000100000000)
  region size 1024K, 8 young (8192K), 0 survivors (0K)
 Metaspace       used 41194K, committed 41536K, reserved 1089536K
  class space    used 5253K, committed 5440K, reserved 1048576K
}
Event: 4540.620 GC heap after
{Heap after GC invocations=409 (full 324):
 garbage-first heap   total 90112K, used 29336K [0x00000000c1e00000, 0x0000000100000000)
  region size 1024K, 0 young (0K), 0 survivors (0K)
 Metaspace       used 41194K, committed 41536K, reserved 1089536K
  class space    used 5253K, committed 5440K, reserved 1048576K
}
Event: 4551.343 GC heap before
{Heap before GC invocations=409 (full 324):
 garbage-first heap   total 90112K, used 36504K [0x00000000c1e00000, 0x0000000100000000)
  region size 1024K, 8 young (8192K), 0 survivors (0K)
 Metaspace       used 41194K, committed 41536K, reserved 1089536K
  class space    used 5253K, committed 5440K, reserved 1048576K
}
Event: 4551.524 GC heap after
{Heap after GC invocations=410 (full 325):
 garbage-first heap   total 90112K, used 29336K [0x00000000c1e00000, 0x0000000100000000)
  region size 1024K, 0 young (0K), 0 survivors (0K)
 Metaspace       used 41194K, committed 41536K, reserved 1089536K
  class space    used 5253K, committed 5440K, reserved 1048576K
}
Event: 4610.982 GC heap before
{Heap before GC invocations=410 (full 325):
 garbage-first heap   total 90112K, used 73368K [0x00000000c1e00000, 0x0000000100000000)
  region size 1024K, 44 young (45056K), 0 survivors (0K)
 Metaspace       used 41196K, committed 41536K, reserved 1089536K
  class space    used 5254K, committed 5440K, reserved 1048576K
}
Event: 4611.008 GC heap after
{Heap after GC invocations=411 (full 325):
 garbage-first heap   total 90112K, used 30698K [0x00000000c1e00000, 0x0000000100000000)
  region size 1024K, 2 young (2048K), 2 survivors (2048K)
 Metaspace       used 41196K, committed 41536K, reserved 1089536K
  class space    used 5254K, committed 5440K, reserved 1048576K
}
Event: 4612.437 GC heap before
{Heap before GC invocations=412 (full 325):
 garbage-first heap   total 90112K, used 32462K [0x00000000c1e00000, 0x0000000100000000)
  region size 1024K, 5 young (5120K), 2 survivors (2048K)
 Metaspace       used 41196K, committed 41536K, reserved 1089536K
  class space    used 5254K, committed 5440K, reserved 1048576K
}
Event: 4613.411 GC heap after
{Heap after GC invocations=413 (full 326):
 garbage-first heap   total 90112K, used 29326K [0x00000000c1e00000, 0x0000000100000000)
  region size 1024K, 0 young (0K), 0 survivors (0K)
 Metaspace       used 41196K, committed 41536K, reserved 1089536K
  class space    used 5254K, committed 5440K, reserved 1048576K
}
Event: 4624.741 GC heap before
{Heap before GC invocations=413 (full 326):
 garbage-first heap   total 90112K, used 36494K [0x00000000c1e00000, 0x0000000100000000)
  region size 1024K, 8 young (8192K), 0 survivors (0K)
 Metaspace       used 41196K, committed 41536K, reserved 1089536K
  class space    used 5254K, committed 5440K, reserved 1048576K
}
Event: 4624.912 GC heap after
{Heap after GC invocations=414 (full 327):
 garbage-first heap   total 90112K, used 29330K [0x00000000c1e00000, 0x0000000100000000)
  region size 1024K, 0 young (0K), 0 survivors (0K)
 Metaspace       used 41196K, committed 41536K, reserved 1089536K
  class space    used 5254K, committed 5440K, reserved 1048576K
}
Event: 4636.402 GC heap before
{Heap before GC invocations=414 (full 327):
 garbage-first heap   total 90112K, used 36498K [0x00000000c1e00000, 0x0000000100000000)
  region size 1024K, 8 young (8192K), 0 survivors (0K)
 Metaspace       used 41196K, committed 41536K, reserved 1089536K
  class space    used 5254K, committed 5440K, reserved 1048576K
}
Event: 4636.539 GC heap after
{Heap after GC invocations=415 (full 328):
 garbage-first heap   total 90112K, used 29330K [0x00000000c1e00000, 0x0000000100000000)
  region size 1024K, 0 young (0K), 0 survivors (0K)
 Metaspace       used 41196K, committed 41536K, reserved 1089536K
  class space    used 5254K, committed 5440K, reserved 1048576K
}
Event: 4647.879 GC heap before
{Heap before GC invocations=415 (full 328):
 garbage-first heap   total 90112K, used 39570K [0x00000000c1e00000, 0x0000000100000000)
  region size 1024K, 11 young (11264K), 0 survivors (0K)
 Metaspace       used 41196K, committed 41536K, reserved 1089536K
  class space    used 5254K, committed 5440K, reserved 1048576K
}
Event: 4648.008 GC heap after
{Heap after GC invocations=416 (full 329):
 garbage-first heap   total 90112K, used 29332K [0x00000000c1e00000, 0x0000000100000000)
  region size 1024K, 0 young (0K), 0 survivors (0K)
 Metaspace       used 41196K, committed 41536K, reserved 1089536K
  class space    used 5254K, committed 5440K, reserved 1048576K
}
Event: 4659.390 GC heap before
{Heap before GC invocations=416 (full 329):
 garbage-first heap   total 90112K, used 36500K [0x00000000c1e00000, 0x0000000100000000)
  region size 1024K, 8 young (8192K), 0 survivors (0K)
 Metaspace       used 41196K, committed 41536K, reserved 1089536K
  class space    used 5254K, committed 5440K, reserved 1048576K
}
Event: 4659.530 GC heap after
{Heap after GC invocations=417 (full 330):
 garbage-first heap   total 90112K, used 29330K [0x00000000c1e00000, 0x0000000100000000)
  region size 1024K, 0 young (0K), 0 survivors (0K)
 Metaspace       used 41196K, committed 41536K, reserved 1089536K
  class space    used 5254K, committed 5440K, reserved 1048576K
}

Deoptimization events (20 events):
Event: 64.427 Thread 0x000000faf5f66180 DEOPT PACKING pc=0x000000faea589914 sp=0x000000faf79fc8e0
Event: 64.427 Thread 0x000000faf5f66180 DEOPT UNPACKING pc=0x000000fae9da2b43 sp=0x000000faf79fbd98 mode 3
Event: 64.628 Thread 0x000000faf5f66180 DEOPT PACKING pc=0x000000faea5b8bdb sp=0x000000faf79fcf40
Event: 64.628 Thread 0x000000faf5f66180 DEOPT UNPACKING pc=0x000000fae9da2b43 sp=0x000000faf79fc3d8 mode 3
Event: 66.896 Thread 0x000000faf5f65310 DEOPT PACKING pc=0x000000faea66633e sp=0x000000faf80fde20
Event: 66.896 Thread 0x000000faf5f65310 DEOPT UNPACKING pc=0x000000fae9da2b43 sp=0x000000faf80fd318 mode 3
Event: 66.899 Thread 0x000000faf5f65310 DEOPT PACKING pc=0x000000faea675546 sp=0x000000faf80fe090
Event: 66.899 Thread 0x000000faf5f65310 DEOPT UNPACKING pc=0x000000fae9da2b43 sp=0x000000faf80fd580 mode 3
Event: 265.911 Thread 0x000000faf5c81ca0 DEOPT PACKING pc=0x000000fae9e6ea54 sp=0x000000faf6dcedf0
Event: 265.911 Thread 0x000000faf5c81ca0 DEOPT UNPACKING pc=0x000000fae9da2b43 sp=0x000000faf6dce278 mode 0
Event: 811.799 Thread 0x000000faf5f64e40 DEOPT PACKING pc=0x000000faea723f8f sp=0x000000faf7efd9f0
Event: 811.800 Thread 0x000000faf5f64e40 DEOPT UNPACKING pc=0x000000fae9da2b43 sp=0x000000faf7efcfc0 mode 3
Event: 1037.937 Thread 0x000000faf5f66180 DEOPT PACKING pc=0x000000faea268e14 sp=0x000000faf79fd430
Event: 1037.982 Thread 0x000000faf5f66180 DEOPT UNPACKING pc=0x000000fae9da2b43 sp=0x000000faf79fc9a0 mode 0
Event: 1664.970 Thread 0x000000faf5f66180 DEOPT PACKING pc=0x000000faeaa5dba0 sp=0x000000faf79fc450
Event: 1664.986 Thread 0x000000faf5f66180 DEOPT UNPACKING pc=0x000000fae9da2b43 sp=0x000000faf79fb8d0 mode 3
Event: 1666.815 Thread 0x000000faf5f64e40 DEOPT PACKING pc=0x000000faea979909 sp=0x000000faf7efd760
Event: 1666.815 Thread 0x000000faf5f64e40 DEOPT UNPACKING pc=0x000000fae9da2b43 sp=0x000000faf7efcd10 mode 3
Event: 2084.317 Thread 0x000000faf5f66180 DEOPT PACKING pc=0x000000faeaad77c5 sp=0x000000faf79fd1b0
Event: 2084.343 Thread 0x000000faf5f66180 DEOPT UNPACKING pc=0x000000fae9da2b43 sp=0x000000faf79fc6d0 mode 3

Classes unloaded (20 events):
Event: 1217.006 Thread 0x000000faf1a213a0 Unloading class 0x00000001003f4000 'java/lang/invoke/LambdaForm$MH+0x00000001003f4000'
Event: 1286.447 Thread 0x000000faf1a213a0 Unloading class 0x000000010054f800 'jdk/internal/reflect/GeneratedConstructorAccessor33'
Event: 1286.447 Thread 0x000000faf1a213a0 Unloading class 0x000000010054f000 'jdk/internal/reflect/GeneratedMethodAccessor20'
Event: 1286.447 Thread 0x000000faf1a213a0 Unloading class 0x000000010054ec00 'jdk/internal/reflect/GeneratedConstructorAccessor31'
Event: 1286.447 Thread 0x000000faf1a213a0 Unloading class 0x000000010054e800 'jdk/internal/reflect/GeneratedMethodAccessor19'
Event: 1286.447 Thread 0x000000faf1a213a0 Unloading class 0x000000010054e400 'jdk/internal/reflect/GeneratedConstructorAccessor30'
Event: 1286.447 Thread 0x000000faf1a213a0 Unloading class 0x000000010054e000 'jdk/internal/reflect/GeneratedMethodAccessor18'
Event: 1286.447 Thread 0x000000faf1a213a0 Unloading class 0x000000010054dc00 'jdk/internal/reflect/GeneratedMethodAccessor17'
Event: 1286.447 Thread 0x000000faf1a213a0 Unloading class 0x000000010054d800 'jdk/internal/reflect/GeneratedMethodAccessor16'
Event: 1286.447 Thread 0x000000faf1a213a0 Unloading class 0x000000010054cc00 'java/lang/invoke/LambdaForm$MH+0x000000010054cc00'
Event: 1286.447 Thread 0x000000faf1a213a0 Unloading class 0x000000010054c800 'java/lang/invoke/LambdaForm$MH+0x000000010054c800'
Event: 1286.448 Thread 0x000000faf1a213a0 Unloading class 0x000000010054c400 'java/lang/invoke/LambdaForm$MH+0x000000010054c400'
Event: 1286.448 Thread 0x000000faf1a213a0 Unloading class 0x000000010054c000 'java/lang/invoke/LambdaForm$MH+0x000000010054c000'
Event: 2252.013 Thread 0x000000faf1a213a0 Unloading class 0x000000010054cc00 'jdk/internal/reflect/GeneratedMethodAccessor29'
Event: 2252.037 Thread 0x000000faf1a213a0 Unloading class 0x000000010054c800 'jdk/internal/reflect/GeneratedConstructorAccessor41'
Event: 2252.037 Thread 0x000000faf1a213a0 Unloading class 0x000000010054c400 'jdk/internal/reflect/GeneratedMethodAccessor28'
Event: 2252.037 Thread 0x000000faf1a213a0 Unloading class 0x000000010054c000 'jdk/internal/reflect/GeneratedConstructorAccessor40'
Event: 2252.037 Thread 0x000000faf1a213a0 Unloading class 0x00000001003f4400 'jdk/internal/reflect/GeneratedMethodAccessor27'
Event: 2252.037 Thread 0x000000faf1a213a0 Unloading class 0x00000001003f4000 'jdk/internal/reflect/GeneratedMethodAccessor26'
Event: 2252.037 Thread 0x000000faf1a213a0 Unloading class 0x000000010054dc00 'jdk/internal/reflect/GeneratedMethodAccessor25'

Classes redefined (0 events):
No events

Internal exceptions (20 events):
Event: 2181.616 Thread 0x000000faf5f65310 Exception <a 'java/lang/ArrayIndexOutOfBoundsException'{0x00000000c6467f00}> (0x00000000c6467f00) 
thrown [e:\jenkins\tmp\workspace\build\src\src\hotspot\share\runtime\sharedRuntime.cpp, line 628]
Event: 2181.806 Thread 0x000000faf5f65310 Exception <a 'java/lang/ArrayIndexOutOfBoundsException'{0x00000000c620fd48}> (0x00000000c620fd48) 
thrown [e:\jenkins\tmp\workspace\build\src\src\hotspot\share\runtime\sharedRuntime.cpp, line 628]
Event: 2181.904 Thread 0x000000faf5f65310 Exception <a 'java/lang/ArrayIndexOutOfBoundsException'{0x00000000c5538508}> (0x00000000c5538508) 
thrown [e:\jenkins\tmp\workspace\build\src\src\hotspot\share\runtime\sharedRuntime.cpp, line 628]
Event: 2182.064 Thread 0x000000faf5f65310 Exception <a 'java/lang/ArrayIndexOutOfBoundsException'{0x00000000c530b4b8}> (0x00000000c530b4b8) 
thrown [e:\jenkins\tmp\workspace\build\src\src\hotspot\share\runtime\sharedRuntime.cpp, line 628]
Event: 2182.167 Thread 0x000000faf5f65310 Exception <a 'java/lang/ArrayIndexOutOfBoundsException'{0x00000000c70292b8}> (0x00000000c70292b8) 
thrown [e:\jenkins\tmp\workspace\build\src\src\hotspot\share\runtime\sharedRuntime.cpp, line 628]
Event: 2182.352 Thread 0x000000faf5f65310 Exception <a 'java/lang/ArrayIndexOutOfBoundsException'{0x00000000c6fd2ed8}> (0x00000000c6fd2ed8) 
thrown [e:\jenkins\tmp\workspace\build\src\src\hotspot\share\runtime\sharedRuntime.cpp, line 628]
Event: 2182.451 Thread 0x000000faf5f65310 Exception <a 'java/lang/ArrayIndexOutOfBoundsException'{0x00000000c62f0bb8}> (0x00000000c62f0bb8) 
thrown [e:\jenkins\tmp\workspace\build\src\src\hotspot\share\runtime\sharedRuntime.cpp, line 628]
Event: 2191.054 Thread 0x000000faf5f64e40 Exception <a 'java/lang/ArrayIndexOutOfBoundsException'{0x00000000c59b9130}> (0x00000000c59b9130) 
thrown [e:\jenkins\tmp\workspace\build\src\src\hotspot\share\runtime\sharedRuntime.cpp, line 628]
Event: 2191.117 Thread 0x000000faf5f64e40 Exception <a 'java/lang/ArrayIndexOutOfBoundsException'{0x00000000c4cd8628}> (0x00000000c4cd8628) 
thrown [e:\jenkins\tmp\workspace\build\src\src\hotspot\share\runtime\sharedRuntime.cpp, line 628]
Event: 4362.325 Thread 0x000000faf5f66180 Exception <a 'java/lang/ArrayIndexOutOfBoundsException'{0x00000000c6b705b0}> (0x00000000c6b705b0) 
thrown [e:\jenkins\tmp\workspace\build\src\src\hotspot\share\runtime\sharedRuntime.cpp, line 628]
Event: 4374.304 Thread 0x000000faf5f64e40 Exception <a 'java/lang/ArrayIndexOutOfBoundsException'{0x00000000c6271850}> (0x00000000c6271850) 
thrown [e:\jenkins\tmp\workspace\build\src\src\hotspot\share\runtime\sharedRuntime.cpp, line 628]
Event: 4379.082 Thread 0x000000faf5f64e40 Exception <a 'java/lang/ArrayIndexOutOfBoundsException'{0x00000000c5056a30}> (0x00000000c5056a30) 
thrown [e:\jenkins\tmp\workspace\build\src\src\hotspot\share\runtime\sharedRuntime.cpp, line 628]
Event: 4379.086 Thread 0x000000faf5f64e40 Exception <a 'java/lang/ArrayIndexOutOfBoundsException'{0x00000000c506a128}> (0x00000000c506a128) 
thrown [e:\jenkins\tmp\workspace\build\src\src\hotspot\share\runtime\sharedRuntime.cpp, line 628]
Event: 4379.144 Thread 0x000000faf5f64e40 Exception <a 'java/lang/ArrayIndexOutOfBoundsException'{0x00000000c507bf68}> (0x00000000c507bf68) 
thrown [e:\jenkins\tmp\workspace\build\src\src\hotspot\share\runtime\sharedRuntime.cpp, line 628]
Event: 4379.149 Thread 0x000000faf5f64e40 Exception <a 'java/lang/ArrayIndexOutOfBoundsException'{0x00000000c508bbd0}> (0x00000000c508bbd0) 
thrown [e:\jenkins\tmp\workspace\build\src\src\hotspot\share\runtime\sharedRuntime.cpp, line 628]
Event: 4379.189 Thread 0x000000faf5f64e40 Exception <a 'java/lang/ArrayIndexOutOfBoundsException'{0x00000000c50a1720}> (0x00000000c50a1720) 
thrown [e:\jenkins\tmp\workspace\build\src\src\hotspot\share\runtime\sharedRuntime.cpp, line 628]
Event: 4379.442 Thread 0x000000faf5f64e40 Exception <a 'java/lang/ArrayIndexOutOfBoundsException'{0x00000000c50eb218}> (0x00000000c50eb218) 
thrown [e:\jenkins\tmp\workspace\build\src\src\hotspot\share\runtime\sharedRuntime.cpp, line 628]
Event: 4380.570 Thread 0x000000faf5f64e40 Exception <a 'java/lang/ArrayIndexOutOfBoundsException'{0x00000000c4ff4418}> (0x00000000c4ff4418) 
thrown [e:\jenkins\tmp\workspace\build\src\src\hotspot\share\runtime\sharedRuntime.cpp, line 628]
Event: 4381.298 Thread 0x000000faf5f64e40 Exception <a 'java/lang/ArrayIndexOutOfBoundsException'{0x00000000c4e0e788}> (0x00000000c4e0e788) 
thrown [e:\jenkins\tmp\workspace\build\src\src\hotspot\share\runtime\sharedRuntime.cpp, line 628]
Event: 4573.309 Thread 0x000000faf5f64e40 Exception <a 'java/lang/ArrayIndexOutOfBoundsException'{0x00000000c72ab838}> (0x00000000c72ab838) 
thrown [e:\jenkins\tmp\workspace\build\src\src\hotspot\share\runtime\sharedRuntime.cpp, line 628]

VM Operations (20 events):
Event: 4551.524 Executing VM operation: G1CollectFull done
Event: 4573.537 Executing VM operation: Cleanup
Event: 4573.540 Executing VM operation: Cleanup done
Event: 4610.982 Executing VM operation: G1CollectForAllocation
Event: 4611.008 Executing VM operation: G1CollectForAllocation done
Event: 4611.103 Executing VM operation: G1Concurrent
Event: 4611.114 Executing VM operation: G1Concurrent done
Event: 4611.179 Executing VM operation: G1Concurrent
Event: 4611.179 Executing VM operation: G1Concurrent done
Event: 4612.402 Executing VM operation: G1CollectFull
Event: 4613.411 Executing VM operation: G1CollectFull done
Event: 4624.741 Executing VM operation: G1CollectFull
Event: 4624.912 Executing VM operation: G1CollectFull done
Event: 4636.402 Executing VM operation: G1CollectFull
Event: 4636.539 Executing VM operation: G1CollectFull done
Event: 4647.878 Executing VM operation: G1CollectFull
Event: 4648.009 Executing VM operation: G1CollectFull done
Event: 4659.389 Executing VM operation: G1CollectFull
Event: 4659.530 Executing VM operation: G1CollectFull done
Event: 4670.188 Executing VM operation: G1CollectFull

Events (20 events):
Event: 2091.055 Thread 0x000000faf61b0f50 Thread added: 0x000000faf61b0f50
Event: 2093.311 Thread 0x000000faf61b0f50 Thread exited: 0x000000faf61b0f50
Event: 2171.114 Thread 0x000000faf6196870 Thread added: 0x000000faf6196870
Event: 2173.244 loading class java/util/Spliterators$IntArraySpliterator
Event: 2174.859 loading class java/util/Spliterators$IntArraySpliterator done
Event: 2174.869 Thread 0x000000faf6196870 Thread exited: 0x000000faf6196870
Event: 2175.243 loading class java/util/stream/Nodes$IntSpinedNodeBuilder
Event: 2176.173 loading class java/util/stream/SpinedBuffer$OfInt
Event: 2177.572 loading class java/util/stream/SpinedBuffer$OfPrimitive
Event: 2178.128 loading class java/util/stream/SpinedBuffer$OfPrimitive done
Event: 2178.128 loading class java/util/stream/SpinedBuffer$OfInt done
Event: 2178.262 loading class java/util/stream/Nodes$IntSpinedNodeBuilder done
Event: 4379.725 Thread 0x000000faf3d768a0 Thread added: 0x000000faf3d768a0
Event: 4379.726 Thread 0x000000faf3d77a40 Thread added: 0x000000faf3d77a40
Event: 4384.459 Thread 0x000000faf3d77a40 Thread exited: 0x000000faf3d77a40
Event: 4391.873 Thread 0x000000faf3d768a0 Thread exited: 0x000000faf3d768a0
Event: 4573.585 Thread 0x000000faf3d77a40 Thread added: 0x000000faf3d77a40
Event: 4573.585 Thread 0x000000faf5e67a20 Thread added: 0x000000faf5e67a20
Event: 4578.694 Thread 0x000000faf5e67a20 Thread exited: 0x000000faf5e67a20
Event: 4578.820 Thread 0x000000faf3d77a40 Thread exited: 0x000000faf3d77a40


Dynamic libraries:
0x00007ff647640000 - 0x00007ff64764e000 	c:\Users\Sueli\.vscode\extensions\redhat.java-1.4.0\jre\17.0.2-win32-x86_64\bin\java.exe
0x00007fff77010000 - 0x00007fff771bc000 	C:\Windows\SYSTEM32\ntdll.dll
0x00007fff769b0000 - 0x00007fff76aee000 	C:\Windows\system32\KERNEL32.DLL
0x00007fff74510000 - 0x00007fff74625000 	C:\Windows\system32\KERNELBASE.dll
0x00007fff62cc0000 - 0x00007fff62cd8000 	c:\Users\Sueli\.vscode\extensions\redhat.java-1.4.0\jre\17.0.2-win32-x86_64\bin\jli.dll
0x00007fff622d0000 - 0x00007fff622e9000 	c:\Users\Sueli\.vscode\extensions\redhat.java-1.4.0\jre\17.0.2-win32-x86_64\bin\VCRUNTIME140.dll
0x00007fff671a0000 - 0x00007fff671a4000 	c:\Users\Sueli\.vscode\extensions\redhat.java-1.4.0\jre\17.0.2-win32-x86_64\bin\api-ms-win-crt-stdio-l1-1-0.dll
0x00007fff669a0000 - 0x00007fff669a4000 	c:\Users\Sueli\.vscode\extensions\redhat.java-1.4.0\jre\17.0.2-win32-x86_64\bin\api-ms-win-crt-runtime-l1-1-0.dll
0x00007fff65d80000 - 0x00007fff65d83000 	c:\Users\Sueli\.vscode\extensions\redhat.java-1.4.0\jre\17.0.2-win32-x86_64\bin\api-ms-win-crt-environment-l1-1-0.dll
0x00007fff64410000 - 0x00007fff64415000 	c:\Users\Sueli\.vscode\extensions\redhat.java-1.4.0\jre\17.0.2-win32-x86_64\bin\api-ms-win-crt-math-l1-1-0.dll
0x00007fff64270000 - 0x00007fff64273000 	c:\Users\Sueli\.vscode\extensions\redhat.java-1.4.0\jre\17.0.2-win32-x86_64\bin\api-ms-win-crt-locale-l1-1-0.dll
0x00007fff641e0000 - 0x00007fff641e3000 	c:\Users\Sueli\.vscode\extensions\redhat.java-1.4.0\jre\17.0.2-win32-x86_64\bin\api-ms-win-crt-heap-l1-1-0.dll
0x00007fff71bd0000 - 0x00007fff71e4b000 	C:\Windows\WinSxS\amd64_microsoft.windows.common-controls_6595b64144ccf1df_6.0.9600.17415_none_6240486fecbd8abb\COMCTL32.dll
0x00007fff76460000 - 0x00007fff765d7000 	C:\Windows\system32\USER32.dll
0x00007fff64000000 - 0x00007fff64003000 	c:\Users\Sueli\.vscode\extensions\redhat.java-1.4.0\jre\17.0.2-win32-x86_64\bin\api-ms-win-crt-filesystem-l1-1-0.dll
0x00007fff62e80000 - 0x00007fff62e84000 	c:\Users\Sueli\.vscode\extensions\redhat.java-1.4.0\jre\17.0.2-win32-x86_64\bin\api-ms-win-crt-string-l1-1-0.dll
0x00007fff629a0000 - 0x00007fff629a4000 	c:\Users\Sueli\.vscode\extensions\redhat.java-1.4.0\jre\17.0.2-win32-x86_64\bin\api-ms-win-crt-convert-l1-1-0.dll
0x00007fff76b00000 - 0x00007fff76baa000 	C:\Windows\system32\msvcrt.dll
0x00007fff749e0000 - 0x00007fff74b31000 	C:\Windows\system32\GDI32.dll
0x00007fff58570000 - 0x00007fff5866a000 	c:\Users\Sueli\.vscode\extensions\redhat.java-1.4.0\jre\17.0.2-win32-x86_64\bin\ucrtbase.DLL
0x00007fff76bb0000 - 0x00007fff76be6000 	C:\Windows\system32\IMM32.DLL
0x00007fff76850000 - 0x00007fff769a3000 	C:\Windows\system32\MSCTF.dll
0x00007fff62050000 - 0x00007fff6205c000 	c:\Users\Sueli\.vscode\extensions\redhat.java-1.4.0\jre\17.0.2-win32-x86_64\bin\vcruntime140_1.dll
0x00007fff583a0000 - 0x00007fff58431000 	c:\Users\Sueli\.vscode\extensions\redhat.java-1.4.0\jre\17.0.2-win32-x86_64\bin\msvcp140.dll
0x00007fff62040000 - 0x00007fff62043000 	c:\Users\Sueli\.vscode\extensions\redhat.java-1.4.0\jre\17.0.2-win32-x86_64\bin\api-ms-win-crt-time-l1-1-0.dll
0x00007fff62030000 - 0x00007fff62033000 	c:\Users\Sueli\.vscode\extensions\redhat.java-1.4.0\jre\17.0.2-win32-x86_64\bin\api-ms-win-crt-utility-l1-1-0.dll
0x00007fff3d1d0000 - 0x00007fff3de17000 	c:\Users\Sueli\.vscode\extensions\redhat.java-1.4.0\jre\17.0.2-win32-x86_64\bin\server\jvm.dll
0x00007fff765e0000 - 0x00007fff7668a000 	C:\Windows\system32\ADVAPI32.dll
0x00007fff68520000 - 0x00007fff68529000 	C:\Windows\SYSTEM32\WSOCK32.dll
0x00007fff6b3a0000 - 0x00007fff6b3c2000 	C:\Windows\SYSTEM32\WINMM.dll
0x00007fff6cd40000 - 0x00007fff6cd4a000 	C:\Windows\SYSTEM32\VERSION.dll
0x00007fff76690000 - 0x00007fff76697000 	C:\Windows\system32\PSAPI.DLL
0x00007fff74760000 - 0x00007fff747b9000 	C:\Windows\SYSTEM32\sechost.dll
0x00007fff76bf0000 - 0x00007fff76d31000 	C:\Windows\system32\RPCRT4.dll
0x00007fff76fb0000 - 0x00007fff7700a000 	C:\Windows\system32\WS2_32.dll
0x00007fff6b0f0000 - 0x00007fff6b11a000 	C:\Windows\SYSTEM32\WINMMBASE.dll
0x00007fff76840000 - 0x00007fff76849000 	C:\Windows\system32\NSI.dll
0x00007fff744c0000 - 0x00007fff7450f000 	C:\Windows\SYSTEM32\cfgmgr32.dll
0x00007fff72f60000 - 0x00007fff72f88000 	C:\Windows\SYSTEM32\DEVOBJ.dll
0x00007fff61e50000 - 0x00007fff61e5a000 	c:\Users\Sueli\.vscode\extensions\redhat.java-1.4.0\jre\17.0.2-win32-x86_64\bin\jimage.dll
0x00007fff6b4a0000 - 0x00007fff6b62a000 	C:\Windows\SYSTEM32\DBGHELP.DLL
0x00007fff61e20000 - 0x00007fff61e45000 	c:\Users\Sueli\.vscode\extensions\redhat.java-1.4.0\jre\17.0.2-win32-x86_64\bin\java.dll
0x00007fff61790000 - 0x00007fff617a8000 	c:\Users\Sueli\.vscode\extensions\redhat.java-1.4.0\jre\17.0.2-win32-x86_64\bin\zip.dll
0x00007fff74d00000 - 0x00007fff76219000 	C:\Windows\system32\SHELL32.dll
0x00007fff747c0000 - 0x00007fff749d1000 	C:\Windows\SYSTEM32\combase.dll
0x00007fff76400000 - 0x00007fff76454000 	C:\Windows\system32\SHLWAPI.dll
0x00007fff726d0000 - 0x00007fff72782000 	C:\Windows\SYSTEM32\SHCORE.dll
0x00007fff74160000 - 0x00007fff74175000 	C:\Windows\SYSTEM32\profapi.dll
0x00007fff61770000 - 0x00007fff61789000 	C:\Users\Sueli\.vscode\extensions\redhat.java-1.4.0\jre\17.0.2-win32-x86_64\bin\net.dll
0x00007fff6b630000 - 0x00007fff6b6f9000 	C:\Windows\SYSTEM32\WINHTTP.dll
0x00007fff73970000 - 0x00007fff739c9000 	C:\Windows\system32\mswsock.dll
0x00007fff615c0000 - 0x00007fff615d5000 	C:\Users\Sueli\.vscode\extensions\redhat.java-1.4.0\jre\17.0.2-win32-x86_64\bin\nio.dll
0x00007fff683f0000 - 0x00007fff68400000 	c:\Users\Sueli\.vscode\extensions\redhat.java-1.4.0\jre\17.0.2-win32-x86_64\bin\verify.dll
0x00007fff683e0000 - 0x00007fff683e9000 	C:\Users\Sueli\.vscode\extensions\redhat.java-1.4.0\jre\17.0.2-win32-x86_64\bin\management.dll
0x00007fff67e70000 - 0x00007fff67e7b000 	C:\Users\Sueli\.vscode\extensions\redhat.java-1.4.0\jre\17.0.2-win32-x86_64\bin\management_ext.dll
0x00007fff690c0000 - 0x00007fff690d5000 	C:\Windows\system32\napinsp.dll
0x00007fff690a0000 - 0x00007fff690ba000 	C:\Windows\system32\pnrpnsp.dll
0x00007fff6ffd0000 - 0x00007fff6ffeb000 	C:\Windows\system32\NLAapi.dll
0x00007fff73770000 - 0x00007fff73814000 	C:\Windows\SYSTEM32\DNSAPI.dll
0x00007fff69090000 - 0x00007fff6909d000 	C:\Windows\System32\winrnr.dll
0x00007fff69070000 - 0x00007fff69084000 	C:\Windows\system32\wshbth.dll
0x00007fff68460000 - 0x00007fff6846a000 	C:\Windows\System32\rasadhlp.dll
0x00007fff6e190000 - 0x00007fff6e1ba000 	C:\Windows\SYSTEM32\IPHLPAPI.DLL
0x00007fff6e180000 - 0x00007fff6e18a000 	C:\Windows\SYSTEM32\WINNSI.DLL
0x00007fff6de10000 - 0x00007fff6de7b000 	C:\Windows\System32\fwpuclnt.dll
0x00007fff739d0000 - 0x00007fff739f0000 	C:\Windows\SYSTEM32\CRYPTSP.dll
0x00007fff735f0000 - 0x00007fff73626000 	C:\Windows\system32\rsaenh.dll
0x00007fff73c20000 - 0x00007fff73c46000 	C:\Windows\SYSTEM32\bcrypt.dll
0x00007fff73700000 - 0x00007fff73721000 	C:\Windows\SYSTEM32\USERENV.dll
0x00007fff73f60000 - 0x00007fff73fc3000 	C:\Windows\system32\bcryptprimitives.dll
0x00007fff73fd0000 - 0x00007fff73fdb000 	C:\Windows\SYSTEM32\CRYPTBASE.dll
0x00007fff6dba0000 - 0x00007fff6dbb6000 	C:\Windows\SYSTEM32\dhcpcsvc6.DLL
0x00007fff6df10000 - 0x00007fff6df2a000 	C:\Windows\SYSTEM32\dhcpcsvc.DLL
0x00007fff64530000 - 0x00007fff64539000 	C:\Users\Sueli\.vscode\extensions\redhat.java-1.4.0\jre\17.0.2-win32-x86_64\bin\attach.dll

dbghelp: loaded successfully - version: 4.0.5 - missing functions: none
symbol engine: initialized successfully - sym options: 0x614 - pdb path: .;c:\Users\Sueli\.vscode\extensions\redhat.java-1.4.0\jre\17.0.2-win32-x86_64\bin;C:\Windows\SYSTEM32;C:\Windows\WinSxS\amd64_microsoft.windows.common-controls_6595b64144ccf1df_6.0.9600.17415_none_6240486fecbd8abb;c:\Users\Sueli\.vscode\extensions\redhat.java-1.4.0\jre\17.0.2-win32-x86_64\bin\server

VM Arguments:
jvm_args: -Dsts.lsp.client=vscode -Dsts.log.file=/dev/null -XX:TieredStopAtLevel=1 -Dspring.config.location=file:c:\Users\Sueli\.vscode\extensions\pivotal.vscode-spring-boot-1.32.0\language-server\BOOT-INF\classes\application.properties 
java_command: org.springframework.ide.vscode.boot.app.BootLanguageServerBootApp
java_class_path (initial): c:\Users\Sueli\.vscode\extensions\pivotal.vscode-spring-boot-1.32.0\language-server\BOOT-INF\classes;c:\Users\Sueli\.vscode\extensions\pivotal.vscode-spring-boot-1.32.0\language-server\BOOT-INF\lib\antlr4-runtime-4.5.3.jar;c:\Users\Sueli\.vscode\extensions\pivotal.vscode-spring-boot-1.32.0\language-server\BOOT-INF\lib\byte-buddy-1.10.18.jar;c:\Users\Sueli\.vscode\extensions\pivotal.vscode-spring-boot-1.32.0\language-server\BOOT-INF\lib\commons-codec-1.14.jar;c:\Users\Sueli\.vscode\extensions\pivotal.vscode-spring-boot-1.32.0\language-server\BOOT-INF\lib\commons-io-2.4.jar;c:\Users\Sueli\.vscode\extensions\pivotal.vscode-spring-boot-1.32.0\language-server\BOOT-INF\lib\commons-java-1.32.0-SNAPSHOT.jar;c:\Users\Sueli\.vscode\extensions\pivotal.vscode-spring-boot-1.32.0\language-server\BOOT-INF\lib\commons-lang3-3.10.jar;c:\Users\Sueli\.vscode\extensions\pivotal.vscode-spring-boot-1.32.0\language-server\BOOT-INF\lib\commons-language-server-1.32.0-SNAPSHOT.jar;c:\Users\Sueli\.vscode\extensions\pivotal.vscode-spring-boot-1.32.0\language-server\BOOT-INF\lib\commons-lsp-extensions-1.32.0-SNAPSHOT.jar;c:\Users\Sueli\.vscode\extensions\pivotal.vscode-spring-boot-1.32.0\language-server\BOOT-INF\lib\commons-util-1.32.0-SNAPSHOT.jar;c:\Users\Sueli\.vscode\extensions\pivotal.vscode-spring-boot-1.32.0\language-server\BOOT-INF\lib\commons-yaml-1.32.0-SNAPSHOT.jar;c:\Users\Sueli\.vscode\extensions\pivotal.vscode-spring-boot-1.32.0\language-server\BOOT-INF\lib\gson-2.8.6.jar;c:\Users\Sueli\.vscode\extensions\pivotal.vscode-spring-boot-1.32.0\language-server\BOOT-INF\lib\guava-19.0.jar;c:\Users\Sueli\.vscode\extensions\pivotal.vscode-spring-boot-1.32.0\language-server\BOOT-INF\lib\jakarta.annotation-api-1.3.5.jar;c:\Users\Sueli\.vscode\extensions\pivotal.vscode-spring-boot-1.32.0\language-server\BOOT-INF\lib\jandex-2.0.5.Final.jar;c:\Users\Sueli\.vscode\extensions\pivotal.vscode-spring-boot-1.32.0\language-server\BOOT-INF\lib\java-properties-1.32.0-SNAPSHO
Launcher Type: SUN_STANDARD

[Global flags]
     intx CICompilerCount                          = 3                                         {product} {ergonomic}
     uint ConcGCThreads                            = 1                                         {product} {ergonomic}
     uint G1ConcRefinementThreads                  = 4                                         {product} {ergonomic}
   size_t G1HeapRegionSize                         = 1048576                                   {product} {ergonomic}
    uintx GCDrainStackTargetSize                   = 64                                        {product} {ergonomic}
   size_t InitialHeapSize                          = 67108864                                  {product} {ergonomic}
   size_t MarkStackSize                            = 4194304                                   {product} {ergonomic}
   size_t MaxHeapSize                              = 1042284544                                {product} {ergonomic}
   size_t MaxNewSize                               = 624951296                                 {product} {ergonomic}
   size_t MinHeapDeltaBytes                        = 1048576                                   {product} {ergonomic}
   size_t MinHeapSize                              = 8388608                                   {product} {ergonomic}
    uintx NonProfiledCodeHeapSize                  = 0                                      {pd product} {ergonomic}
     bool ProfileInterpreter                       = false                                  {pd product} {command line}
    uintx ProfiledCodeHeapSize                     = 0                                      {pd product} {ergonomic}
   size_t SoftMaxHeapSize                          = 1042284544                             {manageable} {ergonomic}
     intx TieredStopAtLevel                        = 1                                         {product} {command line}
     bool UseCompressedClassPointers               = true                           {product lp64_product} {ergonomic}
     bool UseCompressedOops                        = true                           {product lp64_product} {ergonomic}
     bool UseG1GC                                  = true                                      {product} {ergonomic}
     bool UseLargePagesIndividualAllocation        = false                                  {pd product} {ergonomic}

Logging:
Log output configuration:
 #0: stdout all=warning uptime,level,tags
 #1: stderr all=off uptime,level,tags

Environment Variables:
JAVA_HOME=C:\Users\Sueli\AppData\Local\Programs\Eclipse Adoptium\jdk-11.0.13.8-hotspot
PATH=C:\Windows\system32;C:\Windows;C:\Windows\System32\Wbem;C:\Windows\System32\WindowsPowerShell\v1.0\;C:\Program Files (x86)\GtkSharp\2.12\bin;C:\Program Files\apache-maven-3.8.4\bin;%JAVA_HOME%\bin;C:\Program Files\Git\cmd;C:\Users\Sueli\AppData\Local\Programs\Eclipse Adoptium\jdk-11.0.13.8-hotspot\bin;C:\Program Files\mongosh\;C:\Users\Sueli\AppData\Local\Programs\Microsoft VS Code\bin
USERNAME=Sueli
OS=Windows_NT
PROCESSOR_IDENTIFIER=Intel64 Family 6 Model 78 Stepping 3, GenuineIntel



---------------  S Y S T E M  ---------------

OS:
 Windows 8.1 , 64 bit Build 9600 (6.3.9600.17415)
OS uptime: 4 days 5:53 hours

CPU: total 4 (initial active 4) (2 cores per cpu, 2 threads per core) family 6 model 78 stepping 3 microcode 0xcc, cx8, cmov, fxsr, ht, mmx, 3dnowpref, sse, sse2, sse3, ssse3, sse4.1, sse4.2, popcnt, lzcnt, tsc, tscinvbit, avx, avx2, aes, erms, clmul, bmi1, bmi2, adx, fma, vzeroupper, clflush, clflushopt

Memory: 4k page, system-wide physical 3971M (698M free)
TotalPageFile size 8971M (AvailPageFile size 6M)
current process WorkingSet (physical memory assigned to process): 125M, peak: 169M
current process commit charge ("private bytes"): 217M, peak: 228M

vm_info: OpenJDK 64-Bit Server VM (17.0.2+8) for windows-amd64 JRE (17.0.2+8), built on Jan 20 2022 04:52:34 by "" with MS VC++ 16.7 (VS2019)

END.
