#
# There is insufficient memory for the Java Runtime Environment to continue.
# Native memory allocation (mmap) failed to map 65536 bytes for Failed to commit metaspace.
# Possible reasons:
#   The system is out of physical RAM or swap space
#   The process is running with CompressedOops enabled, and the Java Heap may be blocking the growth of the native heap
# Possible solutions:
#   Reduce memory load on the system
#   Increase physical memory or swap space
#   Check if swap backing store is full
#   Decrease Java heap size (-Xmx/-Xms)
#   Decrease number of Java threads
#   Decrease Java thread stack sizes (-Xss)
#   Set larger code cache with -XX:ReservedCodeCacheSize=
#   JVM is running with Unscaled Compressed Oops mode in which the Java heap is
#     placed in the first 4GB address space. The Java Heap base address is the
#     maximum limit for the native heap growth. Please use -XX:HeapBaseMinAddress
#     to set the Java Heap base and to place the Java Heap above 4GB virtual address.
# This output file may be truncated or incomplete.
#
#  Out of Memory Error (virtualSpaceNode.cpp:110), pid=9148, tid=9172
#
# JRE version: OpenJDK Runtime Environment Temurin-17.0.2+8 (17.0.2+8) (build 17.0.2+8)
# Java VM: OpenJDK 64-Bit Server VM Temurin-17.0.2+8 (17.0.2+8, mixed mode, emulated-client, tiered, compressed oops, compressed class ptrs, g1 gc, windows-amd64)
# No core dump will be written. Minidumps are not enabled by default on client versions of Windows
#

---------------  S U M M A R Y ------------

Command Line: -Dsts.lsp.client=vscode -Dsts.log.file=/dev/null -XX:TieredStopAtLevel=1 -Dspring.config.location=file:c:\Users\Sueli\.vscode\extensions\pivotal.vscode-spring-boot-1.32.0\language-server\BOOT-INF\classes\application.properties org.springframework.ide.vscode.boot.app.BootLanguageServerBootApp

Host: Intel(R) Core(TM) i3-6006U CPU @ 2.00GHz, 4 cores, 3G,  Windows 8.1 , 64 bit Build 9600 (6.3.9600.17415)
Time: Sat Apr  9 11:21:36 2022 Hora oficial do Brasil elapsed time: 3.272085 seconds (0d 0h 0m 3s)

---------------  T H R E A D  ---------------

Current thread (0x000000e5927c1890):  JavaThread "main" [_thread_in_vm, id=9172, stack(0x000000e591e70000,0x000000e591f70000)]

Stack: [0x000000e591e70000,0x000000e591f70000]
Native frames: (J=compiled Java code, j=interpreted, Vv=VM code, C=native code)
V  [jvm.dll+0x67564a]
V  [jvm.dll+0x82fc04]
V  [jvm.dll+0x8313ae]
V  [jvm.dll+0x831a13]
V  [jvm.dll+0x245235]
V  [jvm.dll+0x82bbab]
V  [jvm.dll+0x61a336]
V  [jvm.dll+0x1c016e]
V  [jvm.dll+0x61cc81]
V  [jvm.dll+0x61acd6]
V  [jvm.dll+0x242c8c]
V  [jvm.dll+0x6cb9ed]
V  [jvm.dll+0x6cc41f]
V  [jvm.dll+0x36f9b3]
V  [jvm.dll+0x36eb72]
V  [jvm.dll+0x36eb18]
V  [jvm.dll+0x55ca95]
V  [jvm.dll+0x55bbbd]
V  [jvm.dll+0x382937]
V  [jvm.dll+0x381f8f]
C  0x000000e5954391e2

Java frames: (J=compiled Java code, j=interpreted, Vv=VM code)
j  org.springframework.core.io.UrlResource.getCleanedUrl(Ljava/net/URL;Ljava/lang/String;)Ljava/net/URL;+1
j  org.springframework.core.io.UrlResource.getCleanedUrl()Ljava/net/URL;+36
j  org.springframework.core.io.UrlResource.getFilename()Ljava/lang/String;+1
j  org.springframework.core.io.support.PropertiesLoaderUtils.fillProperties(Ljava/util/Properties;Lorg/springframework/core/io/Resource;)V+10
j  org.springframework.core.io.support.PropertiesLoaderUtils.loadProperties(Lorg/springframework/core/io/Resource;)Ljava/util/Properties;+10
j  org.springframework.core.io.support.SpringFactoriesLoader.loadSpringFactories(Ljava/lang/ClassLoader;)Ljava/util/Map;+77
j  org.springframework.core.io.support.SpringFactoriesLoader.loadFactoryNames(Ljava/lang/Class;Ljava/lang/ClassLoader;)Ljava/util/List;+6
j  org.springframework.boot.SpringApplication.getSpringFactoriesInstances(Ljava/lang/Class;[Ljava/lang/Class;[Ljava/lang/Object;)Ljava/util/Collection;+13
j  org.springframework.boot.SpringApplication.getSpringFactoriesInstances(Ljava/lang/Class;)Ljava/util/Collection;+10
j  org.springframework.boot.SpringApplication.<init>(Lorg/springframework/core/io/ResourceLoader;[Ljava/lang/Class;)V+105
j  org.springframework.boot.SpringApplication.<init>([Ljava/lang/Class;)V+3
j  org.springframework.boot.SpringApplication.run([Ljava/lang/Class;[Ljava/lang/String;)Lorg/springframework/context/ConfigurableApplicationContext;+5
j  org.springframework.boot.SpringApplication.run(Ljava/lang/Class;[Ljava/lang/String;)Lorg/springframework/context/ConfigurableApplicationContext;+9
j  org.springframework.ide.vscode.boot.app.BootLanguageServerBootApp.main([Ljava/lang/String;)V+19
v  ~StubRoutines::call_stub

---------------  P R O C E S S  ---------------

Threads class SMR info:
_java_thread_list=0x000000e59e6f1080, length=13, elements={
0x000000e5927c1890, 0x000000e59d0fb1b0, 0x000000e59d0fc1b0, 0x000000e59d13e2b0,
0x000000e59d13ef30, 0x000000e59d143a80, 0x000000e59d147840, 0x000000e59d14a1c0,
0x000000e59d14aac0, 0x000000e59e6e99f0, 0x000000e59e6e9f00, 0x000000e59e6f2f30,
0x000000e59e6fd900
}

Java Threads: ( => current thread )
=>0x000000e5927c1890 JavaThread "main" [_thread_in_vm, id=9172, stack(0x000000e591e70000,0x000000e591f70000)]
  0x000000e59d0fb1b0 JavaThread "Reference Handler" daemon [_thread_blocked, id=9200, stack(0x000000e59d280000,0x000000e59d380000)]
  0x000000e59d0fc1b0 JavaThread "Finalizer" daemon [_thread_blocked, id=9204, stack(0x000000e59dc00000,0x000000e59dd00000)]
  0x000000e59d13e2b0 JavaThread "Signal Dispatcher" daemon [_thread_blocked, id=9208, stack(0x000000e59dfd0000,0x000000e59e0d0000)]
  0x000000e59d13ef30 JavaThread "Attach Listener" daemon [_thread_blocked, id=9212, stack(0x000000e59e0d0000,0x000000e59e1d0000)]
  0x000000e59d143a80 JavaThread "Service Thread" daemon [_thread_blocked, id=4672, stack(0x000000e59e1d0000,0x000000e59e2d0000)]
  0x000000e59d147840 JavaThread "Monitor Deflation Thread" daemon [_thread_blocked, id=8048, stack(0x000000e59e2d0000,0x000000e59e3d0000)]
  0x000000e59d14a1c0 JavaThread "C1 CompilerThread0" daemon [_thread_blocked, id=5748, stack(0x000000e59e3d0000,0x000000e59e4d0000)]
  0x000000e59d14aac0 JavaThread "Sweeper thread" daemon [_thread_blocked, id=6668, stack(0x000000e59e4d0000,0x000000e59e5d0000)]
  0x000000e59e6e99f0 JavaThread "C1 CompilerThread1" daemon [_thread_blocked, id=4932, stack(0x000000e59e9d0000,0x000000e59ead0000)]
  0x000000e59e6e9f00 JavaThread "C1 CompilerThread2" daemon [_thread_blocked, id=8212, stack(0x000000e59ead0000,0x000000e59ebd0000)]
  0x000000e59e6f2f30 JavaThread "Notification Thread" daemon [_thread_blocked, id=8372, stack(0x000000e59ebd0000,0x000000e59ecd0000)]
  0x000000e59e6fd900 JavaThread "Common-Cleaner" daemon [_thread_blocked, id=8380, stack(0x000000e59edd0000,0x000000e59eed0000)]

Other Threads:
  0x000000e59d0b53d0 VMThread "VM Thread" [stack: 0x000000e59d180000,0x000000e59d280000] [id=9196]
  0x000000e59e6f3c10 WatcherThread [stack: 0x000000e59ecd0000,0x000000e59edd0000] [id=8384]
  0x000000e5927edd30 GCTaskThread "GC Thread#0" [stack: 0x000000e592610000,0x000000e592710000] [id=9176]
  0x000000e59f267ba0 GCTaskThread "GC Thread#1" [stack: 0x000000e59faa0000,0x000000e59fba0000] [id=7788]
  0x000000e59f2cf320 GCTaskThread "GC Thread#2" [stack: 0x000000e59fba0000,0x000000e59fca0000] [id=7840]
  0x000000e59f2cf5d0 GCTaskThread "GC Thread#3" [stack: 0x000000e59fca0000,0x000000e59fda0000] [id=7064]
  0x000000e5927f67c0 ConcurrentGCThread "G1 Main Marker" [stack: 0x000000e59a740000,0x000000e59a840000] [id=9180]
  0x000000e5927f80f0 ConcurrentGCThread "G1 Conc#0" [stack: 0x000000e59a840000,0x000000e59a940000] [id=9184]
  0x000000e592845e40 ConcurrentGCThread "G1 Refine#0" [stack: 0x000000e59cd80000,0x000000e59ce80000] [id=9188]
  0x000000e592847780 ConcurrentGCThread "G1 Service" [stack: 0x000000e59ce80000,0x000000e59cf80000] [id=9192]

Threads with active compile tasks:

VM state: not at safepoint (normal execution)

VM Mutex/Monitor currently owned by a thread:  ([mutex/lock_event])
[0x000000e59053ee00] Metaspace_lock - owner thread: 0x000000e5927c1890

Heap address: 0x00000000c1e00000, size: 994 MB, Compressed Oops mode: 32-bit

CDS archive(s) not mapped
Compressed class space mapped at: 0x0000000100000000-0x0000000140000000, reserved size: 1073741824
Narrow klass base: 0x0000000000000000, Narrow klass shift: 3, Narrow klass range: 0x140000000

GC Precious Log:
 CPUs: 4 total, 4 available
 Memory: 3971M
 Large Page Support: Disabled
 NUMA Support: Disabled
 Compressed Oops: Enabled (32-bit)
 Heap Region Size: 1M
 Heap Min Capacity: 8M
 Heap Initial Capacity: 64M
 Heap Max Capacity: 994M
 Pre-touch: Disabled
 Parallel Workers: 4
 Concurrent Workers: 1
 Concurrent Refinement Workers: 4
 Periodic GC: Disabled

Heap:
 garbage-first heap   total 65536K, used 8369K [0x00000000c1e00000, 0x0000000100000000)
  region size 1024K, 7 young (7168K), 2 survivors (2048K)
 Metaspace       used 10080K, committed 10176K, reserved 1064960K
  class space    used 1132K, committed 1216K, reserved 1048576K

Heap Regions: E=young(eden), S=young(survivor), O=old, HS=humongous(starts), HC=humongous(continues), CS=collection set, F=free, OA=open archive, CA=closed archive, TAMS=top-at-mark-start (previous, next)
|   0|0x00000000c1e00000, 0x00000000c1f00000, 0x00000000c1f00000|100%| O|  |TAMS 0x00000000c1e00000, 0x00000000c1e00000| Untracked 
|   1|0x00000000c1f00000, 0x00000000c2000000, 0x00000000c2000000|100%| O|  |TAMS 0x00000000c1f00000, 0x00000000c1f00000| Untracked 
|   2|0x00000000c2000000, 0x00000000c202c400, 0x00000000c2100000| 17%| O|  |TAMS 0x00000000c2000000, 0x00000000c2000000| Untracked 
|   3|0x00000000c2100000, 0x00000000c2100000, 0x00000000c2200000|  0%| F|  |TAMS 0x00000000c2100000, 0x00000000c2100000| Untracked 
|   4|0x00000000c2200000, 0x00000000c2200000, 0x00000000c2300000|  0%| F|  |TAMS 0x00000000c2200000, 0x00000000c2200000| Untracked 
|   5|0x00000000c2300000, 0x00000000c2300000, 0x00000000c2400000|  0%| F|  |TAMS 0x00000000c2300000, 0x00000000c2300000| Untracked 
|   6|0x00000000c2400000, 0x00000000c2400000, 0x00000000c2500000|  0%| F|  |TAMS 0x00000000c2400000, 0x00000000c2400000| Untracked 
|   7|0x00000000c2500000, 0x00000000c2500000, 0x00000000c2600000|  0%| F|  |TAMS 0x00000000c2500000, 0x00000000c2500000| Untracked 
|   8|0x00000000c2600000, 0x00000000c2600000, 0x00000000c2700000|  0%| F|  |TAMS 0x00000000c2600000, 0x00000000c2600000| Untracked 
|   9|0x00000000c2700000, 0x00000000c2700000, 0x00000000c2800000|  0%| F|  |TAMS 0x00000000c2700000, 0x00000000c2700000| Untracked 
|  10|0x00000000c2800000, 0x00000000c2800000, 0x00000000c2900000|  0%| F|  |TAMS 0x00000000c2800000, 0x00000000c2800000| Untracked 
|  11|0x00000000c2900000, 0x00000000c2900000, 0x00000000c2a00000|  0%| F|  |TAMS 0x00000000c2900000, 0x00000000c2900000| Untracked 
|  12|0x00000000c2a00000, 0x00000000c2a00000, 0x00000000c2b00000|  0%| F|  |TAMS 0x00000000c2a00000, 0x00000000c2a00000| Untracked 
|  13|0x00000000c2b00000, 0x00000000c2b00000, 0x00000000c2c00000|  0%| F|  |TAMS 0x00000000c2b00000, 0x00000000c2b00000| Untracked 
|  14|0x00000000c2c00000, 0x00000000c2c00000, 0x00000000c2d00000|  0%| F|  |TAMS 0x00000000c2c00000, 0x00000000c2c00000| Untracked 
|  15|0x00000000c2d00000, 0x00000000c2d00000, 0x00000000c2e00000|  0%| F|  |TAMS 0x00000000c2d00000, 0x00000000c2d00000| Untracked 
|  16|0x00000000c2e00000, 0x00000000c2e00000, 0x00000000c2f00000|  0%| F|  |TAMS 0x00000000c2e00000, 0x00000000c2e00000| Untracked 
|  17|0x00000000c2f00000, 0x00000000c2f00000, 0x00000000c3000000|  0%| F|  |TAMS 0x00000000c2f00000, 0x00000000c2f00000| Untracked 
|  18|0x00000000c3000000, 0x00000000c3000000, 0x00000000c3100000|  0%| F|  |TAMS 0x00000000c3000000, 0x00000000c3000000| Untracked 
|  19|0x00000000c3100000, 0x00000000c3100000, 0x00000000c3200000|  0%| F|  |TAMS 0x00000000c3100000, 0x00000000c3100000| Untracked 
|  20|0x00000000c3200000, 0x00000000c3200000, 0x00000000c3300000|  0%| F|  |TAMS 0x00000000c3200000, 0x00000000c3200000| Untracked 
|  21|0x00000000c3300000, 0x00000000c3300000, 0x00000000c3400000|  0%| F|  |TAMS 0x00000000c3300000, 0x00000000c3300000| Untracked 
|  22|0x00000000c3400000, 0x00000000c3400000, 0x00000000c3500000|  0%| F|  |TAMS 0x00000000c3400000, 0x00000000c3400000| Untracked 
|  23|0x00000000c3500000, 0x00000000c3500000, 0x00000000c3600000|  0%| F|  |TAMS 0x00000000c3500000, 0x00000000c3500000| Untracked 
|  24|0x00000000c3600000, 0x00000000c3600000, 0x00000000c3700000|  0%| F|  |TAMS 0x00000000c3600000, 0x00000000c3600000| Untracked 
|  25|0x00000000c3700000, 0x00000000c3700000, 0x00000000c3800000|  0%| F|  |TAMS 0x00000000c3700000, 0x00000000c3700000| Untracked 
|  26|0x00000000c3800000, 0x00000000c3800000, 0x00000000c3900000|  0%| F|  |TAMS 0x00000000c3800000, 0x00000000c3800000| Untracked 
|  27|0x00000000c3900000, 0x00000000c3900000, 0x00000000c3a00000|  0%| F|  |TAMS 0x00000000c3900000, 0x00000000c3900000| Untracked 
|  28|0x00000000c3a00000, 0x00000000c3a00000, 0x00000000c3b00000|  0%| F|  |TAMS 0x00000000c3a00000, 0x00000000c3a00000| Untracked 
|  29|0x00000000c3b00000, 0x00000000c3b00000, 0x00000000c3c00000|  0%| F|  |TAMS 0x00000000c3b00000, 0x00000000c3b00000| Untracked 
|  30|0x00000000c3c00000, 0x00000000c3c00000, 0x00000000c3d00000|  0%| F|  |TAMS 0x00000000c3c00000, 0x00000000c3c00000| Untracked 
|  31|0x00000000c3d00000, 0x00000000c3d00000, 0x00000000c3e00000|  0%| F|  |TAMS 0x00000000c3d00000, 0x00000000c3d00000| Untracked 
|  32|0x00000000c3e00000, 0x00000000c3e00000, 0x00000000c3f00000|  0%| F|  |TAMS 0x00000000c3e00000, 0x00000000c3e00000| Untracked 
|  33|0x00000000c3f00000, 0x00000000c3f00000, 0x00000000c4000000|  0%| F|  |TAMS 0x00000000c3f00000, 0x00000000c3f00000| Untracked 
|  34|0x00000000c4000000, 0x00000000c4000000, 0x00000000c4100000|  0%| F|  |TAMS 0x00000000c4000000, 0x00000000c4000000| Untracked 
|  35|0x00000000c4100000, 0x00000000c4100000, 0x00000000c4200000|  0%| F|  |TAMS 0x00000000c4100000, 0x00000000c4100000| Untracked 
|  36|0x00000000c4200000, 0x00000000c4200000, 0x00000000c4300000|  0%| F|  |TAMS 0x00000000c4200000, 0x00000000c4200000| Untracked 
|  37|0x00000000c4300000, 0x00000000c4300000, 0x00000000c4400000|  0%| F|  |TAMS 0x00000000c4300000, 0x00000000c4300000| Untracked 
|  38|0x00000000c4400000, 0x00000000c4400000, 0x00000000c4500000|  0%| F|  |TAMS 0x00000000c4400000, 0x00000000c4400000| Untracked 
|  39|0x00000000c4500000, 0x00000000c4500000, 0x00000000c4600000|  0%| F|  |TAMS 0x00000000c4500000, 0x00000000c4500000| Untracked 
|  40|0x00000000c4600000, 0x00000000c4600000, 0x00000000c4700000|  0%| F|  |TAMS 0x00000000c4600000, 0x00000000c4600000| Untracked 
|  41|0x00000000c4700000, 0x00000000c4700000, 0x00000000c4800000|  0%| F|  |TAMS 0x00000000c4700000, 0x00000000c4700000| Untracked 
|  42|0x00000000c4800000, 0x00000000c4800000, 0x00000000c4900000|  0%| F|  |TAMS 0x00000000c4800000, 0x00000000c4800000| Untracked 
|  43|0x00000000c4900000, 0x00000000c4900000, 0x00000000c4a00000|  0%| F|  |TAMS 0x00000000c4900000, 0x00000000c4900000| Untracked 
|  44|0x00000000c4a00000, 0x00000000c4a00000, 0x00000000c4b00000|  0%| F|  |TAMS 0x00000000c4a00000, 0x00000000c4a00000| Untracked 
|  45|0x00000000c4b00000, 0x00000000c4b00000, 0x00000000c4c00000|  0%| F|  |TAMS 0x00000000c4b00000, 0x00000000c4b00000| Untracked 
|  46|0x00000000c4c00000, 0x00000000c4c00000, 0x00000000c4d00000|  0%| F|  |TAMS 0x00000000c4c00000, 0x00000000c4c00000| Untracked 
|  47|0x00000000c4d00000, 0x00000000c4d00000, 0x00000000c4e00000|  0%| F|  |TAMS 0x00000000c4d00000, 0x00000000c4d00000| Untracked 
|  48|0x00000000c4e00000, 0x00000000c4e00000, 0x00000000c4f00000|  0%| F|  |TAMS 0x00000000c4e00000, 0x00000000c4e00000| Untracked 
|  49|0x00000000c4f00000, 0x00000000c5000000, 0x00000000c5000000|100%| S|CS|TAMS 0x00000000c4f00000, 0x00000000c4f00000| Complete 
|  50|0x00000000c5000000, 0x00000000c5100000, 0x00000000c5100000|100%| S|CS|TAMS 0x00000000c5000000, 0x00000000c5000000| Complete 
|  51|0x00000000c5100000, 0x00000000c5100000, 0x00000000c5200000|  0%| F|  |TAMS 0x00000000c5100000, 0x00000000c5100000| Untracked 
|  52|0x00000000c5200000, 0x00000000c5200000, 0x00000000c5300000|  0%| F|  |TAMS 0x00000000c5200000, 0x00000000c5200000| Untracked 
|  53|0x00000000c5300000, 0x00000000c5300000, 0x00000000c5400000|  0%| F|  |TAMS 0x00000000c5300000, 0x00000000c5300000| Untracked 
|  54|0x00000000c5400000, 0x00000000c5400000, 0x00000000c5500000|  0%| F|  |TAMS 0x00000000c5400000, 0x00000000c5400000| Untracked 
|  55|0x00000000c5500000, 0x00000000c5500000, 0x00000000c5600000|  0%| F|  |TAMS 0x00000000c5500000, 0x00000000c5500000| Untracked 
|  56|0x00000000c5600000, 0x00000000c5600000, 0x00000000c5700000|  0%| F|  |TAMS 0x00000000c5600000, 0x00000000c5600000| Untracked 
|  57|0x00000000c5700000, 0x00000000c5700000, 0x00000000c5800000|  0%| F|  |TAMS 0x00000000c5700000, 0x00000000c5700000| Untracked 
|  58|0x00000000c5800000, 0x00000000c5800000, 0x00000000c5900000|  0%| F|  |TAMS 0x00000000c5800000, 0x00000000c5800000| Untracked 
|  59|0x00000000c5900000, 0x00000000c5980150, 0x00000000c5a00000| 50%| E|  |TAMS 0x00000000c5900000, 0x00000000c5900000| Complete 
|  60|0x00000000c5a00000, 0x00000000c5b00000, 0x00000000c5b00000|100%| E|CS|TAMS 0x00000000c5a00000, 0x00000000c5a00000| Complete 
|  61|0x00000000c5b00000, 0x00000000c5c00000, 0x00000000c5c00000|100%| E|CS|TAMS 0x00000000c5b00000, 0x00000000c5b00000| Complete 
|  62|0x00000000c5c00000, 0x00000000c5d00000, 0x00000000c5d00000|100%| E|CS|TAMS 0x00000000c5c00000, 0x00000000c5c00000| Complete 
|  63|0x00000000c5d00000, 0x00000000c5e00000, 0x00000000c5e00000|100%| E|CS|TAMS 0x00000000c5d00000, 0x00000000c5d00000| Complete 

Card table byte_map: [0x000000e598420000,0x000000e598620000] _byte_map_base: 0x000000e597e11000

Marking Bits (Prev, Next): (CMBitMap*) 0x000000e5927ee250, (CMBitMap*) 0x000000e5927ee290
 Prev Bits: [0x000000e598820000, 0x000000e5997a8000)
 Next Bits: [0x000000e5997b0000, 0x000000e59a738000)

Polling page: 0x000000e5906e0000

Metaspace:

Usage:
  Non-class:      8.74 MB used.
      Class:      1.11 MB used.
       Both:      9.84 MB used.

Virtual space:
  Non-class space:       16.00 MB reserved,       8.75 MB ( 55%) committed,  2 nodes.
      Class space:        1.00 GB reserved,       1.19 MB ( <1%) committed,  1 nodes.
             Both:        1.02 GB reserved,       9.94 MB ( <1%) committed. 

Chunk freelists:
   Non-Class:  2.42 MB
       Class:  2.70 MB
        Both:  5.13 MB

MaxMetaspaceSize: unlimited
CompressedClassSpaceSize: 1.00 GB
Initial GC threshold: 21.00 MB
Current GC threshold: 21.00 MB
CDS: off
MetaspaceReclaimPolicy: balanced
 - commit_granule_bytes: 65536.
 - commit_granule_words: 8192.
 - virtual_space_node_default_size: 1048576.
 - enlarge_chunks_in_place: 1.
 - new_chunks_are_fully_committed: 0.
 - uncommit_free_chunks: 1.
 - use_allocation_guard: 0.
 - handle_deallocations: 1.


Internal statistics:

num_allocs_failed_limit: 0.
num_arena_births: 32.
num_arena_deaths: 0.
num_vsnodes_births: 3.
num_vsnodes_deaths: 0.
num_space_committed: 159.
num_space_uncommitted: 0.
num_chunks_returned_to_freelist: 0.
num_chunks_taken_from_freelist: 140.
num_chunk_merges: 0.
num_chunk_splits: 102.
num_chunks_enlarged: 86.
num_purges: 0.
num_inconsistent_stats: 0.

CodeCache: size=49152Kb used=3440Kb max_used=3440Kb free=45711Kb
 bounds [0x000000e595420000, 0x000000e595780000, 0x000000e598420000]
 total_blobs=1239 nmethods=826 adapters=339
 compilation: enabled
              stopped_count=0, restarted_count=0
 full_count=0

Compilation events (20 events):
Event: 3.169 Thread 0x000000e59e6e9f00  814       1       java.lang.invoke.LambdaForm::forceInterpretation (14 bytes)
Event: 3.169 Thread 0x000000e59e6e9f00 nmethod 814 0x000000e595776a10 code [0x000000e595776ba0, 0x000000e595776c78]
Event: 3.181 Thread 0x000000e59d14a1c0  818       1       java.util.jar.Attributes::putValue (13 bytes)
Event: 3.182 Thread 0x000000e59e6e9f00  819       1       java.util.jar.Attributes$Name::of (28 bytes)
Event: 3.183 Thread 0x000000e59d14a1c0 nmethod 818 0x000000e595777610 code [0x000000e5957777e0, 0x000000e595777ad8]
Event: 3.183 Thread 0x000000e59e6e99f0  820       1       java.util.jar.Attributes::put (18 bytes)
Event: 3.183 Thread 0x000000e59e6e9f00 nmethod 819 0x000000e595777c90 code [0x000000e595777e60, 0x000000e5957780e8]
Event: 3.183 Thread 0x000000e59e6e99f0 nmethod 820 0x000000e595778290 code [0x000000e595778440, 0x000000e595778588]
Event: 3.246 Thread 0x000000e59d14a1c0  821       1       java.util.concurrent.CopyOnWriteArrayList::setArray (6 bytes)
Event: 3.247 Thread 0x000000e59d14a1c0 nmethod 821 0x000000e595778990 code [0x000000e595778b20, 0x000000e595778c38]
Event: 3.248 Thread 0x000000e59e6e99f0  822       1       jdk.internal.jimage.BasicImageReader::getLocationIndex (52 bytes)
Event: 3.249 Thread 0x000000e59e6e9f00  823       1       jdk.internal.jimage.ImageStringsReader::hashCode (8 bytes)
Event: 3.250 Thread 0x000000e59e6e9f00 nmethod 823 0x000000e595778c90 code [0x000000e595778e40, 0x000000e595778f38]
Event: 3.250 Thread 0x000000e59d14a1c0  824       1       jdk.internal.jimage.BasicImageReader::verifyLocation (39 bytes)
Event: 3.251 Thread 0x000000e59e6e99f0 nmethod 822 0x000000e595779010 code [0x000000e595779220, 0x000000e595779678]
Event: 3.251 Thread 0x000000e59e6e9f00  825       1       jdk.internal.jimage.ImageLocation::verifyName (161 bytes)
Event: 3.252 Thread 0x000000e59e6e99f0  826       1       jdk.internal.jimage.ImageLocation::verify (218 bytes)
Event: 3.252 Thread 0x000000e59d14a1c0 nmethod 824 0x000000e595779a90 code [0x000000e595779c80, 0x000000e59577a028]
Event: 3.254 Thread 0x000000e59e6e99f0 nmethod 826 0x000000e59577a390 code [0x000000e59577a5c0, 0x000000e59577acd8]
Event: 3.254 Thread 0x000000e59e6e9f00 nmethod 825 0x000000e59577b110 code [0x000000e59577b360, 0x000000e59577baf8]

GC Heap History (2 events):
Event: 2.464 GC heap before
{Heap before GC invocations=0 (full 0):
 garbage-first heap   total 65536K, used 12288K [0x00000000c1e00000, 0x0000000100000000)
  region size 1024K, 13 young (13312K), 0 survivors (0K)
 Metaspace       used 8119K, committed 8256K, reserved 1056768K
  class space    used 880K, committed 960K, reserved 1048576K
}
Event: 2.479 GC heap after
{Heap after GC invocations=1 (full 0):
 garbage-first heap   total 65536K, used 4273K [0x00000000c1e00000, 0x0000000100000000)
  region size 1024K, 2 young (2048K), 2 survivors (2048K)
 Metaspace       used 8119K, committed 8256K, reserved 1056768K
  class space    used 880K, committed 960K, reserved 1048576K
}

Deoptimization events (0 events):
No events

Classes unloaded (0 events):
No events

Classes redefined (0 events):
No events

Internal exceptions (2 events):
Event: 1.581 Thread 0x000000e5927c1890 Exception <a 'java/lang/ClassNotFoundException'{0x00000000c56a41e0}: javax/smartcardio/CardPermission> (0x00000000c56a41e0) 
thrown [e:\jenkins\tmp\workspace\build\src\src\hotspot\share\classfile\systemDictionary.cpp, line 256]
Event: 1.611 Thread 0x000000e5927c1890 Exception <a 'java/io/FileNotFoundException'{0x00000000c56b2730}> (0x00000000c56b2730) 
thrown [e:\jenkins\tmp\workspace\build\src\src\hotspot\share\prims\jni.cpp, line 516]

VM Operations (10 events):
Event: 0.580 Executing VM operation: HandshakeAllThreads
Event: 0.580 Executing VM operation: HandshakeAllThreads done
Event: 1.580 Executing VM operation: Cleanup
Event: 1.580 Executing VM operation: Cleanup done
Event: 1.741 Executing VM operation: HandshakeAllThreads
Event: 1.741 Executing VM operation: HandshakeAllThreads done
Event: 2.464 Executing VM operation: G1CollectForAllocation
Event: 2.479 Executing VM operation: G1CollectForAllocation done
Event: 3.227 Executing VM operation: HandshakeAllThreads
Event: 3.227 Executing VM operation: HandshakeAllThreads done

Events (20 events):
Event: 3.237 loading class java/util/IdentityHashMap$EntrySet
Event: 3.237 loading class java/util/IdentityHashMap$EntrySet done
Event: 3.237 loading class java/util/IdentityHashMap$EntryIterator
Event: 3.238 loading class java/util/IdentityHashMap$IdentityHashMapIterator
Event: 3.238 loading class java/util/IdentityHashMap$IdentityHashMapIterator done
Event: 3.238 loading class java/util/IdentityHashMap$EntryIterator done
Event: 3.238 loading class java/util/IdentityHashMap$EntryIterator$Entry
Event: 3.238 loading class java/util/IdentityHashMap$EntryIterator$Entry done
Event: 3.238 loading class java/util/IdentityHashMap$Values
Event: 3.239 loading class java/util/IdentityHashMap$Values done
Event: 3.239 loading class java/util/IdentityHashMap$ValueIterator
Event: 3.239 loading class java/util/IdentityHashMap$ValueIterator done
Event: 3.240 loading class java/io/Externalizable
Event: 3.240 loading class java/io/Externalizable done
Event: 3.258 loading class java/net/URISyntaxException
Event: 3.258 loading class java/net/URISyntaxException done
Event: 3.259 loading class java/nio/file/NoSuchFileException
Event: 3.259 loading class java/nio/file/FileSystemException
Event: 3.260 loading class java/nio/file/FileSystemException done
Event: 3.260 loading class java/nio/file/NoSuchFileException done


Dynamic libraries:
0x00007ff73de80000 - 0x00007ff73de8e000 	c:\Users\Sueli\.vscode\extensions\redhat.java-1.4.0\jre\17.0.2-win32-x86_64\bin\java.exe
0x00007ffcf5ae0000 - 0x00007ffcf5c8c000 	C:\Windows\SYSTEM32\ntdll.dll
0x00007ffcf3170000 - 0x00007ffcf32ae000 	C:\Windows\system32\KERNEL32.DLL
0x00007ffcf2ee0000 - 0x00007ffcf2ff5000 	C:\Windows\system32\KERNELBASE.dll
0x00007ffccb710000 - 0x00007ffccb728000 	c:\Users\Sueli\.vscode\extensions\redhat.java-1.4.0\jre\17.0.2-win32-x86_64\bin\jli.dll
0x00007ffccb6f0000 - 0x00007ffccb709000 	c:\Users\Sueli\.vscode\extensions\redhat.java-1.4.0\jre\17.0.2-win32-x86_64\bin\VCRUNTIME140.dll
0x00007ffccb6e0000 - 0x00007ffccb6e4000 	c:\Users\Sueli\.vscode\extensions\redhat.java-1.4.0\jre\17.0.2-win32-x86_64\bin\api-ms-win-crt-stdio-l1-1-0.dll
0x00007ffccb6d0000 - 0x00007ffccb6d4000 	c:\Users\Sueli\.vscode\extensions\redhat.java-1.4.0\jre\17.0.2-win32-x86_64\bin\api-ms-win-crt-runtime-l1-1-0.dll
0x00007ffccb6c0000 - 0x00007ffccb6c3000 	c:\Users\Sueli\.vscode\extensions\redhat.java-1.4.0\jre\17.0.2-win32-x86_64\bin\api-ms-win-crt-environment-l1-1-0.dll
0x00007ffcc9fe0000 - 0x00007ffcc9fe5000 	c:\Users\Sueli\.vscode\extensions\redhat.java-1.4.0\jre\17.0.2-win32-x86_64\bin\api-ms-win-crt-math-l1-1-0.dll
0x00007ffcc9fd0000 - 0x00007ffcc9fd3000 	c:\Users\Sueli\.vscode\extensions\redhat.java-1.4.0\jre\17.0.2-win32-x86_64\bin\api-ms-win-crt-locale-l1-1-0.dll
0x00007ffcc9fc0000 - 0x00007ffcc9fc3000 	c:\Users\Sueli\.vscode\extensions\redhat.java-1.4.0\jre\17.0.2-win32-x86_64\bin\api-ms-win-crt-heap-l1-1-0.dll
0x00007ffcf0410000 - 0x00007ffcf068b000 	C:\Windows\WinSxS\amd64_microsoft.windows.common-controls_6595b64144ccf1df_6.0.9600.17415_none_6240486fecbd8abb\COMCTL32.dll
0x00007ffcf4fa0000 - 0x00007ffcf5117000 	C:\Windows\system32\USER32.dll
0x00007ffcc9fb0000 - 0x00007ffcc9fb3000 	c:\Users\Sueli\.vscode\extensions\redhat.java-1.4.0\jre\17.0.2-win32-x86_64\bin\api-ms-win-crt-filesystem-l1-1-0.dll
0x00007ffcc9fa0000 - 0x00007ffcc9fa4000 	c:\Users\Sueli\.vscode\extensions\redhat.java-1.4.0\jre\17.0.2-win32-x86_64\bin\api-ms-win-crt-string-l1-1-0.dll
0x00007ffcc9f90000 - 0x00007ffcc9f94000 	c:\Users\Sueli\.vscode\extensions\redhat.java-1.4.0\jre\17.0.2-win32-x86_64\bin\api-ms-win-crt-convert-l1-1-0.dll
0x00007ffcf5450000 - 0x00007ffcf54fa000 	C:\Windows\system32\msvcrt.dll
0x00007ffcf3650000 - 0x00007ffcf37a1000 	C:\Windows\system32\GDI32.dll
0x00007ffcc9e90000 - 0x00007ffcc9f8a000 	c:\Users\Sueli\.vscode\extensions\redhat.java-1.4.0\jre\17.0.2-win32-x86_64\bin\ucrtbase.DLL
0x00007ffcf4f60000 - 0x00007ffcf4f96000 	C:\Windows\system32\IMM32.DLL
0x00007ffcf5120000 - 0x00007ffcf5273000 	C:\Windows\system32\MSCTF.dll
0x00007ffcc9e80000 - 0x00007ffcc9e8c000 	c:\Users\Sueli\.vscode\extensions\redhat.java-1.4.0\jre\17.0.2-win32-x86_64\bin\vcruntime140_1.dll
0x00007ffcc9de0000 - 0x00007ffcc9e71000 	c:\Users\Sueli\.vscode\extensions\redhat.java-1.4.0\jre\17.0.2-win32-x86_64\bin\msvcp140.dll
0x00007ffcc9dd0000 - 0x00007ffcc9dd3000 	c:\Users\Sueli\.vscode\extensions\redhat.java-1.4.0\jre\17.0.2-win32-x86_64\bin\api-ms-win-crt-time-l1-1-0.dll
0x00007ffcc9dc0000 - 0x00007ffcc9dc3000 	c:\Users\Sueli\.vscode\extensions\redhat.java-1.4.0\jre\17.0.2-win32-x86_64\bin\api-ms-win-crt-utility-l1-1-0.dll
0x00007ffcc9140000 - 0x00007ffcc9d87000 	c:\Users\Sueli\.vscode\extensions\redhat.java-1.4.0\jre\17.0.2-win32-x86_64\bin\server\jvm.dll
0x00007ffcf5500000 - 0x00007ffcf55aa000 	C:\Windows\system32\ADVAPI32.dll
0x00007ffce5d20000 - 0x00007ffce5d29000 	C:\Windows\SYSTEM32\WSOCK32.dll
0x00007ffceb620000 - 0x00007ffceb642000 	C:\Windows\SYSTEM32\WINMM.dll
0x00007ffceb760000 - 0x00007ffceb76a000 	C:\Windows\SYSTEM32\VERSION.dll
0x00007ffcf3160000 - 0x00007ffcf3167000 	C:\Windows\system32\PSAPI.DLL
0x00007ffcf32b0000 - 0x00007ffcf3309000 	C:\Windows\SYSTEM32\sechost.dll
0x00007ffcf5300000 - 0x00007ffcf5441000 	C:\Windows\system32\RPCRT4.dll
0x00007ffcf3310000 - 0x00007ffcf336a000 	C:\Windows\system32\WS2_32.dll
0x00007ffce9d40000 - 0x00007ffce9d6a000 	C:\Windows\SYSTEM32\WINMMBASE.dll
0x00007ffcf58f0000 - 0x00007ffcf58f9000 	C:\Windows\system32\NSI.dll
0x00007ffcf3000000 - 0x00007ffcf304f000 	C:\Windows\SYSTEM32\cfgmgr32.dll
0x00007ffcf1a50000 - 0x00007ffcf1a78000 	C:\Windows\SYSTEM32\DEVOBJ.dll
0x00007ffcc9000000 - 0x00007ffcc900a000 	c:\Users\Sueli\.vscode\extensions\redhat.java-1.4.0\jre\17.0.2-win32-x86_64\bin\jimage.dll
0x00007ffcea0f0000 - 0x00007ffcea27a000 	C:\Windows\SYSTEM32\DBGHELP.DLL
0x00007ffcc8fd0000 - 0x00007ffcc8ff5000 	c:\Users\Sueli\.vscode\extensions\redhat.java-1.4.0\jre\17.0.2-win32-x86_64\bin\java.dll
0x00007ffcc8fb0000 - 0x00007ffcc8fc8000 	c:\Users\Sueli\.vscode\extensions\redhat.java-1.4.0\jre\17.0.2-win32-x86_64\bin\zip.dll
0x00007ffcf3970000 - 0x00007ffcf4e89000 	C:\Windows\system32\SHELL32.dll
0x00007ffcf56d0000 - 0x00007ffcf58e1000 	C:\Windows\SYSTEM32\combase.dll
0x00007ffcf5670000 - 0x00007ffcf56c4000 	C:\Windows\system32\SHLWAPI.dll
0x00007ffcf1200000 - 0x00007ffcf12b2000 	C:\Windows\SYSTEM32\SHCORE.dll
0x00007ffcf2c30000 - 0x00007ffcf2c45000 	C:\Windows\SYSTEM32\profapi.dll
0x00007ffcde2f0000 - 0x00007ffcde309000 	C:\Users\Sueli\.vscode\extensions\redhat.java-1.4.0\jre\17.0.2-win32-x86_64\bin\net.dll
0x00007ffceb510000 - 0x00007ffceb5d9000 	C:\Windows\SYSTEM32\WINHTTP.dll
0x00007ffcf2440000 - 0x00007ffcf2499000 	C:\Windows\system32\mswsock.dll
0x00007ffcd0410000 - 0x00007ffcd0425000 	C:\Users\Sueli\.vscode\extensions\redhat.java-1.4.0\jre\17.0.2-win32-x86_64\bin\nio.dll
0x00007ffccb440000 - 0x00007ffccb450000 	c:\Users\Sueli\.vscode\extensions\redhat.java-1.4.0\jre\17.0.2-win32-x86_64\bin\verify.dll

dbghelp: loaded successfully - version: 4.0.5 - missing functions: none
symbol engine: initialized successfully - sym options: 0x614 - pdb path: .;c:\Users\Sueli\.vscode\extensions\redhat.java-1.4.0\jre\17.0.2-win32-x86_64\bin;C:\Windows\SYSTEM32;C:\Windows\WinSxS\amd64_microsoft.windows.common-controls_6595b64144ccf1df_6.0.9600.17415_none_6240486fecbd8abb;c:\Users\Sueli\.vscode\extensions\redhat.java-1.4.0\jre\17.0.2-win32-x86_64\bin\server

VM Arguments:
jvm_args: -Dsts.lsp.client=vscode -Dsts.log.file=/dev/null -XX:TieredStopAtLevel=1 -Dspring.config.location=file:c:\Users\Sueli\.vscode\extensions\pivotal.vscode-spring-boot-1.32.0\language-server\BOOT-INF\classes\application.properties 
java_command: org.springframework.ide.vscode.boot.app.BootLanguageServerBootApp
java_class_path (initial): c:\Users\Sueli\.vscode\extensions\pivotal.vscode-spring-boot-1.32.0\language-server\BOOT-INF\classes;c:\Users\Sueli\.vscode\extensions\pivotal.vscode-spring-boot-1.32.0\language-server\BOOT-INF\lib\antlr4-runtime-4.5.3.jar;c:\Users\Sueli\.vscode\extensions\pivotal.vscode-spring-boot-1.32.0\language-server\BOOT-INF\lib\byte-buddy-1.10.18.jar;c:\Users\Sueli\.vscode\extensions\pivotal.vscode-spring-boot-1.32.0\language-server\BOOT-INF\lib\commons-codec-1.14.jar;c:\Users\Sueli\.vscode\extensions\pivotal.vscode-spring-boot-1.32.0\language-server\BOOT-INF\lib\commons-io-2.4.jar;c:\Users\Sueli\.vscode\extensions\pivotal.vscode-spring-boot-1.32.0\language-server\BOOT-INF\lib\commons-java-1.32.0-SNAPSHOT.jar;c:\Users\Sueli\.vscode\extensions\pivotal.vscode-spring-boot-1.32.0\language-server\BOOT-INF\lib\commons-lang3-3.10.jar;c:\Users\Sueli\.vscode\extensions\pivotal.vscode-spring-boot-1.32.0\language-server\BOOT-INF\lib\commons-language-server-1.32.0-SNAPSHOT.jar;c:\Users\Sueli\.vscode\extensions\pivotal.vscode-spring-boot-1.32.0\language-server\BOOT-INF\lib\commons-lsp-extensions-1.32.0-SNAPSHOT.jar;c:\Users\Sueli\.vscode\extensions\pivotal.vscode-spring-boot-1.32.0\language-server\BOOT-INF\lib\commons-util-1.32.0-SNAPSHOT.jar;c:\Users\Sueli\.vscode\extensions\pivotal.vscode-spring-boot-1.32.0\language-server\BOOT-INF\lib\commons-yaml-1.32.0-SNAPSHOT.jar;c:\Users\Sueli\.vscode\extensions\pivotal.vscode-spring-boot-1.32.0\language-server\BOOT-INF\lib\gson-2.8.6.jar;c:\Users\Sueli\.vscode\extensions\pivotal.vscode-spring-boot-1.32.0\language-server\BOOT-INF\lib\guava-19.0.jar;c:\Users\Sueli\.vscode\extensions\pivotal.vscode-spring-boot-1.32.0\language-server\BOOT-INF\lib\jakarta.annotation-api-1.3.5.jar;c:\Users\Sueli\.vscode\extensions\pivotal.vscode-spring-boot-1.32.0\language-server\BOOT-INF\lib\jandex-2.0.5.Final.jar;c:\Users\Sueli\.vscode\extensions\pivotal.vscode-spring-boot-1.32.0\language-server\BOOT-INF\lib\java-properties-1.32.0-SNAPSHO
Launcher Type: SUN_STANDARD

[Global flags]
     intx CICompilerCount                          = 3                                         {product} {ergonomic}
     uint ConcGCThreads                            = 1                                         {product} {ergonomic}
     uint G1ConcRefinementThreads                  = 4                                         {product} {ergonomic}
   size_t G1HeapRegionSize                         = 1048576                                   {product} {ergonomic}
    uintx GCDrainStackTargetSize                   = 64                                        {product} {ergonomic}
   size_t InitialHeapSize                          = 67108864                                  {product} {ergonomic}
   size_t MarkStackSize                            = 4194304                                   {product} {ergonomic}
   size_t MaxHeapSize                              = 1042284544                                {product} {ergonomic}
   size_t MaxNewSize                               = 624951296                                 {product} {ergonomic}
   size_t MinHeapDeltaBytes                        = 1048576                                   {product} {ergonomic}
   size_t MinHeapSize                              = 8388608                                   {product} {ergonomic}
    uintx NonProfiledCodeHeapSize                  = 0                                      {pd product} {ergonomic}
     bool ProfileInterpreter                       = false                                  {pd product} {command line}
    uintx ProfiledCodeHeapSize                     = 0                                      {pd product} {ergonomic}
   size_t SoftMaxHeapSize                          = 1042284544                             {manageable} {ergonomic}
     intx TieredStopAtLevel                        = 1                                         {product} {command line}
     bool UseCompressedClassPointers               = true                           {product lp64_product} {ergonomic}
     bool UseCompressedOops                        = true                           {product lp64_product} {ergonomic}
     bool UseG1GC                                  = true                                      {product} {ergonomic}
     bool UseLargePagesIndividualAllocation        = false                                  {pd product} {ergonomic}

Logging:
Log output configuration:
 #0: stdout all=warning uptime,level,tags
 #1: stderr all=off uptime,level,tags

Environment Variables:
JAVA_HOME=C:\Users\Sueli\AppData\Local\Programs\Eclipse Adoptium\jdk-11.0.13.8-hotspot
PATH=C:\Windows\system32;C:\Windows;C:\Windows\System32\Wbem;C:\Windows\System32\WindowsPowerShell\v1.0\;C:\Program Files (x86)\GtkSharp\2.12\bin;C:\Program Files\apache-maven-3.8.4\bin;%JAVA_HOME%\bin;C:\Program Files\Git\cmd;C:\Users\Sueli\AppData\Local\Programs\Eclipse Adoptium\jdk-11.0.13.8-hotspot\bin;C:\Program Files\mongosh\;C:\Users\Sueli\AppData\Local\Programs\Microsoft VS Code\bin
USERNAME=Sueli
OS=Windows_NT
PROCESSOR_IDENTIFIER=Intel64 Family 6 Model 78 Stepping 3, GenuineIntel



---------------  S Y S T E M  ---------------

OS:
 Windows 8.1 , 64 bit Build 9600 (6.3.9600.17415)
OS uptime: 0 days 2:54 hours

CPU: total 4 (initial active 4) (2 cores per cpu, 2 threads per core) family 6 model 78 stepping 3 microcode 0xcc, cx8, cmov, fxsr, ht, mmx, 3dnowpref, sse, sse2, sse3, ssse3, sse4.1, sse4.2, popcnt, lzcnt, tsc, tscinvbit, avx, avx2, aes, erms, clmul, bmi1, bmi2, adx, fma, vzeroupper, clflush, clflushopt

Memory: 4k page, system-wide physical 3971M (870M free)
TotalPageFile size 8971M (AvailPageFile size 3M)
current process WorkingSet (physical memory assigned to process): 57M, peak: 57M
current process commit charge ("private bytes"): 136M, peak: 136M

vm_info: OpenJDK 64-Bit Server VM (17.0.2+8) for windows-amd64 JRE (17.0.2+8), built on Jan 20 2022 04:52:34 by "" with MS VC++ 16.7 (VS2019)

END.
