#
# There is insufficient memory for the Java Runtime Environment to continue.
# Native memory allocation (malloc) failed to allocate 2097152 bytes for AllocateHeap
# Possible reasons:
#   The system is out of physical RAM or swap space
#   The process is running with CompressedOops enabled, and the Java Heap may be blocking the growth of the native heap
# Possible solutions:
#   Reduce memory load on the system
#   Increase physical memory or swap space
#   Check if swap backing store is full
#   Decrease Java heap size (-Xmx/-Xms)
#   Decrease number of Java threads
#   Decrease Java thread stack sizes (-Xss)
#   Set larger code cache with -XX:ReservedCodeCacheSize=
#   JVM is running with Unscaled Compressed Oops mode in which the Java heap is
#     placed in the first 4GB address space. The Java Heap base address is the
#     maximum limit for the native heap growth. Please use -XX:HeapBaseMinAddress
#     to set the Java Heap base and to place the Java Heap above 4GB virtual address.
# This output file may be truncated or incomplete.
#
#  Out of Memory Error (allocation.cpp:44), pid=2876, tid=5708
#
# JRE version: OpenJDK Runtime Environment Temurin-17.0.2+8 (17.0.2+8) (build 17.0.2+8)
# Java VM: OpenJDK 64-Bit Server VM Temurin-17.0.2+8 (17.0.2+8, mixed mode, emulated-client, tiered, compressed oops, compressed class ptrs, g1 gc, windows-amd64)
# No core dump will be written. Minidumps are not enabled by default on client versions of Windows
#

---------------  S U M M A R Y ------------

Command Line: -Dsts.lsp.client=vscode -Dsts.log.file=/dev/null -XX:TieredStopAtLevel=1 -Dspring.config.location=file:c:\Users\Sueli\.vscode\extensions\pivotal.vscode-spring-boot-1.32.0\language-server\BOOT-INF\classes\application.properties org.springframework.ide.vscode.boot.app.BootLanguageServerBootApp

Host: Intel(R) Core(TM) i3-6006U CPU @ 2.00GHz, 4 cores, 3G,  Windows 8.1 , 64 bit Build 9600 (6.3.9600.17415)
Time: Sun Apr  3 15:33:01 2022 Hora oficial do Brasil elapsed time: 5987.359356 seconds (0d 1h 39m 47s)

---------------  T H R E A D  ---------------

Current thread (0x000000a7d608e740):  VMThread "VM Thread" [stack: 0x000000a7e09b0000,0x000000a7e0ab0000] [id=5708]

Stack: [0x000000a7e09b0000,0x000000a7e0ab0000]
Native frames: (J=compiled Java code, j=interpreted, Vv=VM code, C=native code)
V  [jvm.dll+0x67564a]
V  [jvm.dll+0x82fc04]
V  [jvm.dll+0x8313ae]
V  [jvm.dll+0x831a13]
V  [jvm.dll+0x245235]
V  [jvm.dll+0xa6393]
V  [jvm.dll+0x2f52c1]
V  [jvm.dll+0x2f0f70]
V  [jvm.dll+0x2d96c7]
V  [jvm.dll+0x31c6b7]
V  [jvm.dll+0x835ebb]
V  [jvm.dll+0x836bf4]
V  [jvm.dll+0x83710c]
V  [jvm.dll+0x8374e4]
V  [jvm.dll+0x8375b0]
V  [jvm.dll+0x7dff2a]
V  [jvm.dll+0x6744d5]
C  [ucrtbase.DLL+0x1c1ae]
C  [KERNEL32.DLL+0x13d2]
C  [ntdll.dll+0x703c4]

VM_Operation (0x000000a7e379ed40): G1CollectFull, mode: safepoint, requested by thread 0x000000a7e4d9d6f0


---------------  P R O C E S S  ---------------

Threads class SMR info:
_java_thread_list=0x000000a7e2e8dfc0, length=19, elements={
0x000000a7e0926d80, 0x000000a7e09286a0, 0x000000a7e0969740, 0x000000a7e096a4c0,
0x000000a7e096f550, 0x000000a7e0973e20, 0x000000a7e0979ca0, 0x000000a7e098c980,
0x000000a7e1f00a90, 0x000000a7e1f197e0, 0x000000a7e4d9d6f0, 0x000000a7e4e90040,
0x000000a7d5fe1b00, 0x000000a7e4e9d050, 0x000000a7e4d1a610, 0x000000a7e4d1aae0,
0x000000a7e4d1afb0, 0x000000a7e4f7b6f0, 0x000000a7e501ad40
}

Java Threads: ( => current thread )
  0x000000a7e0926d80 JavaThread "Reference Handler" daemon [_thread_blocked, id=6576, stack(0x000000a7e0ab0000,0x000000a7e0bb0000)]
  0x000000a7e09286a0 JavaThread "Finalizer" daemon [_thread_blocked, id=4000, stack(0x000000a7e1400000,0x000000a7e1500000)]
  0x000000a7e0969740 JavaThread "Signal Dispatcher" daemon [_thread_blocked, id=7792, stack(0x000000a7e17d0000,0x000000a7e18d0000)]
  0x000000a7e096a4c0 JavaThread "Attach Listener" daemon [_thread_blocked, id=8144, stack(0x000000a7e18d0000,0x000000a7e19d0000)]
  0x000000a7e096f550 JavaThread "Service Thread" daemon [_thread_blocked, id=8748, stack(0x000000a7e19d0000,0x000000a7e1ad0000)]
  0x000000a7e0973e20 JavaThread "Monitor Deflation Thread" daemon [_thread_blocked, id=6524, stack(0x000000a7e1ad0000,0x000000a7e1bd0000)]
  0x000000a7e0979ca0 JavaThread "C1 CompilerThread0" daemon [_thread_blocked, id=8868, stack(0x000000a7e1bd0000,0x000000a7e1cd0000)]
  0x000000a7e098c980 JavaThread "Sweeper thread" daemon [_thread_blocked, id=5624, stack(0x000000a7e1cd0000,0x000000a7e1dd0000)]
  0x000000a7e1f00a90 JavaThread "Notification Thread" daemon [_thread_blocked, id=8932, stack(0x000000a7e23d0000,0x000000a7e24d0000)]
  0x000000a7e1f197e0 JavaThread "Common-Cleaner" daemon [_thread_blocked, id=2456, stack(0x000000a7e25d0000,0x000000a7e26d0000)]
  0x000000a7e4d9d6f0 JavaThread "pool-5-thread-1" [_thread_blocked, id=4320, stack(0x000000a7e36a0000,0x000000a7e37a0000)]
  0x000000a7e4e90040 JavaThread "LanguageServerApp-lifecycle" [_thread_blocked, id=4632, stack(0x000000a7e42e0000,0x000000a7e43e0000)]
  0x000000a7d5fe1b00 JavaThread "DestroyJavaVM" [_thread_blocked, id=3528, stack(0x000000a7d5690000,0x000000a7d5790000)]
  0x000000a7e4e9d050 JavaThread "pool-6-thread-1" [_thread_in_native, id=736, stack(0x000000a7e5bd0000,0x000000a7e5cd0000)]
  0x000000a7e4d1a610 JavaThread "Simple-Language-Server main thread" daemon [_thread_blocked, id=4752, stack(0x000000a7e5cd0000,0x000000a7e5dd0000)]
  0x000000a7e4d1aae0 JavaThread "pool-7-thread-1" [_thread_blocked, id=1984, stack(0x000000a7e5dd0000,0x000000a7e5ed0000)]
  0x000000a7e4d1afb0 JavaThread "pool-4-thread-1" [_thread_blocked, id=4116, stack(0x000000a7e5ed0000,0x000000a7e5fd0000)]
  0x000000a7e4f7b6f0 JavaThread "Reconciler-1" [_thread_blocked, id=5996, stack(0x000000a7e6800000,0x000000a7e6900000)]
  0x000000a7e501ad40 JavaThread "parallel-1" daemon [_thread_blocked, id=7756, stack(0x000000a7e6900000,0x000000a7e6a00000)]

Other Threads:
=>0x000000a7d608e740 VMThread "VM Thread" [stack: 0x000000a7e09b0000,0x000000a7e0ab0000] [id=5708]
  0x000000a7e1f04f80 WatcherThread [stack: 0x000000a7e24d0000,0x000000a7e25d0000] [id=7060]
  0x000000a7d600dee0 GCTaskThread "GC Thread#0" [stack: 0x000000a7d5e80000,0x000000a7d5f80000] [id=392]
  0x000000a7e2a58ec0 GCTaskThread "GC Thread#1" [stack: 0x000000a7e32a0000,0x000000a7e33a0000] [id=8312]
  0x000000a7e2a63a70 GCTaskThread "GC Thread#2" [stack: 0x000000a7e33a0000,0x000000a7e34a0000] [id=8308]
  0x000000a7e2ab2560 GCTaskThread "GC Thread#3" [stack: 0x000000a7e34a0000,0x000000a7e35a0000] [id=5304]
  0x000000a7d60179f0 ConcurrentGCThread "G1 Main Marker" [stack: 0x000000a7ddf60000,0x000000a7de060000] [id=4916]
  0x000000a7d6018f40 ConcurrentGCThread "G1 Conc#0" [stack: 0x000000a7de060000,0x000000a7de160000] [id=7272]
  0x000000a7d6067b00 ConcurrentGCThread "G1 Refine#0" [stack: 0x000000a7e05b0000,0x000000a7e06b0000] [id=3028]
  0x000000a7d6068430 ConcurrentGCThread "G1 Service" [stack: 0x000000a7e06b0000,0x000000a7e07b0000] [id=2788]

Threads with active compile tasks:

VM state: at safepoint (normal execution)

VM Mutex/Monitor currently owned by a thread:  ([mutex/lock_event])
[0x000000a7d5fdd0b0] Threads_lock - owner thread: 0x000000a7d608e740
[0x000000a7d5fdd6e0] Heap_lock - owner thread: 0x000000a7e4d9d6f0

Heap address: 0x00000000c1e00000, size: 994 MB, Compressed Oops mode: 32-bit

CDS archive(s) not mapped
Compressed class space mapped at: 0x0000000100000000-0x0000000140000000, reserved size: 1073741824
Narrow klass base: 0x0000000000000000, Narrow klass shift: 3, Narrow klass range: 0x140000000

GC Precious Log:
 CPUs: 4 total, 4 available
 Memory: 3971M
 Large Page Support: Disabled
 NUMA Support: Disabled
 Compressed Oops: Enabled (32-bit)
 Heap Region Size: 1M
 Heap Min Capacity: 8M
 Heap Initial Capacity: 64M
 Heap Max Capacity: 994M
 Pre-touch: Disabled
 Parallel Workers: 4
 Concurrent Workers: 1
 Concurrent Refinement Workers: 4
 Periodic GC: Disabled

Heap:
 garbage-first heap   total 37888K, used 15395K [0x00000000c1e00000, 0x0000000100000000)
  region size 1024K, 6 young (6144K), 0 survivors (0K)
 Metaspace       used 29351K, committed 29824K, reserved 1081344K
  class space    used 3931K, committed 4096K, reserved 1048576K

Heap Regions: E=young(eden), S=young(survivor), O=old, HS=humongous(starts), HC=humongous(continues), CS=collection set, F=free, OA=open archive, CA=closed archive, TAMS=top-at-mark-start (previous, next)
|   0|0x00000000c1e00000, 0x00000000c1f00000, 0x00000000c1f00000|100%| O|  |TAMS 0x00000000c1f00000, 0x00000000c1e00000| Untracked 
|   1|0x00000000c1f00000, 0x00000000c1ffffc8, 0x00000000c2000000| 99%| O|  |TAMS 0x00000000c1ffffc8, 0x00000000c1f00000| Untracked 
|   2|0x00000000c2000000, 0x00000000c20fffc0, 0x00000000c2100000| 99%| O|  |TAMS 0x00000000c20fffc0, 0x00000000c2000000| Untracked 
|   3|0x00000000c2100000, 0x00000000c2200000, 0x00000000c2200000|100%| O|  |TAMS 0x00000000c2200000, 0x00000000c2100000| Untracked 
|   4|0x00000000c2200000, 0x00000000c22fffe0, 0x00000000c2300000| 99%| O|  |TAMS 0x00000000c22fffe0, 0x00000000c2200000| Untracked 
|   5|0x00000000c2300000, 0x00000000c23fffd0, 0x00000000c2400000| 99%| O|  |TAMS 0x00000000c23fffd0, 0x00000000c2300000| Untracked 
|   6|0x00000000c2400000, 0x00000000c24fffc8, 0x00000000c2500000| 99%| O|  |TAMS 0x00000000c24fffc8, 0x00000000c2400000| Untracked 
|   7|0x00000000c2500000, 0x00000000c25fffb0, 0x00000000c2600000| 99%| O|  |TAMS 0x00000000c25fffb0, 0x00000000c2500000| Untracked 
|   8|0x00000000c2600000, 0x00000000c26fffb0, 0x00000000c2700000| 99%| O|  |TAMS 0x00000000c26fffb0, 0x00000000c2600000| Untracked 
|   9|0x00000000c2700000, 0x00000000c27fffd0, 0x00000000c2800000| 99%| O|  |TAMS 0x00000000c27fffd0, 0x00000000c2700000| Untracked 
|  10|0x00000000c2800000, 0x00000000c2809010, 0x00000000c2900000|  3%| O|  |TAMS 0x00000000c2800000, 0x00000000c2800000| Untracked 
|  11|0x00000000c2900000, 0x00000000c29001b8, 0x00000000c2a00000|  0%| O|  |TAMS 0x00000000c2900000, 0x00000000c2900000| Untracked 
|  12|0x00000000c2a00000, 0x00000000c2a00000, 0x00000000c2b00000|  0%| F|  |TAMS 0x00000000c2a00000, 0x00000000c2a00000| Untracked 
|  13|0x00000000c2b00000, 0x00000000c2b00000, 0x00000000c2c00000|  0%| F|  |TAMS 0x00000000c2b00000, 0x00000000c2b00000| Untracked 
|  14|0x00000000c2c00000, 0x00000000c2c00000, 0x00000000c2d00000|  0%| F|  |TAMS 0x00000000c2c00000, 0x00000000c2c00000| Untracked 
|  15|0x00000000c2d00000, 0x00000000c2d00000, 0x00000000c2e00000|  0%| F|  |TAMS 0x00000000c2d00000, 0x00000000c2d00000| Untracked 
|  16|0x00000000c2e00000, 0x00000000c2e00000, 0x00000000c2f00000|  0%| F|  |TAMS 0x00000000c2e00000, 0x00000000c2e00000| Untracked 
|  17|0x00000000c2f00000, 0x00000000c2f00000, 0x00000000c3000000|  0%| F|  |TAMS 0x00000000c2f00000, 0x00000000c2f00000| Untracked 
|  18|0x00000000c3000000, 0x00000000c3000000, 0x00000000c3100000|  0%| F|  |TAMS 0x00000000c3000000, 0x00000000c3000000| Untracked 
|  19|0x00000000c3100000, 0x00000000c3100000, 0x00000000c3200000|  0%| F|  |TAMS 0x00000000c3100000, 0x00000000c3100000| Untracked 
|  20|0x00000000c3200000, 0x00000000c3200000, 0x00000000c3300000|  0%| F|  |TAMS 0x00000000c3200000, 0x00000000c3200000| Untracked 
|  21|0x00000000c3300000, 0x00000000c3300000, 0x00000000c3400000|  0%| F|  |TAMS 0x00000000c3300000, 0x00000000c3300000| Untracked 
|  22|0x00000000c3400000, 0x00000000c3400000, 0x00000000c3500000|  0%| F|  |TAMS 0x00000000c3400000, 0x00000000c3400000| Untracked 
|  23|0x00000000c3500000, 0x00000000c3500000, 0x00000000c3600000|  0%| F|  |TAMS 0x00000000c3500000, 0x00000000c3500000| Untracked 
|  24|0x00000000c3600000, 0x00000000c3600000, 0x00000000c3700000|  0%| F|  |TAMS 0x00000000c3600000, 0x00000000c3600000| Untracked 
|  25|0x00000000c3700000, 0x00000000c3700000, 0x00000000c3800000|  0%| F|  |TAMS 0x00000000c3700000, 0x00000000c3700000| Untracked 
|  26|0x00000000c3800000, 0x00000000c3800000, 0x00000000c3900000|  0%| F|  |TAMS 0x00000000c3800000, 0x00000000c3800000| Untracked 
|  27|0x00000000c3900000, 0x00000000c3900000, 0x00000000c3a00000|  0%| F|  |TAMS 0x00000000c3900000, 0x00000000c3900000| Untracked 
|  28|0x00000000c3a00000, 0x00000000c3a00000, 0x00000000c3b00000|  0%| F|  |TAMS 0x00000000c3a00000, 0x00000000c3a00000| Untracked 
|  29|0x00000000c3b00000, 0x00000000c3b00000, 0x00000000c3c00000|  0%| F|  |TAMS 0x00000000c3b00000, 0x00000000c3b00000| Untracked 
|  30|0x00000000c3c00000, 0x00000000c3c00000, 0x00000000c3d00000|  0%| F|  |TAMS 0x00000000c3c00000, 0x00000000c3c00000| Untracked 
|  31|0x00000000c3d00000, 0x00000000c3d52390, 0x00000000c3e00000| 32%| E|  |TAMS 0x00000000c3d00000, 0x00000000c3d00000| Complete 
|  32|0x00000000c3e00000, 0x00000000c3f00000, 0x00000000c3f00000|100%| E|CS|TAMS 0x00000000c3e00000, 0x00000000c3e00000| Complete 
|  33|0x00000000c3f00000, 0x00000000c4000000, 0x00000000c4000000|100%| E|CS|TAMS 0x00000000c3f00000, 0x00000000c3f00000| Complete 
|  34|0x00000000c4000000, 0x00000000c4100000, 0x00000000c4100000|100%| E|CS|TAMS 0x00000000c4000000, 0x00000000c4000000| Complete 
|  35|0x00000000c4100000, 0x00000000c4200000, 0x00000000c4200000|100%| E|CS|TAMS 0x00000000c4100000, 0x00000000c4100000| Complete 
|  36|0x00000000c4200000, 0x00000000c4300000, 0x00000000c4300000|100%| E|CS|TAMS 0x00000000c4200000, 0x00000000c4200000| Complete 

Card table byte_map: [0x000000a7dbc40000,0x000000a7dbe40000] _byte_map_base: 0x000000a7db631000

Marking Bits (Prev, Next): (CMBitMap*) 0x000000a7d600e400, (CMBitMap*) 0x000000a7d600e440
 Prev Bits: [0x000000a7dc040000, 0x000000a7dcfc8000)
 Next Bits: [0x000000a7dcfd0000, 0x000000a7ddf58000)

Polling page: 0x000000a7d5790000

Metaspace:

Usage:
  Non-class:     24.82 MB used.
      Class:      3.84 MB used.
       Both:     28.66 MB used.

Virtual space:
  Non-class space:       32.00 MB reserved,      25.13 MB ( 79%) committed,  4 nodes.
      Class space:        1.00 GB reserved,       4.00 MB ( <1%) committed,  1 nodes.
             Both:        1.03 GB reserved,      29.13 MB (  3%) committed. 

Chunk freelists:
   Non-Class:  2.97 MB
       Class:  75.00 KB
        Both:  3.04 MB

MaxMetaspaceSize: unlimited
CompressedClassSpaceSize: 1.00 GB
Initial GC threshold: 21.00 MB
Current GC threshold: 48.56 MB
CDS: off
MetaspaceReclaimPolicy: balanced
 - commit_granule_bytes: 65536.
 - commit_granule_words: 8192.
 - virtual_space_node_default_size: 1048576.
 - enlarge_chunks_in_place: 1.
 - new_chunks_are_fully_committed: 0.
 - uncommit_free_chunks: 1.
 - use_allocation_guard: 0.
 - handle_deallocations: 1.


Internal statistics:

num_allocs_failed_limit: 3.
num_arena_births: 326.
num_arena_deaths: 100.
num_vsnodes_births: 5.
num_vsnodes_deaths: 0.
num_space_committed: 466.
num_space_uncommitted: 0.
num_chunks_returned_to_freelist: 104.
num_chunks_taken_from_freelist: 1121.
num_chunk_merges: 36.
num_chunk_splits: 741.
num_chunks_enlarged: 556.
num_purges: 6.
num_inconsistent_stats: 0.

CodeCache: size=49152Kb used=6888Kb max_used=8005Kb free=42263Kb
 bounds [0x000000a7d8c40000, 0x000000a7d9430000, 0x000000a7dbc40000]
 total_blobs=4123 nmethods=3634 adapters=416
 compilation: enabled
              stopped_count=0, restarted_count=0
 full_count=0

Compilation events (20 events):
Event: 2778.148 Thread 0x000000a7e0979ca0 3642       1       java.io.FileOutputStream$1::close (11 bytes)
Event: 2778.148 Thread 0x000000a7e0979ca0 nmethod 3642 0x000000a7d8d6ca10 code [0x000000a7d8d6cbc0, 0x000000a7d8d6ced8]
Event: 2778.148 Thread 0x000000a7e0979ca0 3643       1       java.lang.System::gc (7 bytes)
Event: 2778.149 Thread 0x000000a7e0979ca0 nmethod 3643 0x000000a7d8d6c710 code [0x000000a7d8d6c8a0, 0x000000a7d8d6c968]
Event: 2788.579 Thread 0x000000a7e0979ca0 3645       1       java.lang.ProcessImpl$$Lambda$465/0x00000001003f9380::run (8 bytes)
Event: 2788.580 Thread 0x000000a7e0979ca0 nmethod 3645 0x000000a7d8d6c010 code [0x000000a7d8d6c1a0, 0x000000a7d8d6c288]
Event: 2788.580 Thread 0x000000a7e0979ca0 3646       1       java.lang.ProcessImpl::lambda$new$0 (6 bytes)
Event: 2788.580 Thread 0x000000a7e0979ca0 nmethod 3646 0x000000a7d8d6bd10 code [0x000000a7d8d6bea0, 0x000000a7d8d6bf68]
Event: 3428.840 Thread 0x000000a7e0979ca0 3648   !   1       java.util.concurrent.ConcurrentHashMap::initTable (112 bytes)
Event: 3428.998 Thread 0x000000a7e0979ca0 nmethod 3648 0x000000a7d8d6b710 code [0x000000a7d8d6b8c0, 0x000000a7d8d6bba8]
Event: 3957.535 Thread 0x000000a7e0979ca0 3649       1       java.text.NumberFormat::isGroupingUsed (5 bytes)
Event: 3957.554 Thread 0x000000a7e0979ca0 nmethod 3649 0x000000a7d8d6b410 code [0x000000a7d8d6b5a0, 0x000000a7d8d6b678]
Event: 3957.554 Thread 0x000000a7e0979ca0 3650       1       java.text.DontCareFieldPosition$1::formatted (1 bytes)
Event: 3957.744 Thread 0x000000a7e0979ca0 nmethod 3650 0x000000a7d8d6b110 code [0x000000a7d8d6b2a0, 0x000000a7d8d6b358]
Event: 4112.816 Thread 0x000000a7e0979ca0 3651   !   1       org.springframework.ide.vscode.commons.languageserver.util.ParentProcessWatcher::parentProcessStillRunning (413 bytes)
Event: 4125.633 Thread 0x000000a7e0979ca0 nmethod 3651 0x000000a7d8d66790 code [0x000000a7d8d66e80, 0x000000a7d8d69698]
Event: 4148.398 Thread 0x000000a7e0979ca0 3652   !   1       java.lang.ProcessImpl::start (733 bytes)
Event: 4149.479 Thread 0x000000a7e0979ca0 nmethod 3652 0x000000a7d8d60210 code [0x000000a7d8d607e0, 0x000000a7d8d63738]
Event: 5545.132 Thread 0x000000a7e0979ca0 3668   !   1       java.lang.ProcessImpl::<init> (327 bytes)
Event: 5549.435 Thread 0x000000a7e0979ca0 nmethod 3668 0x000000a7d8d5dd10 code [0x000000a7d8d5e120, 0x000000a7d8d5f3a8]

GC Heap History (20 events):
Event: 5878.943 GC heap before
{Heap before GC invocations=551 (full 541):
 garbage-first heap   total 37888K, used 15395K [0x00000000c1e00000, 0x0000000100000000)
  region size 1024K, 6 young (6144K), 0 survivors (0K)
 Metaspace       used 29351K, committed 29824K, reserved 1081344K
  class space    used 3931K, committed 4096K, reserved 1048576K
}
Event: 5879.015 GC heap after
{Heap after GC invocations=552 (full 542):
 garbage-first heap   total 37888K, used 10275K [0x00000000c1e00000, 0x0000000100000000)
  region size 1024K, 0 young (0K), 0 survivors (0K)
 Metaspace       used 29351K, committed 29824K, reserved 1081344K
  class space    used 3931K, committed 4096K, reserved 1048576K
}
Event: 5889.619 GC heap before
{Heap before GC invocations=552 (full 542):
 garbage-first heap   total 37888K, used 15395K [0x00000000c1e00000, 0x0000000100000000)
  region size 1024K, 6 young (6144K), 0 survivors (0K)
 Metaspace       used 29351K, committed 29824K, reserved 1081344K
  class space    used 3931K, committed 4096K, reserved 1048576K
}
Event: 5889.693 GC heap after
{Heap after GC invocations=553 (full 543):
 garbage-first heap   total 37888K, used 10275K [0x00000000c1e00000, 0x0000000100000000)
  region size 1024K, 0 young (0K), 0 survivors (0K)
 Metaspace       used 29351K, committed 29824K, reserved 1081344K
  class space    used 3931K, committed 4096K, reserved 1048576K
}
Event: 5900.295 GC heap before
{Heap before GC invocations=553 (full 543):
 garbage-first heap   total 37888K, used 15395K [0x00000000c1e00000, 0x0000000100000000)
  region size 1024K, 6 young (6144K), 0 survivors (0K)
 Metaspace       used 29351K, committed 29824K, reserved 1081344K
  class space    used 3931K, committed 4096K, reserved 1048576K
}
Event: 5900.375 GC heap after
{Heap after GC invocations=554 (full 544):
 garbage-first heap   total 37888K, used 10275K [0x00000000c1e00000, 0x0000000100000000)
  region size 1024K, 0 young (0K), 0 survivors (0K)
 Metaspace       used 29351K, committed 29824K, reserved 1081344K
  class space    used 3931K, committed 4096K, reserved 1048576K
}
Event: 5911.179 GC heap before
{Heap before GC invocations=554 (full 544):
 garbage-first heap   total 37888K, used 17443K [0x00000000c1e00000, 0x0000000100000000)
  region size 1024K, 8 young (8192K), 0 survivors (0K)
 Metaspace       used 29351K, committed 29824K, reserved 1081344K
  class space    used 3931K, committed 4096K, reserved 1048576K
}
Event: 5911.258 GC heap after
{Heap after GC invocations=555 (full 545):
 garbage-first heap   total 37888K, used 10280K [0x00000000c1e00000, 0x0000000100000000)
  region size 1024K, 0 young (0K), 0 survivors (0K)
 Metaspace       used 29351K, committed 29824K, reserved 1081344K
  class space    used 3931K, committed 4096K, reserved 1048576K
}
Event: 5922.219 GC heap before
{Heap before GC invocations=555 (full 545):
 garbage-first heap   total 37888K, used 14376K [0x00000000c1e00000, 0x0000000100000000)
  region size 1024K, 6 young (6144K), 0 survivors (0K)
 Metaspace       used 29351K, committed 29824K, reserved 1081344K
  class space    used 3931K, committed 4096K, reserved 1048576K
}
Event: 5922.300 GC heap after
{Heap after GC invocations=556 (full 546):
 garbage-first heap   total 37888K, used 10276K [0x00000000c1e00000, 0x0000000100000000)
  region size 1024K, 0 young (0K), 0 survivors (0K)
 Metaspace       used 29351K, committed 29824K, reserved 1081344K
  class space    used 3931K, committed 4096K, reserved 1048576K
}
Event: 5932.889 GC heap before
{Heap before GC invocations=556 (full 546):
 garbage-first heap   total 37888K, used 14372K [0x00000000c1e00000, 0x0000000100000000)
  region size 1024K, 6 young (6144K), 0 survivors (0K)
 Metaspace       used 29351K, committed 29824K, reserved 1081344K
  class space    used 3931K, committed 4096K, reserved 1048576K
}
Event: 5932.950 GC heap after
{Heap after GC invocations=557 (full 547):
 garbage-first heap   total 37888K, used 10275K [0x00000000c1e00000, 0x0000000100000000)
  region size 1024K, 0 young (0K), 0 survivors (0K)
 Metaspace       used 29351K, committed 29824K, reserved 1081344K
  class space    used 3931K, committed 4096K, reserved 1048576K
}
Event: 5943.918 GC heap before
{Heap before GC invocations=557 (full 547):
 garbage-first heap   total 37888K, used 15395K [0x00000000c1e00000, 0x0000000100000000)
  region size 1024K, 6 young (6144K), 0 survivors (0K)
 Metaspace       used 29351K, committed 29824K, reserved 1081344K
  class space    used 3931K, committed 4096K, reserved 1048576K
}
Event: 5943.981 GC heap after
{Heap after GC invocations=558 (full 548):
 garbage-first heap   total 37888K, used 10275K [0x00000000c1e00000, 0x0000000100000000)
  region size 1024K, 0 young (0K), 0 survivors (0K)
 Metaspace       used 29351K, committed 29824K, reserved 1081344K
  class space    used 3931K, committed 4096K, reserved 1048576K
}
Event: 5954.569 GC heap before
{Heap before GC invocations=558 (full 548):
 garbage-first heap   total 37888K, used 15395K [0x00000000c1e00000, 0x0000000100000000)
  region size 1024K, 6 young (6144K), 0 survivors (0K)
 Metaspace       used 29351K, committed 29824K, reserved 1081344K
  class space    used 3931K, committed 4096K, reserved 1048576K
}
Event: 5954.630 GC heap after
{Heap after GC invocations=559 (full 549):
 garbage-first heap   total 37888K, used 10275K [0x00000000c1e00000, 0x0000000100000000)
  region size 1024K, 0 young (0K), 0 survivors (0K)
 Metaspace       used 29351K, committed 29824K, reserved 1081344K
  class space    used 3931K, committed 4096K, reserved 1048576K
}
Event: 5965.334 GC heap before
{Heap before GC invocations=559 (full 549):
 garbage-first heap   total 37888K, used 15395K [0x00000000c1e00000, 0x0000000100000000)
  region size 1024K, 6 young (6144K), 0 survivors (0K)
 Metaspace       used 29351K, committed 29824K, reserved 1081344K
  class space    used 3931K, committed 4096K, reserved 1048576K
}
Event: 5965.406 GC heap after
{Heap after GC invocations=560 (full 550):
 garbage-first heap   total 37888K, used 10275K [0x00000000c1e00000, 0x0000000100000000)
  region size 1024K, 0 young (0K), 0 survivors (0K)
 Metaspace       used 29351K, committed 29824K, reserved 1081344K
  class space    used 3931K, committed 4096K, reserved 1048576K
}
Event: 5976.166 GC heap before
{Heap before GC invocations=560 (full 550):
 garbage-first heap   total 37888K, used 15395K [0x00000000c1e00000, 0x0000000100000000)
  region size 1024K, 6 young (6144K), 0 survivors (0K)
 Metaspace       used 29351K, committed 29824K, reserved 1081344K
  class space    used 3931K, committed 4096K, reserved 1048576K
}
Event: 5976.239 GC heap after
{Heap after GC invocations=561 (full 551):
 garbage-first heap   total 37888K, used 10275K [0x00000000c1e00000, 0x0000000100000000)
  region size 1024K, 0 young (0K), 0 survivors (0K)
 Metaspace       used 29351K, committed 29824K, reserved 1081344K
  class space    used 3931K, committed 4096K, reserved 1048576K
}

Deoptimization events (8 events):
Event: 2.189 Thread 0x000000a7d5fe1b00 DEOPT PACKING pc=0x000000a7d8facff5 sp=0x000000a7d578dcf0
Event: 2.189 Thread 0x000000a7d5fe1b00 DEOPT UNPACKING pc=0x000000a7d8c92b43 sp=0x000000a7d578d160 mode 3
Event: 4.010 Thread 0x000000a7d5fe1b00 DEOPT PACKING pc=0x000000a7d90b3e99 sp=0x000000a7d578d560
Event: 4.010 Thread 0x000000a7d5fe1b00 DEOPT UNPACKING pc=0x000000a7d8c92b43 sp=0x000000a7d578ca40 mode 3
Event: 5.136 Thread 0x000000a7d5fe1b00 DEOPT PACKING pc=0x000000a7d918b675 sp=0x000000a7d578d230
Event: 5.137 Thread 0x000000a7d5fe1b00 DEOPT UNPACKING pc=0x000000a7d8c92b43 sp=0x000000a7d578c6a0 mode 3
Event: 7.728 Thread 0x000000a7e4d1a610 DEOPT PACKING pc=0x000000a7d92bbbb5 sp=0x000000a7e5dcddc0
Event: 7.728 Thread 0x000000a7e4d1a610 DEOPT UNPACKING pc=0x000000a7d8c92b43 sp=0x000000a7e5dcd2e8 mode 3

Classes unloaded (20 events):
Event: 58.474 Thread 0x000000a7d608e740 Unloading class 0x00000001002e0000 'java/lang/invoke/LambdaForm$MH+0x00000001002e0000'
Event: 58.474 Thread 0x000000a7d608e740 Unloading class 0x00000001002d8000 'java/lang/invoke/LambdaForm$MH+0x00000001002d8000'
Event: 58.474 Thread 0x000000a7d608e740 Unloading class 0x00000001002d5c00 'java/lang/invoke/LambdaForm$MH+0x00000001002d5c00'
Event: 58.474 Thread 0x000000a7d608e740 Unloading class 0x00000001002d5800 'java/lang/invoke/LambdaForm$MH+0x00000001002d5800'
Event: 58.474 Thread 0x000000a7d608e740 Unloading class 0x00000001002d4c00 'java/lang/invoke/LambdaForm$DMH+0x00000001002d4c00'
Event: 58.474 Thread 0x000000a7d608e740 Unloading class 0x00000001002d4400 'java/lang/invoke/LambdaForm$DMH+0x00000001002d4400'
Event: 58.474 Thread 0x000000a7d608e740 Unloading class 0x00000001001de800 'java/lang/invoke/LambdaForm$MH+0x00000001001de800'
Event: 58.474 Thread 0x000000a7d608e740 Unloading class 0x00000001001de400 'java/lang/invoke/LambdaForm$MH+0x00000001001de400'
Event: 58.474 Thread 0x000000a7d608e740 Unloading class 0x00000001001de000 'java/lang/invoke/LambdaForm$MH+0x00000001001de000'
Event: 58.475 Thread 0x000000a7d608e740 Unloading class 0x00000001001ddc00 'java/lang/invoke/LambdaForm$MH+0x00000001001ddc00'
Event: 58.475 Thread 0x000000a7d608e740 Unloading class 0x00000001001dd800 'java/lang/invoke/LambdaForm$MH+0x00000001001dd800'
Event: 58.475 Thread 0x000000a7d608e740 Unloading class 0x00000001001dd000 'java/lang/invoke/LambdaForm$MH+0x00000001001dd000'
Event: 58.475 Thread 0x000000a7d608e740 Unloading class 0x00000001000c8000 'java/lang/invoke/LambdaForm$MH+0x00000001000c8000'
Event: 82.278 Thread 0x000000a7d608e740 Unloading class 0x00000001003ed400 'java/lang/invoke/LambdaForm$MH+0x00000001003ed400'
Event: 82.278 Thread 0x000000a7d608e740 Unloading class 0x00000001003ed000 'java/lang/invoke/LambdaForm$MH+0x00000001003ed000'
Event: 82.278 Thread 0x000000a7d608e740 Unloading class 0x00000001003ecc00 'java/lang/invoke/LambdaForm$MH+0x00000001003ecc00'
Event: 82.278 Thread 0x000000a7d608e740 Unloading class 0x00000001003ec800 'java/lang/invoke/LambdaForm$MH+0x00000001003ec800'
Event: 82.278 Thread 0x000000a7d608e740 Unloading class 0x00000001003ec400 'java/lang/invoke/LambdaForm$MH+0x00000001003ec400'
Event: 82.278 Thread 0x000000a7d608e740 Unloading class 0x00000001003ec000 'java/lang/invoke/LambdaForm$MH+0x00000001003ec000'
Event: 82.278 Thread 0x000000a7d608e740 Unloading class 0x00000001002d5400 'java/lang/invoke/LambdaForm$MH+0x00000001002d5400'

Classes redefined (0 events):
No events

Internal exceptions (20 events):
Event: 5.801 Thread 0x000000a7d5fe1b00 Exception <a 'java/lang/NoSuchMethodError'{0x00000000c3517750}: 'java.lang.Object java.lang.invoke.DirectMethodHandle$Holder.newInvokeSpecial(java.lang.Object, java.lang.Object, java.lang.Object, int, java.lang.Object)'> (0x00000000c3517750) 
thrown [e:\jenkins\tmp\workspace\build\src\src\hotspot\share\interpreter\linkResolver.cpp, line 766]
Event: 5.809 Thread 0x000000a7d5fe1b00 Exception <a 'java/lang/NoSuchMethodError'{0x00000000c352b9e8}: 'void java.lang.invoke.DirectMethodHandle$Holder.invokeSpecialIFC(java.lang.Object, java.lang.Object, java.lang.Object)'> (0x00000000c352b9e8) 
thrown [e:\jenkins\tmp\workspace\build\src\src\hotspot\share\interpreter\linkResolver.cpp, line 766]
Event: 6.138 Thread 0x000000a7d5fe1b00 Exception <a 'java/lang/NoSuchMethodError'{0x00000000c4fe92b0}: 'void java.lang.invoke.DirectMethodHandle$Holder.invokeVirtual(java.lang.Object, java.lang.Object)'> (0x00000000c4fe92b0) 
thrown [e:\jenkins\tmp\workspace\build\src\src\hotspot\share\interpreter\linkResolver.cpp, line 766]
Event: 6.351 Thread 0x000000a7d5fe1b00 Exception <a 'java/lang/NoSuchMethodError'{0x00000000c4ca9bc8}: 'int java.lang.invoke.DirectMethodHandle$Holder.invokeSpecial(java.lang.Object, java.lang.Object, java.lang.Object, java.lang.Object, java.lang.Object)'> (0x00000000c4ca9bc8) 
thrown [e:\jenkins\tmp\workspace\build\src\src\hotspot\share\interpreter\linkResolver.cpp, line 766]
Event: 6.465 Thread 0x000000a7d5fe1b00 Exception <a 'java/lang/IncompatibleClassChangeError'{0x00000000c3cc53e8}: Found class java.lang.Object, but interface was expected> (0x00000000c3cc53e8) 
thrown [e:\jenkins\tmp\workspace\build\src\src\hotspot\share\interpreter\linkResolver.cpp, line 833]
Event: 6.477 Thread 0x000000a7d5fe1b00 Exception <a 'java/lang/NoSuchMethodError'{0x00000000c3cfde58}: 'java.lang.Object java.lang.invoke.DirectMethodHandle$Holder.invokeVirtual(java.lang.Object, java.lang.Object, java.lang.Object, java.lang.Object)'> (0x00000000c3cfde58) 
thrown [e:\jenkins\tmp\workspace\build\src\src\hotspot\share\interpreter\linkResolver.cpp, line 766]
Event: 6.633 Thread 0x000000a7d5fe1b00 Exception <a 'java/lang/NoSuchMethodError'{0x00000000c393e160}: 'java.lang.Object java.lang.invoke.DirectMethodHandle$Holder.newInvokeSpecial(java.lang.Object, java.lang.Object, int, java.lang.Object, java.lang.Object)'> (0x00000000c393e160) 
thrown [e:\jenkins\tmp\workspace\build\src\src\hotspot\share\interpreter\linkResolver.cpp, line 766]
Event: 7.706 Thread 0x000000a7e4e9d050 Exception <a 'java/lang/NoSuchMethodError'{0x00000000c4c1c7a8}: 'java.lang.Object java.lang.invoke.DirectMethodHandle$Holder.invokeStatic(java.lang.Object, java.lang.Object, java.lang.Object, int, java.lang.Object, java.lang.Object)'> (0x00000000c4c1c7a8) 
thrown [e:\jenkins\tmp\workspace\build\src\src\hotspot\share\interpreter\linkResolver.cpp, line 766]
Event: 7.717 Thread 0x000000a7e4d1a610 Exception <a 'java/lang/NoSuchMethodError'{0x00000000c4c13540}: 'java.lang.Object java.lang.invoke.DirectMethodHandle$Holder.invokeStatic(java.lang.Object, int, java.lang.Object)'> (0x00000000c4c13540) 
thrown [e:\jenkins\tmp\workspace\build\src\src\hotspot\share\interpreter\linkResolver.cpp, line 766]
Event: 8.071 Thread 0x000000a7e4f7b6f0 Exception <a 'java/lang/NoSuchMethodError'{0x00000000c371f288}: 'int java.lang.invoke.DirectMethodHandle$Holder.invokeStatic(java.lang.Object)'> (0x00000000c371f288) 
thrown [e:\jenkins\tmp\workspace\build\src\src\hotspot\share\interpreter\linkResolver.cpp, line 766]
Event: 8.071 Thread 0x000000a7e4f7b6f0 Exception <a 'java/lang/NoSuchMethodError'{0x00000000c3722738}: 'int java.lang.invoke.DirectMethodHandle$Holder.invokeStaticInit(java.lang.Object)'> (0x00000000c3722738) 
thrown [e:\jenkins\tmp\workspace\build\src\src\hotspot\share\interpreter\linkResolver.cpp, line 766]
Event: 8.138 Thread 0x000000a7e4e9d050 Exception <a 'java/lang/NoSuchMethodError'{0x00000000c37c62f8}: 'int java.lang.invoke.DirectMethodHandle$Holder.invokeVirtual(java.lang.Object, java.lang.Object)'> (0x00000000c37c62f8) 
thrown [e:\jenkins\tmp\workspace\build\src\src\hotspot\share\interpreter\linkResolver.cpp, line 766]
Event: 8.316 Thread 0x000000a7e4d1aae0 Exception <a 'java/lang/NoSuchMethodError'{0x00000000c5dcd048}: 'java.lang.Object java.lang.invoke.DirectMethodHandle$Holder.invokeInterface(java.lang.Object, java.lang.Object, java.lang.Object)'> (0x00000000c5dcd048) 
thrown [e:\jenkins\tmp\workspace\build\src\src\hotspot\share\interpreter\linkResolver.cpp, line 766]
Event: 8.371 Thread 0x000000a7e501b6e0 Exception <a 'java/lang/NoSuchMethodError'{0x00000000c4f429b8}: 'java.lang.Object java.lang.invoke.DirectMethodHandle$Holder.invokeStatic(java.lang.Object, java.lang.Object, long, java.lang.Object)'> (0x00000000c4f429b8) 
thrown [e:\jenkins\tmp\workspace\build\src\src\hotspot\share\interpreter\linkResolver.cpp, line 766]
Event: 8.372 Thread 0x000000a7e501b6e0 Exception <a 'java/lang/NoSuchMethodError'{0x00000000c4f46478}: 'java.lang.Object java.lang.invoke.DirectMethodHandle$Holder.invokeStaticInit(java.lang.Object, java.lang.Object, long, java.lang.Object)'> (0x00000000c4f46478) 
thrown [e:\jenkins\tmp\workspace\build\src\src\hotspot\share\interpreter\linkResolver.cpp, line 766]
Event: 8.373 Thread 0x000000a7e501b6e0 Exception <a 'java/lang/NoSuchMethodError'{0x00000000c4f4c7a8}: 'java.lang.Object java.lang.invoke.DirectMethodHandle$Holder.newInvokeSpecial(java.lang.Object, java.lang.Object, long)'> (0x00000000c4f4c7a8) 
thrown [e:\jenkins\tmp\workspace\build\src\src\hotspot\share\interpreter\linkResolver.cpp, line 766]
Event: 8.374 Thread 0x000000a7e501b6e0 Exception <a 'java/lang/NoSuchMethodError'{0x00000000c4f50318}: 'java.lang.Object java.lang.invoke.Invokers$Holder.linkToTargetMethod(java.lang.Object, long, java.lang.Object)'> (0x00000000c4f50318) 
thrown [e:\jenkins\tmp\workspace\build\src\src\hotspot\share\interpreter\linkResolver.cpp, line 766]
Event: 15.821 Thread 0x000000a7e096a4c0 Exception <a 'java/lang/NoSuchMethodError'{0x00000000c421bb68}: 'java.lang.Object java.lang.invoke.DirectMethodHandle$Holder.invokeStaticInit(java.lang.Object, int)'> (0x00000000c421bb68) 
thrown [e:\jenkins\tmp\workspace\build\src\src\hotspot\share\interpreter\linkResolver.cpp, line 766]
Event: 46.607 Thread 0x000000a7e4d9d6f0 Exception <a 'java/lang/NoSuchMethodError'{0x00000000c4f37a08}: 'void java.lang.invoke.DirectMethodHandle$Holder.invokeStatic(java.lang.Object, long)'> (0x00000000c4f37a08) 
thrown [e:\jenkins\tmp\workspace\build\src\src\hotspot\share\interpreter\linkResolver.cpp, line 766]
Event: 46.609 Thread 0x000000a7e4d9d6f0 Exception <a 'java/lang/NoSuchMethodError'{0x00000000c4f3cdb0}: 'java.lang.Object java.lang.invoke.DirectMethodHandle$Holder.newInvokeSpecial(java.lang.Object, long)'> (0x00000000c4f3cdb0) 
thrown [e:\jenkins\tmp\workspace\build\src\src\hotspot\share\interpreter\linkResolver.cpp, line 766]

VM Operations (20 events):
Event: 5879.015 Executing VM operation: G1CollectFull done
Event: 5889.619 Executing VM operation: G1CollectFull
Event: 5889.694 Executing VM operation: G1CollectFull done
Event: 5900.294 Executing VM operation: G1CollectFull
Event: 5900.375 Executing VM operation: G1CollectFull done
Event: 5911.158 Executing VM operation: G1CollectFull
Event: 5911.263 Executing VM operation: G1CollectFull done
Event: 5922.219 Executing VM operation: G1CollectFull
Event: 5922.300 Executing VM operation: G1CollectFull done
Event: 5932.889 Executing VM operation: G1CollectFull
Event: 5932.951 Executing VM operation: G1CollectFull done
Event: 5943.917 Executing VM operation: G1CollectFull
Event: 5943.981 Executing VM operation: G1CollectFull done
Event: 5954.568 Executing VM operation: G1CollectFull
Event: 5954.630 Executing VM operation: G1CollectFull done
Event: 5965.334 Executing VM operation: G1CollectFull
Event: 5965.406 Executing VM operation: G1CollectFull done
Event: 5976.166 Executing VM operation: G1CollectFull
Event: 5976.240 Executing VM operation: G1CollectFull done
Event: 5987.160 Executing VM operation: G1CollectFull

Events (20 events):
Event: 252.616 Thread 0x000000a7e2cb6fb0 Thread exited: 0x000000a7e2cb6fb0
Event: 252.616 Thread 0x000000a7e1e6b9d0 Thread exited: 0x000000a7e1e6b9d0
Event: 1997.747 Thread 0x000000a7e2cea0e0 Thread added: 0x000000a7e2cea0e0
Event: 1997.748 Thread 0x000000a7e2cea5f0 Thread added: 0x000000a7e2cea5f0
Event: 2003.007 Thread 0x000000a7e2cea0e0 Thread exited: 0x000000a7e2cea0e0
Event: 2003.007 Thread 0x000000a7e2cea5f0 Thread exited: 0x000000a7e2cea5f0
Event: 2655.478 Thread 0x000000a7e2cea780 Thread added: 0x000000a7e2cea780
Event: 2660.569 Thread 0x000000a7e2cea780 Thread exited: 0x000000a7e2cea780
Event: 3790.392 Thread 0x000000a7e5019ed0 Thread added: 0x000000a7e5019ed0
Event: 3899.618 Thread 0x000000a7e5019ed0 Thread exited: 0x000000a7e5019ed0
Event: 3983.120 Thread 0x000000a7e501c080 Thread added: 0x000000a7e501c080
Event: 4137.419 Thread 0x000000a7e501c080 Thread exited: 0x000000a7e501c080
Event: 4149.730 Thread 0x000000a7e2961020 Thread added: 0x000000a7e2961020
Event: 4149.756 Thread 0x000000a7e2961530 Thread added: 0x000000a7e2961530
Event: 4154.798 Thread 0x000000a7e2961530 Thread exited: 0x000000a7e2961530
Event: 4154.798 Thread 0x000000a7e2961020 Thread exited: 0x000000a7e2961020
Event: 4764.190 Thread 0x000000a7e501b210 Thread added: 0x000000a7e501b210
Event: 4824.360 Thread 0x000000a7e501b210 Thread exited: 0x000000a7e501b210
Event: 5549.436 Thread 0x000000a7e2961020 Thread added: 0x000000a7e2961020
Event: 5554.485 Thread 0x000000a7e2961020 Thread exited: 0x000000a7e2961020


Dynamic libraries:
0x00007ff6c6000000 - 0x00007ff6c600e000 	c:\Users\Sueli\.vscode\extensions\redhat.java-1.4.0\jre\17.0.2-win32-x86_64\bin\java.exe
0x00007ffdf4ec0000 - 0x00007ffdf506c000 	C:\Windows\SYSTEM32\ntdll.dll
0x00007ffdf4960000 - 0x00007ffdf4a9e000 	C:\Windows\system32\KERNEL32.DLL
0x00007ffdf2310000 - 0x00007ffdf2425000 	C:\Windows\system32\KERNELBASE.dll
0x00007ffdd5510000 - 0x00007ffdd5528000 	c:\Users\Sueli\.vscode\extensions\redhat.java-1.4.0\jre\17.0.2-win32-x86_64\bin\jli.dll
0x00007ffdd54f0000 - 0x00007ffdd5509000 	c:\Users\Sueli\.vscode\extensions\redhat.java-1.4.0\jre\17.0.2-win32-x86_64\bin\VCRUNTIME140.dll
0x00007ffdd54e0000 - 0x00007ffdd54e4000 	c:\Users\Sueli\.vscode\extensions\redhat.java-1.4.0\jre\17.0.2-win32-x86_64\bin\api-ms-win-crt-stdio-l1-1-0.dll
0x00007ffdd54d0000 - 0x00007ffdd54d4000 	c:\Users\Sueli\.vscode\extensions\redhat.java-1.4.0\jre\17.0.2-win32-x86_64\bin\api-ms-win-crt-runtime-l1-1-0.dll
0x00007ffdd54c0000 - 0x00007ffdd54c3000 	c:\Users\Sueli\.vscode\extensions\redhat.java-1.4.0\jre\17.0.2-win32-x86_64\bin\api-ms-win-crt-environment-l1-1-0.dll
0x00007ffdd54b0000 - 0x00007ffdd54b5000 	c:\Users\Sueli\.vscode\extensions\redhat.java-1.4.0\jre\17.0.2-win32-x86_64\bin\api-ms-win-crt-math-l1-1-0.dll
0x00007ffdd54a0000 - 0x00007ffdd54a3000 	c:\Users\Sueli\.vscode\extensions\redhat.java-1.4.0\jre\17.0.2-win32-x86_64\bin\api-ms-win-crt-locale-l1-1-0.dll
0x00007ffdd5490000 - 0x00007ffdd5493000 	c:\Users\Sueli\.vscode\extensions\redhat.java-1.4.0\jre\17.0.2-win32-x86_64\bin\api-ms-win-crt-heap-l1-1-0.dll
0x00007ffdefae0000 - 0x00007ffdefd5b000 	C:\Windows\WinSxS\amd64_microsoft.windows.common-controls_6595b64144ccf1df_6.0.9600.17415_none_6240486fecbd8abb\COMCTL32.dll
0x00007ffdf4170000 - 0x00007ffdf42e7000 	C:\Windows\system32\USER32.dll
0x00007ffdd5480000 - 0x00007ffdd5483000 	c:\Users\Sueli\.vscode\extensions\redhat.java-1.4.0\jre\17.0.2-win32-x86_64\bin\api-ms-win-crt-filesystem-l1-1-0.dll
0x00007ffdd5470000 - 0x00007ffdd5474000 	c:\Users\Sueli\.vscode\extensions\redhat.java-1.4.0\jre\17.0.2-win32-x86_64\bin\api-ms-win-crt-string-l1-1-0.dll
0x00007ffdd5460000 - 0x00007ffdd5464000 	c:\Users\Sueli\.vscode\extensions\redhat.java-1.4.0\jre\17.0.2-win32-x86_64\bin\api-ms-win-crt-convert-l1-1-0.dll
0x00007ffdf28e0000 - 0x00007ffdf298a000 	C:\Windows\system32\msvcrt.dll
0x00007ffdf42f0000 - 0x00007ffdf4441000 	C:\Windows\system32\GDI32.dll
0x00007ffdc6db0000 - 0x00007ffdc6eaa000 	c:\Users\Sueli\.vscode\extensions\redhat.java-1.4.0\jre\17.0.2-win32-x86_64\bin\ucrtbase.DLL
0x00007ffdf3f80000 - 0x00007ffdf3fb6000 	C:\Windows\system32\IMM32.DLL
0x00007ffdf4730000 - 0x00007ffdf4883000 	C:\Windows\system32\MSCTF.dll
0x00007ffdd5300000 - 0x00007ffdd530c000 	c:\Users\Sueli\.vscode\extensions\redhat.java-1.4.0\jre\17.0.2-win32-x86_64\bin\vcruntime140_1.dll
0x00007ffdc6d10000 - 0x00007ffdc6da1000 	c:\Users\Sueli\.vscode\extensions\redhat.java-1.4.0\jre\17.0.2-win32-x86_64\bin\msvcp140.dll
0x00007ffdd52f0000 - 0x00007ffdd52f3000 	c:\Users\Sueli\.vscode\extensions\redhat.java-1.4.0\jre\17.0.2-win32-x86_64\bin\api-ms-win-crt-time-l1-1-0.dll
0x00007ffdd52e0000 - 0x00007ffdd52e3000 	c:\Users\Sueli\.vscode\extensions\redhat.java-1.4.0\jre\17.0.2-win32-x86_64\bin\api-ms-win-crt-utility-l1-1-0.dll
0x00007ffdc3ca0000 - 0x00007ffdc48e7000 	c:\Users\Sueli\.vscode\extensions\redhat.java-1.4.0\jre\17.0.2-win32-x86_64\bin\server\jvm.dll
0x00007ffdf4e10000 - 0x00007ffdf4eba000 	C:\Windows\system32\ADVAPI32.dll
0x00007ffde4f30000 - 0x00007ffde4f39000 	C:\Windows\SYSTEM32\WSOCK32.dll
0x00007ffdea950000 - 0x00007ffdea972000 	C:\Windows\SYSTEM32\WINMM.dll
0x00007ffdeabb0000 - 0x00007ffdeabba000 	C:\Windows\SYSTEM32\VERSION.dll
0x00007ffdf4c60000 - 0x00007ffdf4c67000 	C:\Windows\system32\PSAPI.DLL
0x00007ffdf4ac0000 - 0x00007ffdf4b19000 	C:\Windows\SYSTEM32\sechost.dll
0x00007ffdf25b0000 - 0x00007ffdf26f1000 	C:\Windows\system32\RPCRT4.dll
0x00007ffdf44b0000 - 0x00007ffdf450a000 	C:\Windows\system32\WS2_32.dll
0x00007ffde9120000 - 0x00007ffde914a000 	C:\Windows\SYSTEM32\WINMMBASE.dll
0x00007ffdf2990000 - 0x00007ffdf2999000 	C:\Windows\system32\NSI.dll
0x00007ffdf22c0000 - 0x00007ffdf230f000 	C:\Windows\SYSTEM32\cfgmgr32.dll
0x00007ffdf0e30000 - 0x00007ffdf0e58000 	C:\Windows\SYSTEM32\DEVOBJ.dll
0x00007ffdd52d0000 - 0x00007ffdd52da000 	c:\Users\Sueli\.vscode\extensions\redhat.java-1.4.0\jre\17.0.2-win32-x86_64\bin\jimage.dll
0x00007ffde9490000 - 0x00007ffde961a000 	C:\Windows\SYSTEM32\DBGHELP.DLL
0x00007ffdd51f0000 - 0x00007ffdd5215000 	c:\Users\Sueli\.vscode\extensions\redhat.java-1.4.0\jre\17.0.2-win32-x86_64\bin\java.dll
0x00007ffdc6cf0000 - 0x00007ffdc6d08000 	c:\Users\Sueli\.vscode\extensions\redhat.java-1.4.0\jre\17.0.2-win32-x86_64\bin\zip.dll
0x00007ffdf2a60000 - 0x00007ffdf3f79000 	C:\Windows\system32\SHELL32.dll
0x00007ffdf4510000 - 0x00007ffdf4721000 	C:\Windows\SYSTEM32\combase.dll
0x00007ffdf4450000 - 0x00007ffdf44a4000 	C:\Windows\system32\SHLWAPI.dll
0x00007ffdf0580000 - 0x00007ffdf0632000 	C:\Windows\SYSTEM32\SHCORE.dll
0x00007ffdf2010000 - 0x00007ffdf2025000 	C:\Windows\SYSTEM32\profapi.dll
0x00007ffdc6ae0000 - 0x00007ffdc6af9000 	C:\Users\Sueli\.vscode\extensions\redhat.java-1.4.0\jre\17.0.2-win32-x86_64\bin\net.dll
0x00007ffde9620000 - 0x00007ffde96e9000 	C:\Windows\SYSTEM32\WINHTTP.dll
0x00007ffdf1820000 - 0x00007ffdf1879000 	C:\Windows\system32\mswsock.dll
0x00007ffdc6ac0000 - 0x00007ffdc6ad5000 	C:\Users\Sueli\.vscode\extensions\redhat.java-1.4.0\jre\17.0.2-win32-x86_64\bin\nio.dll
0x00007ffddd110000 - 0x00007ffddd120000 	c:\Users\Sueli\.vscode\extensions\redhat.java-1.4.0\jre\17.0.2-win32-x86_64\bin\verify.dll
0x00007ffddd130000 - 0x00007ffddd139000 	C:\Users\Sueli\.vscode\extensions\redhat.java-1.4.0\jre\17.0.2-win32-x86_64\bin\management.dll
0x00007ffddd120000 - 0x00007ffddd12b000 	C:\Users\Sueli\.vscode\extensions\redhat.java-1.4.0\jre\17.0.2-win32-x86_64\bin\management_ext.dll
0x00007ffde89b0000 - 0x00007ffde89c5000 	C:\Windows\system32\napinsp.dll
0x00007ffde8990000 - 0x00007ffde89aa000 	C:\Windows\system32\pnrpnsp.dll
0x00007ffdef880000 - 0x00007ffdef89b000 	C:\Windows\system32\NLAapi.dll
0x00007ffdf1620000 - 0x00007ffdf16c4000 	C:\Windows\SYSTEM32\DNSAPI.dll
0x00007ffde75a0000 - 0x00007ffde75ad000 	C:\Windows\System32\winrnr.dll
0x00007ffde7280000 - 0x00007ffde7294000 	C:\Windows\system32\wshbth.dll
0x00007ffde5aa0000 - 0x00007ffde5aaa000 	C:\Windows\System32\rasadhlp.dll
0x00007ffdec1e0000 - 0x00007ffdec20a000 	C:\Windows\SYSTEM32\IPHLPAPI.DLL
0x00007ffdec1d0000 - 0x00007ffdec1da000 	C:\Windows\SYSTEM32\WINNSI.DLL
0x00007ffdebf60000 - 0x00007ffdebfcb000 	C:\Windows\System32\fwpuclnt.dll
0x00007ffdf1880000 - 0x00007ffdf18a0000 	C:\Windows\SYSTEM32\CRYPTSP.dll
0x00007ffdf14a0000 - 0x00007ffdf14d6000 	C:\Windows\system32\rsaenh.dll
0x00007ffdf1ad0000 - 0x00007ffdf1af6000 	C:\Windows\SYSTEM32\bcrypt.dll
0x00007ffdf15b0000 - 0x00007ffdf15d1000 	C:\Windows\SYSTEM32\USERENV.dll
0x00007ffdf1e10000 - 0x00007ffdf1e73000 	C:\Windows\system32\bcryptprimitives.dll
0x00007ffdf1f80000 - 0x00007ffdf1f8b000 	C:\Windows\SYSTEM32\CRYPTBASE.dll
0x00007ffdebe50000 - 0x00007ffdebe66000 	C:\Windows\SYSTEM32\dhcpcsvc6.DLL
0x00007ffdebe30000 - 0x00007ffdebe4a000 	C:\Windows\SYSTEM32\dhcpcsvc.DLL
0x00007ffdec2e0000 - 0x00007ffdec2e9000 	C:\Users\Sueli\.vscode\extensions\redhat.java-1.4.0\jre\17.0.2-win32-x86_64\bin\attach.dll

dbghelp: loaded successfully - version: 4.0.5 - missing functions: none
symbol engine: initialized successfully - sym options: 0x614 - pdb path: .;c:\Users\Sueli\.vscode\extensions\redhat.java-1.4.0\jre\17.0.2-win32-x86_64\bin;C:\Windows\SYSTEM32;C:\Windows\WinSxS\amd64_microsoft.windows.common-controls_6595b64144ccf1df_6.0.9600.17415_none_6240486fecbd8abb;c:\Users\Sueli\.vscode\extensions\redhat.java-1.4.0\jre\17.0.2-win32-x86_64\bin\server

VM Arguments:
jvm_args: -Dsts.lsp.client=vscode -Dsts.log.file=/dev/null -XX:TieredStopAtLevel=1 -Dspring.config.location=file:c:\Users\Sueli\.vscode\extensions\pivotal.vscode-spring-boot-1.32.0\language-server\BOOT-INF\classes\application.properties 
java_command: org.springframework.ide.vscode.boot.app.BootLanguageServerBootApp
java_class_path (initial): c:\Users\Sueli\.vscode\extensions\pivotal.vscode-spring-boot-1.32.0\language-server\BOOT-INF\classes;c:\Users\Sueli\.vscode\extensions\pivotal.vscode-spring-boot-1.32.0\language-server\BOOT-INF\lib\antlr4-runtime-4.5.3.jar;c:\Users\Sueli\.vscode\extensions\pivotal.vscode-spring-boot-1.32.0\language-server\BOOT-INF\lib\byte-buddy-1.10.18.jar;c:\Users\Sueli\.vscode\extensions\pivotal.vscode-spring-boot-1.32.0\language-server\BOOT-INF\lib\commons-codec-1.14.jar;c:\Users\Sueli\.vscode\extensions\pivotal.vscode-spring-boot-1.32.0\language-server\BOOT-INF\lib\commons-io-2.4.jar;c:\Users\Sueli\.vscode\extensions\pivotal.vscode-spring-boot-1.32.0\language-server\BOOT-INF\lib\commons-java-1.32.0-SNAPSHOT.jar;c:\Users\Sueli\.vscode\extensions\pivotal.vscode-spring-boot-1.32.0\language-server\BOOT-INF\lib\commons-lang3-3.10.jar;c:\Users\Sueli\.vscode\extensions\pivotal.vscode-spring-boot-1.32.0\language-server\BOOT-INF\lib\commons-language-server-1.32.0-SNAPSHOT.jar;c:\Users\Sueli\.vscode\extensions\pivotal.vscode-spring-boot-1.32.0\language-server\BOOT-INF\lib\commons-lsp-extensions-1.32.0-SNAPSHOT.jar;c:\Users\Sueli\.vscode\extensions\pivotal.vscode-spring-boot-1.32.0\language-server\BOOT-INF\lib\commons-util-1.32.0-SNAPSHOT.jar;c:\Users\Sueli\.vscode\extensions\pivotal.vscode-spring-boot-1.32.0\language-server\BOOT-INF\lib\commons-yaml-1.32.0-SNAPSHOT.jar;c:\Users\Sueli\.vscode\extensions\pivotal.vscode-spring-boot-1.32.0\language-server\BOOT-INF\lib\gson-2.8.6.jar;c:\Users\Sueli\.vscode\extensions\pivotal.vscode-spring-boot-1.32.0\language-server\BOOT-INF\lib\guava-19.0.jar;c:\Users\Sueli\.vscode\extensions\pivotal.vscode-spring-boot-1.32.0\language-server\BOOT-INF\lib\jakarta.annotation-api-1.3.5.jar;c:\Users\Sueli\.vscode\extensions\pivotal.vscode-spring-boot-1.32.0\language-server\BOOT-INF\lib\jandex-2.0.5.Final.jar;c:\Users\Sueli\.vscode\extensions\pivotal.vscode-spring-boot-1.32.0\language-server\BOOT-INF\lib\java-properties-1.32.0-SNAPSHO
Launcher Type: SUN_STANDARD

[Global flags]
     intx CICompilerCount                          = 3                                         {product} {ergonomic}
     uint ConcGCThreads                            = 1                                         {product} {ergonomic}
     uint G1ConcRefinementThreads                  = 4                                         {product} {ergonomic}
   size_t G1HeapRegionSize                         = 1048576                                   {product} {ergonomic}
    uintx GCDrainStackTargetSize                   = 64                                        {product} {ergonomic}
   size_t InitialHeapSize                          = 67108864                                  {product} {ergonomic}
   size_t MarkStackSize                            = 4194304                                   {product} {ergonomic}
   size_t MaxHeapSize                              = 1042284544                                {product} {ergonomic}
   size_t MaxNewSize                               = 624951296                                 {product} {ergonomic}
   size_t MinHeapDeltaBytes                        = 1048576                                   {product} {ergonomic}
   size_t MinHeapSize                              = 8388608                                   {product} {ergonomic}
    uintx NonProfiledCodeHeapSize                  = 0                                      {pd product} {ergonomic}
     bool ProfileInterpreter                       = false                                  {pd product} {command line}
    uintx ProfiledCodeHeapSize                     = 0                                      {pd product} {ergonomic}
   size_t SoftMaxHeapSize                          = 1042284544                             {manageable} {ergonomic}
     intx TieredStopAtLevel                        = 1                                         {product} {command line}
     bool UseCompressedClassPointers               = true                           {product lp64_product} {ergonomic}
     bool UseCompressedOops                        = true                           {product lp64_product} {ergonomic}
     bool UseG1GC                                  = true                                      {product} {ergonomic}
     bool UseLargePagesIndividualAllocation        = false                                  {pd product} {ergonomic}

Logging:
Log output configuration:
 #0: stdout all=warning uptime,level,tags
 #1: stderr all=off uptime,level,tags

Environment Variables:
JAVA_HOME=C:\Users\Sueli\AppData\Local\Programs\Eclipse Adoptium\jdk-11.0.13.8-hotspot
PATH=C:\Windows\system32;C:\Windows;C:\Windows\System32\Wbem;C:\Windows\System32\WindowsPowerShell\v1.0\;C:\Program Files (x86)\GtkSharp\2.12\bin;C:\Program Files\apache-maven-3.8.4\bin;%JAVA_HOME%\bin;C:\Program Files\Git\cmd;C:\Users\Sueli\AppData\Local\Programs\Eclipse Adoptium\jdk-11.0.13.8-hotspot\bin;C:\Program Files\mongosh\;C:\Users\Sueli\AppData\Local\Programs\Microsoft VS Code\bin
USERNAME=Sueli
OS=Windows_NT
PROCESSOR_IDENTIFIER=Intel64 Family 6 Model 78 Stepping 3, GenuineIntel



---------------  S Y S T E M  ---------------

OS:
 Windows 8.1 , 64 bit Build 9600 (6.3.9600.17415)
OS uptime: 0 days 9:23 hours

CPU: total 4 (initial active 4) (2 cores per cpu, 2 threads per core) family 6 model 78 stepping 3 microcode 0xcc, cx8, cmov, fxsr, ht, mmx, 3dnowpref, sse, sse2, sse3, ssse3, sse4.1, sse4.2, popcnt, lzcnt, tsc, tscinvbit, avx, avx2, aes, erms, clmul, bmi1, bmi2, adx, fma, vzeroupper, clflush, clflushopt

Memory: 4k page, system-wide physical 3971M (887M free)
TotalPageFile size 8971M (AvailPageFile size 5M)
current process WorkingSet (physical memory assigned to process): 58M, peak: 122M
current process commit charge ("private bytes"): 145M, peak: 156M

vm_info: OpenJDK 64-Bit Server VM (17.0.2+8) for windows-amd64 JRE (17.0.2+8), built on Jan 20 2022 04:52:34 by "" with MS VC++ 16.7 (VS2019)

END.
