#
# There is insufficient memory for the Java Runtime Environment to continue.
# Native memory allocation (mmap) failed to map 67108864 bytes for Failed to commit area from 0x00000000c1e00000 to 0x00000000c5e00000 of length 67108864.
# Possible reasons:
#   The system is out of physical RAM or swap space
#   The process is running with CompressedOops enabled, and the Java Heap may be blocking the growth of the native heap
# Possible solutions:
#   Reduce memory load on the system
#   Increase physical memory or swap space
#   Check if swap backing store is full
#   Decrease Java heap size (-Xmx/-Xms)
#   Decrease number of Java threads
#   Decrease Java thread stack sizes (-Xss)
#   Set larger code cache with -XX:ReservedCodeCacheSize=
# This output file may be truncated or incomplete.
#
#  Out of Memory Error (./src/hotspot/os/windows/os_windows.cpp:3311), pid=1800, tid=5596
#
# JRE version:  (11.0.13+8) (build )
# Java VM: OpenJDK 64-Bit Server VM (11.0.13+8, mixed mode, sharing, tiered, compressed oops, g1 gc, windows-amd64)
# No core dump will be written. Minidumps are not enabled by default on client versions of Windows
#

---------------  S U M M A R Y ------------

Command Line: -Dmaven.multiModuleProjectDirectory=C:\Users\Sueli\Desktop\WorkSpace_AV2_BACKEND\tech4singer org.apache.maven.wrapper.MavenWrapperMain spring-boot:run -f c:\Users\Sueli\Desktop\WorkSpace_AV2_BACKEND\tech4singer\pom.xml

Host: Intel(R) Core(TM) i3-6006U CPU @ 2.00GHz, 4 cores, 3G,  Windows 8.1 , 64 bit Build 9600 (6.3.9600.17415)
Time: Fri Apr  8 00:39:25 2022 Hora oficial do Brasil elapsed time: 0.052916 seconds (0d 0h 0m 0s)

---------------  T H R E A D  ---------------

Current thread (0x0000000ae17b9000):  JavaThread "Unknown thread" [_thread_in_vm, id=5596, stack(0x0000000ae0e70000,0x0000000ae0f70000)]

Stack: [0x0000000ae0e70000,0x0000000ae0f70000]
Native frames: (J=compiled Java code, j=interpreted, Vv=VM code, C=native code)
V  [jvm.dll+0x61cc7a]
V  [jvm.dll+0x7a8fd9]
V  [jvm.dll+0x7aa69f]
V  [jvm.dll+0x7aad73]
V  [jvm.dll+0x24f808]
V  [jvm.dll+0x619f8a]
V  [jvm.dll+0x60e835]
V  [jvm.dll+0x30733c]
V  [jvm.dll+0x3071c2]
V  [jvm.dll+0x30bee6]
V  [jvm.dll+0x350e8f]
V  [jvm.dll+0x3508c0]
V  [jvm.dll+0x2e4438]
V  [jvm.dll+0x2e5596]
V  [jvm.dll+0x782db7]
V  [jvm.dll+0x78453f]
V  [jvm.dll+0x35dc19]
V  [jvm.dll+0x765d40]
V  [jvm.dll+0x3cb66f]
V  [jvm.dll+0x3cda01]
C  [jli.dll+0x5207]
C  [ucrtbase.DLL+0x1c1ae]
C  [KERNEL32.DLL+0x13d2]
C  [ntdll.dll+0x703c4]


---------------  P R O C E S S  ---------------

Threads class SMR info:
_java_thread_list=0x0000000adf5fc970, length=0, elements={
}

Java Threads: ( => current thread )

Other Threads:
  0x0000000ae17d2800 GCTaskThread "GC Thread#0" [stack: 0x0000000ae1170000,0x0000000ae1270000] [id=9668]
  0x0000000ae17ed800 ConcurrentGCThread "G1 Main Marker" [stack: 0x0000000afb3e0000,0x0000000afb4e0000] [id=4212]
  0x0000000ae17f0000 ConcurrentGCThread "G1 Conc#0" [stack: 0x0000000afb4e0000,0x0000000afb5e0000] [id=4920]

[error occurred during error reporting (printing all threads), id 0xc0000005, EXCEPTION_ACCESS_VIOLATION (0xc0000005) at pc=0x00007fff49613b17]

VM state:not at safepoint (not fully initialized)

VM Mutex/Monitor currently owned by a thread:  ([mutex/lock_event])
[0x0000000ae17b8390] Heap_lock - owner thread: 0x0000000ae17b9000

Heap address: 0x00000000c1e00000, size: 994 MB, Compressed Oops mode: Non-zero based: 0x00000000c1e00000
Narrow klass base: 0x0000000000000000, Narrow klass shift: 0

GC Heap History (0 events):
No events

Deoptimization events (0 events):
No events

Classes redefined (0 events):
No events

Internal exceptions (0 events):
No events

Events (1 events):
Event: 0.022 Loaded shared library C:\Users\Sueli\AppData\Local\Programs\Eclipse Adoptium\jdk-11.0.13.8-hotspot\bin\zip.dll


Dynamic libraries:
0x00007ff664130000 - 0x00007ff66413d000 	C:\Users\Sueli\AppData\Local\Programs\Eclipse Adoptium\jdk-11.0.13.8-hotspot\bin\java.exe
0x00007fff77010000 - 0x00007fff771bc000 	C:\Windows\SYSTEM32\ntdll.dll
0x00007fff769b0000 - 0x00007fff76aee000 	C:\Windows\system32\KERNEL32.DLL
0x00007fff74510000 - 0x00007fff74625000 	C:\Windows\system32\KERNELBASE.dll
0x00007fff62e90000 - 0x00007fff62ea7000 	C:\Users\Sueli\AppData\Local\Programs\Eclipse Adoptium\jdk-11.0.13.8-hotspot\bin\jli.dll
0x00007fff62dc0000 - 0x00007fff62dd5000 	C:\Users\Sueli\AppData\Local\Programs\Eclipse Adoptium\jdk-11.0.13.8-hotspot\bin\VCRUNTIME140.dll
0x00007fff669a0000 - 0x00007fff669a4000 	C:\Users\Sueli\AppData\Local\Programs\Eclipse Adoptium\jdk-11.0.13.8-hotspot\bin\api-ms-win-crt-stdio-l1-1-0.dll
0x00007fff65d80000 - 0x00007fff65d84000 	C:\Users\Sueli\AppData\Local\Programs\Eclipse Adoptium\jdk-11.0.13.8-hotspot\bin\api-ms-win-crt-runtime-l1-1-0.dll
0x00007fff64530000 - 0x00007fff64533000 	C:\Users\Sueli\AppData\Local\Programs\Eclipse Adoptium\jdk-11.0.13.8-hotspot\bin\api-ms-win-crt-environment-l1-1-0.dll
0x00007fff644d0000 - 0x00007fff644d5000 	C:\Users\Sueli\AppData\Local\Programs\Eclipse Adoptium\jdk-11.0.13.8-hotspot\bin\api-ms-win-crt-math-l1-1-0.dll
0x00007fff64410000 - 0x00007fff64413000 	C:\Users\Sueli\AppData\Local\Programs\Eclipse Adoptium\jdk-11.0.13.8-hotspot\bin\api-ms-win-crt-locale-l1-1-0.dll
0x00007fff641e0000 - 0x00007fff641e3000 	C:\Users\Sueli\AppData\Local\Programs\Eclipse Adoptium\jdk-11.0.13.8-hotspot\bin\api-ms-win-crt-heap-l1-1-0.dll
0x00007fff71bd0000 - 0x00007fff71e4b000 	C:\Windows\WinSxS\amd64_microsoft.windows.common-controls_6595b64144ccf1df_6.0.9600.17415_none_6240486fecbd8abb\COMCTL32.dll
0x00007fff76460000 - 0x00007fff765d7000 	C:\Windows\system32\USER32.dll
0x00007fff64000000 - 0x00007fff64003000 	C:\Users\Sueli\AppData\Local\Programs\Eclipse Adoptium\jdk-11.0.13.8-hotspot\bin\api-ms-win-crt-filesystem-l1-1-0.dll
0x00007fff62ee0000 - 0x00007fff62ee4000 	C:\Users\Sueli\AppData\Local\Programs\Eclipse Adoptium\jdk-11.0.13.8-hotspot\bin\api-ms-win-crt-string-l1-1-0.dll
0x00007fff62e80000 - 0x00007fff62e84000 	C:\Users\Sueli\AppData\Local\Programs\Eclipse Adoptium\jdk-11.0.13.8-hotspot\bin\api-ms-win-crt-convert-l1-1-0.dll
0x00007fff76b00000 - 0x00007fff76baa000 	C:\Windows\system32\msvcrt.dll
0x00007fff749e0000 - 0x00007fff74b31000 	C:\Windows\system32\GDI32.dll
0x00007fff58340000 - 0x00007fff5843a000 	C:\Users\Sueli\AppData\Local\Programs\Eclipse Adoptium\jdk-11.0.13.8-hotspot\bin\ucrtbase.DLL
0x00007fff76bb0000 - 0x00007fff76be6000 	C:\Windows\system32\IMM32.DLL
0x00007fff76850000 - 0x00007fff769a3000 	C:\Windows\system32\MSCTF.dll
0x00007fff5afc0000 - 0x00007fff5b05b000 	C:\Users\Sueli\AppData\Local\Programs\Eclipse Adoptium\jdk-11.0.13.8-hotspot\bin\msvcp140.dll
0x00007fff62db0000 - 0x00007fff62db3000 	C:\Users\Sueli\AppData\Local\Programs\Eclipse Adoptium\jdk-11.0.13.8-hotspot\bin\api-ms-win-crt-time-l1-1-0.dll
0x00007fff62da0000 - 0x00007fff62da3000 	C:\Users\Sueli\AppData\Local\Programs\Eclipse Adoptium\jdk-11.0.13.8-hotspot\bin\api-ms-win-crt-utility-l1-1-0.dll
0x00007fff49320000 - 0x00007fff49e9e000 	C:\Users\Sueli\AppData\Local\Programs\Eclipse Adoptium\jdk-11.0.13.8-hotspot\bin\server\jvm.dll
0x00007fff765e0000 - 0x00007fff7668a000 	C:\Windows\system32\ADVAPI32.dll
0x00007fff68520000 - 0x00007fff68529000 	C:\Windows\SYSTEM32\WSOCK32.dll
0x00007fff6b3a0000 - 0x00007fff6b3c2000 	C:\Windows\SYSTEM32\WINMM.dll
0x00007fff6cd40000 - 0x00007fff6cd4a000 	C:\Windows\SYSTEM32\VERSION.dll
0x00007fff76690000 - 0x00007fff76697000 	C:\Windows\system32\PSAPI.DLL
0x00007fff74760000 - 0x00007fff747b9000 	C:\Windows\SYSTEM32\sechost.dll
0x00007fff76bf0000 - 0x00007fff76d31000 	C:\Windows\system32\RPCRT4.dll
0x00007fff76fb0000 - 0x00007fff7700a000 	C:\Windows\system32\WS2_32.dll
0x00007fff6b0f0000 - 0x00007fff6b11a000 	C:\Windows\SYSTEM32\WINMMBASE.dll
0x00007fff76840000 - 0x00007fff76849000 	C:\Windows\system32\NSI.dll
0x00007fff744c0000 - 0x00007fff7450f000 	C:\Windows\SYSTEM32\cfgmgr32.dll
0x00007fff72f60000 - 0x00007fff72f88000 	C:\Windows\SYSTEM32\DEVOBJ.dll
0x00007fff62cd0000 - 0x00007fff62ce0000 	C:\Users\Sueli\AppData\Local\Programs\Eclipse Adoptium\jdk-11.0.13.8-hotspot\bin\verify.dll
0x00007fff6b4a0000 - 0x00007fff6b62a000 	C:\Windows\SYSTEM32\DBGHELP.DLL
0x00007fff62c60000 - 0x00007fff62c88000 	C:\Users\Sueli\AppData\Local\Programs\Eclipse Adoptium\jdk-11.0.13.8-hotspot\bin\java.dll
0x00007fff62cc0000 - 0x00007fff62cca000 	C:\Users\Sueli\AppData\Local\Programs\Eclipse Adoptium\jdk-11.0.13.8-hotspot\bin\jimage.dll
0x00007fff629c0000 - 0x00007fff629d7000 	C:\Users\Sueli\AppData\Local\Programs\Eclipse Adoptium\jdk-11.0.13.8-hotspot\bin\zip.dll

dbghelp: loaded successfully - version: 4.0.5 - missing functions: none
symbol engine: initialized successfully - sym options: 0x614 - pdb path: .;C:\Users\Sueli\AppData\Local\Programs\Eclipse Adoptium\jdk-11.0.13.8-hotspot\bin;C:\Windows\SYSTEM32;C:\Windows\WinSxS\amd64_microsoft.windows.common-controls_6595b64144ccf1df_6.0.9600.17415_none_6240486fecbd8abb;C:\Users\Sueli\AppData\Local\Programs\Eclipse Adoptium\jdk-11.0.13.8-hotspot\bin\server

VM Arguments:
jvm_args: -Dmaven.multiModuleProjectDirectory=C:\Users\Sueli\Desktop\WorkSpace_AV2_BACKEND\tech4singer 
java_command: org.apache.maven.wrapper.MavenWrapperMain spring-boot:run -f c:\Users\Sueli\Desktop\WorkSpace_AV2_BACKEND\tech4singer\pom.xml
java_class_path (initial): C:\Users\Sueli\Desktop\WorkSpace_AV2_BACKEND\tech4singer\.mvn\wrapper\maven-wrapper.jar
Launcher Type: SUN_STANDARD

[Global flags]
     intx CICompilerCount                          = 3                                         {product} {ergonomic}
     uint ConcGCThreads                            = 1                                         {product} {ergonomic}
     uint G1ConcRefinementThreads                  = 4                                         {product} {ergonomic}
   size_t G1HeapRegionSize                         = 1048576                                   {product} {ergonomic}
    uintx GCDrainStackTargetSize                   = 64                                        {product} {ergonomic}
   size_t InitialHeapSize                          = 67108864                                  {product} {ergonomic}
   size_t MarkStackSize                            = 4194304                                   {product} {ergonomic}
   size_t MaxHeapSize                              = 1042284544                                {product} {ergonomic}
   size_t MinHeapDeltaBytes                        = 1048576                                   {product} {ergonomic}
    uintx NonNMethodCodeHeapSize                   = 5830732                                {pd product} {ergonomic}
    uintx NonProfiledCodeHeapSize                  = 122913754                              {pd product} {ergonomic}
    uintx ProfiledCodeHeapSize                     = 122913754                              {pd product} {ergonomic}
    uintx ReservedCodeCacheSize                    = 251658240                              {pd product} {ergonomic}
     bool SegmentedCodeCache                       = true                                      {product} {ergonomic}
     bool UseCompressedClassPointers               = true                                 {lp64_product} {ergonomic}
     bool UseCompressedOops                        = true                                 {lp64_product} {ergonomic}
     bool UseG1GC                                  = true                                      {product} {ergonomic}
     bool UseLargePagesIndividualAllocation        = false                                  {pd product} {ergonomic}

Logging:
Log output configuration:
 #0: stdout all=warning uptime,level,tags
 #1: stderr all=off uptime,level,tags

Environment Variables:
JAVA_HOME=C:\Users\Sueli\AppData\Local\Programs\Eclipse Adoptium\jdk-11.0.13.8-hotspot
PATH=C:\Windows\system32;C:\Windows;C:\Windows\System32\Wbem;C:\Windows\System32\WindowsPowerShell\v1.0\;C:\Program Files (x86)\GtkSharp\2.12\bin;C:\Program Files\apache-maven-3.8.4\bin;%JAVA_HOME%\bin;C:\Program Files\Git\cmd;C:\Users\Sueli\AppData\Local\Programs\Eclipse Adoptium\jdk-11.0.13.8-hotspot\bin;C:\Program Files\mongosh\;C:\Users\Sueli\AppData\Local\Programs\Microsoft VS Code\bin
USERNAME=Sueli
LANG=pt_BR.UTF-8
OS=Windows_NT
PROCESSOR_IDENTIFIER=Intel64 Family 6 Model 78 Stepping 3, GenuineIntel



---------------  S Y S T E M  ---------------

OS: Windows 8.1 , 64 bit Build 9600 (6.3.9600.17415)
OS uptime: 4 days 8:35 hours

CPU:total 4 (initial active 4) (2 cores per cpu, 2 threads per core) family 6 model 78 stepping 3 microcode 0xcc, cmov, cx8, fxsr, mmx, sse, sse2, sse3, ssse3, sse4.1, sse4.2, popcnt, avx, avx2, aes, clmul, erms, 3dnowpref, lzcnt, ht, tsc, tscinvbit, bmi1, bmi2, adx, fma

Memory: 4k page, system-wide physical 3971M (638M free)
TotalPageFile size 8971M (AvailPageFile size 64M)
current process WorkingSet (physical memory assigned to process): 9M, peak: 9M
current process commit charge ("private bytes"): 51M, peak: 115M

vm_info: OpenJDK 64-Bit Server VM (11.0.13+8) for windows-amd64 JRE (11.0.13+8), built on Oct 19 2021 17:05:59 by "" with unknown MS VC++:1916

END.
