#
# There is insufficient memory for the Java Runtime Environment to continue.
# Native memory allocation (malloc) failed to allocate 32744 bytes for ChunkPool::allocate
# Possible reasons:
#   The system is out of physical RAM or swap space
#   The process is running with CompressedOops enabled, and the Java Heap may be blocking the growth of the native heap
# Possible solutions:
#   Reduce memory load on the system
#   Increase physical memory or swap space
#   Check if swap backing store is full
#   Decrease Java heap size (-Xmx/-Xms)
#   Decrease number of Java threads
#   Decrease Java thread stack sizes (-Xss)
#   Set larger code cache with -XX:ReservedCodeCacheSize=
#   JVM is running with Unscaled Compressed Oops mode in which the Java heap is
#     placed in the first 4GB address space. The Java Heap base address is the
#     maximum limit for the native heap growth. Please use -XX:HeapBaseMinAddress
#     to set the Java Heap base and to place the Java Heap above 4GB virtual address.
# This output file may be truncated or incomplete.
#
#  Out of Memory Error (./src/hotspot/share/memory/arena.cpp:81), pid=4836, tid=5252
#
# JRE version: OpenJDK Runtime Environment Temurin-11.0.13+8 (11.0.13+8) (build 11.0.13+8)
# Java VM: OpenJDK 64-Bit Server VM Temurin-11.0.13+8 (11.0.13+8, mixed mode, tiered, compressed oops, g1 gc, windows-amd64)
# No core dump will be written. Minidumps are not enabled by default on client versions of Windows
#

---------------  S U M M A R Y ------------

Command Line: -Dmaven.multiModuleProjectDirectory=C:\Users\Sueli\Desktop\WorkSpace_AV2_BACKEND\tech4singer org.apache.maven.wrapper.MavenWrapperMain spring-boot:run -f c:\Users\Sueli\Desktop\WorkSpace_AV2_BACKEND\tech4singer\pom.xml

Host: Intel(R) Core(TM) i3-6006U CPU @ 2.00GHz, 4 cores, 3G,  Windows 8.1 , 64 bit Build 9600 (6.3.9600.17415)
Time: Fri Apr  8 00:43:50 2022 Hora oficial do Brasil elapsed time: 8.093982 seconds (0d 0h 0m 8s)

---------------  T H R E A D  ---------------

Current thread (0x000000f3f84d9000):  JavaThread "C2 CompilerThread1" daemon [_thread_in_native, id=5252, stack(0x000000f3f9740000,0x000000f3f9840000)]


Current CompileTask:
C2:   8094  540       4       java.lang.StringLatin1::indexOf (121 bytes)

Stack: [0x000000f3f9740000,0x000000f3f9840000]
Native frames: (J=compiled Java code, j=interpreted, Vv=VM code, C=native code)
V  [jvm.dll+0x61cc7a]
V  [jvm.dll+0x7a8fd9]
V  [jvm.dll+0x7aa69f]
V  [jvm.dll+0x7aad73]
V  [jvm.dll+0x24f808]
V  [jvm.dll+0xc286b]
V  [jvm.dll+0xc2bcc]
V  [jvm.dll+0xc271b]
V  [jvm.dll+0x5fa8cf]
V  [jvm.dll+0x64d9e3]
V  [jvm.dll+0x19e66d]
V  [jvm.dll+0x208aa2]
V  [jvm.dll+0x207b7d]
V  [jvm.dll+0x18a011]
V  [jvm.dll+0x217599]
V  [jvm.dll+0x21578b]
V  [jvm.dll+0x76ba50]
V  [jvm.dll+0x7649d4]
V  [jvm.dll+0x61bb16]
C  [ucrtbase.DLL+0x1c1ae]
C  [KERNEL32.DLL+0x13d2]
C  [ntdll.dll+0x703c4]


---------------  P R O C E S S  ---------------

Threads class SMR info:
_java_thread_list=0x000000f3f8fa29d0, length=11, elements={
0x000000f3daf09000, 0x000000f3f750d000, 0x000000f3f7516000, 0x000000f3f756a000,
0x000000f3f756b000, 0x000000f3f756e000, 0x000000f3f834a800, 0x000000f3f8356800,
0x000000f3f835b800, 0x000000f3f84dc800, 0x000000f3f84d9000
}

Java Threads: ( => current thread )
  0x000000f3daf09000 JavaThread "main" [_thread_in_vm, id=6292, stack(0x000000f3d8e90000,0x000000f3d8f90000)]
  0x000000f3f750d000 JavaThread "Reference Handler" daemon [_thread_blocked, id=10000, stack(0x000000f3f7e70000,0x000000f3f7f70000)]
  0x000000f3f7516000 JavaThread "Finalizer" daemon [_thread_blocked, id=8212, stack(0x000000f3f7f70000,0x000000f3f8070000)]
  0x000000f3f756a000 JavaThread "Signal Dispatcher" daemon [_thread_blocked, id=3552, stack(0x000000f3f8740000,0x000000f3f8840000)]
  0x000000f3f756b000 JavaThread "Attach Listener" daemon [_thread_blocked, id=9600, stack(0x000000f3f8840000,0x000000f3f8940000)]
  0x000000f3f756e000 JavaThread "Service Thread" daemon [_thread_blocked, id=6632, stack(0x000000f3f8940000,0x000000f3f8a40000)]
  0x000000f3f834a800 JavaThread "C2 CompilerThread0" daemon [_thread_in_native, id=5588, stack(0x000000f3f8a40000,0x000000f3f8b40000)]
  0x000000f3f8356800 JavaThread "C1 CompilerThread0" daemon [_thread_in_native, id=9812, stack(0x000000f3f8b40000,0x000000f3f8c40000)]
  0x000000f3f835b800 JavaThread "Sweeper thread" daemon [_thread_blocked, id=6496, stack(0x000000f3f8c40000,0x000000f3f8d40000)]
  0x000000f3f84dc800 JavaThread "Common-Cleaner" daemon [_thread_blocked, id=7072, stack(0x000000f3f8e40000,0x000000f3f8f40000)]
=>0x000000f3f84d9000 JavaThread "C2 CompilerThread1" daemon [_thread_in_native, id=5252, stack(0x000000f3f9740000,0x000000f3f9840000)]

Other Threads:
  0x000000f3f74e5800 VMThread "VM Thread" [stack: 0x000000f3f7d70000,0x000000f3f7e70000] [id=9552]
  0x000000f3f84d4000 WatcherThread [stack: 0x000000f3f8d40000,0x000000f3f8e40000] [id=7092]
  0x000000f3daf22800 GCTaskThread "GC Thread#0" [stack: 0x000000f3da8d0000,0x000000f3da9d0000] [id=9568]
  0x000000f3daf40000 ConcurrentGCThread "G1 Main Marker" [stack: 0x000000f3f4b30000,0x000000f3f4c30000] [id=5496]
  0x000000f3daf42800 ConcurrentGCThread "G1 Conc#0" [stack: 0x000000f3f4c30000,0x000000f3f4d30000] [id=8844]
  0x000000f3dafa3000 ConcurrentGCThread "G1 Refine#0" [stack: 0x000000f3f7170000,0x000000f3f7270000] [id=9128]
  0x000000f3dafa4800 ConcurrentGCThread "G1 Young RemSet Sampling" [stack: 0x000000f3f7270000,0x000000f3f7370000] [id=8180]

Threads with active compile tasks:
C2 CompilerThread0   8445  539 %     4       java.lang.StringLatin1::replace @ 13 (196 bytes)
C1 CompilerThread0   8445  545       3       java.net.URLStreamHandler::parseURL (1201 bytes)
C2 CompilerThread1   8445  540       4       java.lang.StringLatin1::indexOf (121 bytes)

VM state:not at safepoint (normal execution)

VM Mutex/Monitor currently owned by a thread: None

Heap address: 0x00000000c1e00000, size: 994 MB, Compressed Oops mode: 32-bit
Narrow klass base: 0x0000000000000000, Narrow klass shift: 3
Compressed class space size: 1073741824 Address: 0x0000000100000000

Heap:
 garbage-first heap   total 65536K, used 7168K [0x00000000c1e00000, 0x0000000100000000)
  region size 1024K, 9 young (9216K), 0 survivors (0K)
 Metaspace       used 9323K, capacity 9648K, committed 9984K, reserved 1058816K
  class space    used 814K, capacity 917K, committed 1024K, reserved 1048576K
Heap Regions: E=young(eden), S=young(survivor), O=old, HS=humongous(starts), HC=humongous(continues), CS=collection set, F=free, A=archive, TAMS=top-at-mark-start (previous, next)
|   0|0x00000000c1e00000, 0x00000000c1e00000, 0x00000000c1f00000|  0%| F|  |TAMS 0x00000000c1e00000, 0x00000000c1e00000| Untracked 
|   1|0x00000000c1f00000, 0x00000000c1f00000, 0x00000000c2000000|  0%| F|  |TAMS 0x00000000c1f00000, 0x00000000c1f00000| Untracked 
|   2|0x00000000c2000000, 0x00000000c2000000, 0x00000000c2100000|  0%| F|  |TAMS 0x00000000c2000000, 0x00000000c2000000| Untracked 
|   3|0x00000000c2100000, 0x00000000c2100000, 0x00000000c2200000|  0%| F|  |TAMS 0x00000000c2100000, 0x00000000c2100000| Untracked 
|   4|0x00000000c2200000, 0x00000000c2200000, 0x00000000c2300000|  0%| F|  |TAMS 0x00000000c2200000, 0x00000000c2200000| Untracked 
|   5|0x00000000c2300000, 0x00000000c2300000, 0x00000000c2400000|  0%| F|  |TAMS 0x00000000c2300000, 0x00000000c2300000| Untracked 
|   6|0x00000000c2400000, 0x00000000c2400000, 0x00000000c2500000|  0%| F|  |TAMS 0x00000000c2400000, 0x00000000c2400000| Untracked 
|   7|0x00000000c2500000, 0x00000000c2500000, 0x00000000c2600000|  0%| F|  |TAMS 0x00000000c2500000, 0x00000000c2500000| Untracked 
|   8|0x00000000c2600000, 0x00000000c2600000, 0x00000000c2700000|  0%| F|  |TAMS 0x00000000c2600000, 0x00000000c2600000| Untracked 
|   9|0x00000000c2700000, 0x00000000c2700000, 0x00000000c2800000|  0%| F|  |TAMS 0x00000000c2700000, 0x00000000c2700000| Untracked 
|  10|0x00000000c2800000, 0x00000000c2800000, 0x00000000c2900000|  0%| F|  |TAMS 0x00000000c2800000, 0x00000000c2800000| Untracked 
|  11|0x00000000c2900000, 0x00000000c2900000, 0x00000000c2a00000|  0%| F|  |TAMS 0x00000000c2900000, 0x00000000c2900000| Untracked 
|  12|0x00000000c2a00000, 0x00000000c2a00000, 0x00000000c2b00000|  0%| F|  |TAMS 0x00000000c2a00000, 0x00000000c2a00000| Untracked 
|  13|0x00000000c2b00000, 0x00000000c2b00000, 0x00000000c2c00000|  0%| F|  |TAMS 0x00000000c2b00000, 0x00000000c2b00000| Untracked 
|  14|0x00000000c2c00000, 0x00000000c2c00000, 0x00000000c2d00000|  0%| F|  |TAMS 0x00000000c2c00000, 0x00000000c2c00000| Untracked 
|  15|0x00000000c2d00000, 0x00000000c2d00000, 0x00000000c2e00000|  0%| F|  |TAMS 0x00000000c2d00000, 0x00000000c2d00000| Untracked 
|  16|0x00000000c2e00000, 0x00000000c2e00000, 0x00000000c2f00000|  0%| F|  |TAMS 0x00000000c2e00000, 0x00000000c2e00000| Untracked 
|  17|0x00000000c2f00000, 0x00000000c2f00000, 0x00000000c3000000|  0%| F|  |TAMS 0x00000000c2f00000, 0x00000000c2f00000| Untracked 
|  18|0x00000000c3000000, 0x00000000c3000000, 0x00000000c3100000|  0%| F|  |TAMS 0x00000000c3000000, 0x00000000c3000000| Untracked 
|  19|0x00000000c3100000, 0x00000000c3100000, 0x00000000c3200000|  0%| F|  |TAMS 0x00000000c3100000, 0x00000000c3100000| Untracked 
|  20|0x00000000c3200000, 0x00000000c3200000, 0x00000000c3300000|  0%| F|  |TAMS 0x00000000c3200000, 0x00000000c3200000| Untracked 
|  21|0x00000000c3300000, 0x00000000c3300000, 0x00000000c3400000|  0%| F|  |TAMS 0x00000000c3300000, 0x00000000c3300000| Untracked 
|  22|0x00000000c3400000, 0x00000000c3400000, 0x00000000c3500000|  0%| F|  |TAMS 0x00000000c3400000, 0x00000000c3400000| Untracked 
|  23|0x00000000c3500000, 0x00000000c3500000, 0x00000000c3600000|  0%| F|  |TAMS 0x00000000c3500000, 0x00000000c3500000| Untracked 
|  24|0x00000000c3600000, 0x00000000c3600000, 0x00000000c3700000|  0%| F|  |TAMS 0x00000000c3600000, 0x00000000c3600000| Untracked 
|  25|0x00000000c3700000, 0x00000000c3700000, 0x00000000c3800000|  0%| F|  |TAMS 0x00000000c3700000, 0x00000000c3700000| Untracked 
|  26|0x00000000c3800000, 0x00000000c3800000, 0x00000000c3900000|  0%| F|  |TAMS 0x00000000c3800000, 0x00000000c3800000| Untracked 
|  27|0x00000000c3900000, 0x00000000c3900000, 0x00000000c3a00000|  0%| F|  |TAMS 0x00000000c3900000, 0x00000000c3900000| Untracked 
|  28|0x00000000c3a00000, 0x00000000c3a00000, 0x00000000c3b00000|  0%| F|  |TAMS 0x00000000c3a00000, 0x00000000c3a00000| Untracked 
|  29|0x00000000c3b00000, 0x00000000c3b00000, 0x00000000c3c00000|  0%| F|  |TAMS 0x00000000c3b00000, 0x00000000c3b00000| Untracked 
|  30|0x00000000c3c00000, 0x00000000c3c00000, 0x00000000c3d00000|  0%| F|  |TAMS 0x00000000c3c00000, 0x00000000c3c00000| Untracked 
|  31|0x00000000c3d00000, 0x00000000c3d00000, 0x00000000c3e00000|  0%| F|  |TAMS 0x00000000c3d00000, 0x00000000c3d00000| Untracked 
|  32|0x00000000c3e00000, 0x00000000c3e00000, 0x00000000c3f00000|  0%| F|  |TAMS 0x00000000c3e00000, 0x00000000c3e00000| Untracked 
|  33|0x00000000c3f00000, 0x00000000c3f00000, 0x00000000c4000000|  0%| F|  |TAMS 0x00000000c3f00000, 0x00000000c3f00000| Untracked 
|  34|0x00000000c4000000, 0x00000000c4000000, 0x00000000c4100000|  0%| F|  |TAMS 0x00000000c4000000, 0x00000000c4000000| Untracked 
|  35|0x00000000c4100000, 0x00000000c4100000, 0x00000000c4200000|  0%| F|  |TAMS 0x00000000c4100000, 0x00000000c4100000| Untracked 
|  36|0x00000000c4200000, 0x00000000c4200000, 0x00000000c4300000|  0%| F|  |TAMS 0x00000000c4200000, 0x00000000c4200000| Untracked 
|  37|0x00000000c4300000, 0x00000000c4300000, 0x00000000c4400000|  0%| F|  |TAMS 0x00000000c4300000, 0x00000000c4300000| Untracked 
|  38|0x00000000c4400000, 0x00000000c4400000, 0x00000000c4500000|  0%| F|  |TAMS 0x00000000c4400000, 0x00000000c4400000| Untracked 
|  39|0x00000000c4500000, 0x00000000c4500000, 0x00000000c4600000|  0%| F|  |TAMS 0x00000000c4500000, 0x00000000c4500000| Untracked 
|  40|0x00000000c4600000, 0x00000000c4600000, 0x00000000c4700000|  0%| F|  |TAMS 0x00000000c4600000, 0x00000000c4600000| Untracked 
|  41|0x00000000c4700000, 0x00000000c4700000, 0x00000000c4800000|  0%| F|  |TAMS 0x00000000c4700000, 0x00000000c4700000| Untracked 
|  42|0x00000000c4800000, 0x00000000c4800000, 0x00000000c4900000|  0%| F|  |TAMS 0x00000000c4800000, 0x00000000c4800000| Untracked 
|  43|0x00000000c4900000, 0x00000000c4900000, 0x00000000c4a00000|  0%| F|  |TAMS 0x00000000c4900000, 0x00000000c4900000| Untracked 
|  44|0x00000000c4a00000, 0x00000000c4a00000, 0x00000000c4b00000|  0%| F|  |TAMS 0x00000000c4a00000, 0x00000000c4a00000| Untracked 
|  45|0x00000000c4b00000, 0x00000000c4b00000, 0x00000000c4c00000|  0%| F|  |TAMS 0x00000000c4b00000, 0x00000000c4b00000| Untracked 
|  46|0x00000000c4c00000, 0x00000000c4c00000, 0x00000000c4d00000|  0%| F|  |TAMS 0x00000000c4c00000, 0x00000000c4c00000| Untracked 
|  47|0x00000000c4d00000, 0x00000000c4d00000, 0x00000000c4e00000|  0%| F|  |TAMS 0x00000000c4d00000, 0x00000000c4d00000| Untracked 
|  48|0x00000000c4e00000, 0x00000000c4e00000, 0x00000000c4f00000|  0%| F|  |TAMS 0x00000000c4e00000, 0x00000000c4e00000| Untracked 
|  49|0x00000000c4f00000, 0x00000000c4f00000, 0x00000000c5000000|  0%| F|  |TAMS 0x00000000c4f00000, 0x00000000c4f00000| Untracked 
|  50|0x00000000c5000000, 0x00000000c5000000, 0x00000000c5100000|  0%| F|  |TAMS 0x00000000c5000000, 0x00000000c5000000| Untracked 
|  51|0x00000000c5100000, 0x00000000c5100000, 0x00000000c5200000|  0%| F|  |TAMS 0x00000000c5100000, 0x00000000c5100000| Untracked 
|  52|0x00000000c5200000, 0x00000000c5200000, 0x00000000c5300000|  0%| F|  |TAMS 0x00000000c5200000, 0x00000000c5200000| Untracked 
|  53|0x00000000c5300000, 0x00000000c5300000, 0x00000000c5400000|  0%| F|  |TAMS 0x00000000c5300000, 0x00000000c5300000| Untracked 
|  54|0x00000000c5400000, 0x00000000c5400000, 0x00000000c5500000|  0%| F|  |TAMS 0x00000000c5400000, 0x00000000c5400000| Untracked 
|  55|0x00000000c5500000, 0x00000000c558fe60, 0x00000000c5600000| 56%| E|  |TAMS 0x00000000c5500000, 0x00000000c5500000| Complete 
|  56|0x00000000c5600000, 0x00000000c5700000, 0x00000000c5700000|100%| E|CS|TAMS 0x00000000c5600000, 0x00000000c5600000| Complete 
|  57|0x00000000c5700000, 0x00000000c5800000, 0x00000000c5800000|100%| E|CS|TAMS 0x00000000c5700000, 0x00000000c5700000| Complete 
|  58|0x00000000c5800000, 0x00000000c5900000, 0x00000000c5900000|100%| E|CS|TAMS 0x00000000c5800000, 0x00000000c5800000| Complete 
|  59|0x00000000c5900000, 0x00000000c5a00000, 0x00000000c5a00000|100%| E|CS|TAMS 0x00000000c5900000, 0x00000000c5900000| Complete 
|  60|0x00000000c5a00000, 0x00000000c5b00000, 0x00000000c5b00000|100%| E|CS|TAMS 0x00000000c5a00000, 0x00000000c5a00000| Complete 
|  61|0x00000000c5b00000, 0x00000000c5c00000, 0x00000000c5c00000|100%| E|  |TAMS 0x00000000c5b00000, 0x00000000c5b00000| Complete 
|  62|0x00000000c5c00000, 0x00000000c5d00000, 0x00000000c5d00000|100%| E|CS|TAMS 0x00000000c5c00000, 0x00000000c5c00000| Complete 
|  63|0x00000000c5d00000, 0x00000000c5e00000, 0x00000000c5e00000|100%| E|CS|TAMS 0x00000000c5d00000, 0x00000000c5d00000| Complete 

Card table byte_map: [0x000000f3f2810000,0x000000f3f2a10000] _byte_map_base: 0x000000f3f2201000

Marking Bits (Prev, Next): (CMBitMap*) 0x000000f3daf3b7e8, (CMBitMap*) 0x000000f3daf3b820
 Prev Bits: [0x000000f3f2c10000, 0x000000f3f3b98000)
 Next Bits: [0x000000f3f3ba0000, 0x000000f3f4b28000)

Polling page: 0x000000f3da6c0000

Metaspace:

Usage:
  Non-class:      8.53 MB capacity,     8.31 MB ( 97%) used,   214.30 KB (  2%) free+waste,     7.38 KB ( <1%) overhead. 
      Class:    917.00 KB capacity,   814.08 KB ( 89%) used,    99.73 KB ( 11%) free+waste,     3.19 KB ( <1%) overhead. 
       Both:      9.42 MB capacity,     9.10 MB ( 97%) used,   314.04 KB (  3%) free+waste,    10.56 KB ( <1%) overhead. 

Virtual space:
  Non-class space:       10.00 MB reserved,       8.75 MB ( 88%) committed 
      Class space:        1.00 GB reserved,       1.00 MB ( <1%) committed 
             Both:        1.01 GB reserved,       9.75 MB ( <1%) committed 

Chunk freelists:
   Non-Class:  37.00 KB
       Class:  11.00 KB
        Both:  48.00 KB

MaxMetaspaceSize: 17179869184.00 GB
CompressedClassSpaceSize: 1.00 GB
Initial GC threshold: 20.80 MB
Current GC threshold: 20.80 MB
CDS: off

CodeHeap 'non-profiled nmethods': size=120064Kb used=165Kb max_used=165Kb free=119898Kb
 bounds [0x000000f3eb0d0000, 0x000000f3eb340000, 0x000000f3f2610000]
CodeHeap 'profiled nmethods': size=120000Kb used=849Kb max_used=849Kb free=119150Kb
 bounds [0x000000f3e3ba0000, 0x000000f3e3e10000, 0x000000f3eb0d0000]
CodeHeap 'non-nmethods': size=5696Kb used=1117Kb max_used=1143Kb free=4578Kb
 bounds [0x000000f3e3610000, 0x000000f3e3880000, 0x000000f3e3ba0000]
 total_blobs=908 nmethods=542 adapters=279
 compilation: enabled
              stopped_count=0, restarted_count=0
 full_count=0

Compilation events (20 events):
Event: 7.998 Thread 0x000000f3f8356800 nmethod 535 0x000000f3e3c6d590 code [0x000000f3e3c6d760, 0x000000f3e3c6d968]
Event: 7.998 Thread 0x000000f3f8356800  536       3       java.nio.DirectByteBufferR::<init> (19 bytes)
Event: 7.999 Thread 0x000000f3f8356800 nmethod 536 0x000000f3e3c6da90 code [0x000000f3e3c6dc80, 0x000000f3e3c6e0b8]
Event: 7.999 Thread 0x000000f3f8356800  537       3       java.nio.DirectByteBufferR::slice (62 bytes)
Event: 8.000 Thread 0x000000f3f8356800 nmethod 537 0x000000f3e3c6e310 code [0x000000f3e3c6e4e0, 0x000000f3e3c6e7a8]
Event: 8.000 Thread 0x000000f3f8356800  538       3       java.util.Optional::empty (6 bytes)
Event: 8.000 Thread 0x000000f3f8356800 nmethod 538 0x000000f3e3c6e910 code [0x000000f3e3c6eac0, 0x000000f3e3c6ebb8]
Event: 8.004 Thread 0x000000f3f8356800  542       3       java.io.FilterInputStream::<init> (10 bytes)
Event: 8.004 Thread 0x000000f3f8356800 nmethod 542 0x000000f3e3c6ec90 code [0x000000f3e3c6ee40, 0x000000f3e3c6f058]
Event: 8.006 Thread 0x000000f3f8356800  543 %     3       java.util.Properties$LineReader::readLine @ 224 (635 bytes)
Event: 8.009 Thread 0x000000f3f84d9000 nmethod 529 0x000000f3eb0f8010 code [0x000000f3eb0f81c0, 0x000000f3eb0f8748]
Event: 8.009 Thread 0x000000f3f84d9000  540       4       java.lang.StringLatin1::indexOf (121 bytes)
Event: 8.010 Thread 0x000000f3f834a800 nmethod 528 0x000000f3eb0f8a90 code [0x000000f3eb0f8c40, 0x000000f3eb0f91e8]
Event: 8.010 Thread 0x000000f3f834a800  539 %     4       java.lang.StringLatin1::replace @ 13 (196 bytes)
Event: 8.017 Thread 0x000000f3f8356800 nmethod 543% 0x000000f3e3c6f110 code [0x000000f3e3c6f4e0, 0x000000f3e3c722d8]
Event: 8.017 Thread 0x000000f3f8356800  546       3       java.util.WeakHashMap::remove (133 bytes)
Event: 8.020 Thread 0x000000f3f8356800 nmethod 546 0x000000f3e3c73110 code [0x000000f3e3c73360, 0x000000f3e3c73e08]
Event: 8.020 Thread 0x000000f3f8356800  544       3       sun.net.www.protocol.file.Handler::parseURL (18 bytes)
Event: 8.021 Thread 0x000000f3f8356800 nmethod 544 0x000000f3e3c74210 code [0x000000f3e3c743e0, 0x000000f3e3c74578]
Event: 8.022 Thread 0x000000f3f8356800  545       3       java.net.URLStreamHandler::parseURL (1201 bytes)

GC Heap History (0 events):
No events

Deoptimization events (12 events):
Event: 2.274 Thread 0x000000f3daf09000 Uncommon trap: trap_request=0xffffff4d fr.pc=0x000000f3eb0d4a7c relative=0x00000000000001dc
Event: 2.274 Thread 0x000000f3daf09000 Uncommon trap: reason=unstable_if action=reinterpret pc=0x000000f3eb0d4a7c method=java.lang.String.hashCode()I @ 14 c2
Event: 2.274 Thread 0x000000f3daf09000 DEOPT PACKING pc=0x000000f3eb0d4a7c sp=0x000000f3d8f8d340
Event: 2.274 Thread 0x000000f3daf09000 DEOPT UNPACKING pc=0x000000f3e365a1af sp=0x000000f3d8f8d2d8 mode 2
Event: 6.816 Thread 0x000000f3daf09000 DEOPT PACKING pc=0x000000f3e3bfc338 sp=0x000000f3d8f89340
Event: 6.816 Thread 0x000000f3daf09000 DEOPT UNPACKING pc=0x000000f3e365a95e sp=0x000000f3d8f887b0 mode 0
Event: 7.697 Thread 0x000000f3daf09000 DEOPT PACKING pc=0x000000f3e3bf2d50 sp=0x000000f3d8f8a780
Event: 7.697 Thread 0x000000f3daf09000 DEOPT UNPACKING pc=0x000000f3e365a95e sp=0x000000f3d8f89c20 mode 0
Event: 7.750 Thread 0x000000f3daf09000 DEOPT PACKING pc=0x000000f3e3c11522 sp=0x000000f3d8f8a100
Event: 7.750 Thread 0x000000f3daf09000 DEOPT UNPACKING pc=0x000000f3e365a95e sp=0x000000f3d8f89568 mode 0
Event: 8.000 Thread 0x000000f3daf09000 DEOPT PACKING pc=0x000000f3e3bf867f sp=0x000000f3d8f8b490
Event: 8.000 Thread 0x000000f3daf09000 DEOPT UNPACKING pc=0x000000f3e365a95e sp=0x000000f3d8f8a8e0 mode 0

Classes redefined (0 events):
No events

Internal exceptions (11 events):
Event: 6.805 Thread 0x000000f3daf09000 Exception <a 'java/lang/NoSuchMethodError'{0x00000000c59a9a70}: 'int java.lang.invoke.DirectMethodHandle$Holder.invokeSpecialIFC(java.lang.Object, java.lang.Object, int)'> (0x00000000c59a9a70) thrown at [./src/hotspot/share/interpreter/linkResolver.cpp, line 773]
Event: 6.865 Thread 0x000000f3daf09000 Exception <a 'java/lang/NullPointerException'{0x00000000c5812750}> (0x00000000c5812750) thrown at [./src/hotspot/share/interpreter/linkResolver.cpp, line 1358]
Event: 7.567 Thread 0x000000f3daf09000 Exception <a 'java/lang/NullPointerException'{0x00000000c58e6278}> (0x00000000c58e6278) thrown at [./src/hotspot/share/interpreter/linkResolver.cpp, line 1358]
Event: 7.567 Thread 0x000000f3daf09000 Exception <a 'java/lang/NullPointerException'{0x00000000c58e6548}> (0x00000000c58e6548) thrown at [./src/hotspot/share/interpreter/linkResolver.cpp, line 1358]
Event: 7.567 Thread 0x000000f3daf09000 Exception <a 'java/lang/NullPointerException'{0x00000000c58e6818}> (0x00000000c58e6818) thrown at [./src/hotspot/share/interpreter/linkResolver.cpp, line 1358]
Event: 7.572 Thread 0x000000f3daf09000 Exception <a 'java/lang/NullPointerException'{0x00000000c58ee5e8}> (0x00000000c58ee5e8) thrown at [./src/hotspot/share/interpreter/linkResolver.cpp, line 1358]
Event: 7.580 Thread 0x000000f3daf09000 Exception <a 'java/lang/NullPointerException'{0x00000000c5706198}> (0x00000000c5706198) thrown at [./src/hotspot/share/interpreter/linkResolver.cpp, line 1358]
Event: 7.580 Thread 0x000000f3daf09000 Exception <a 'java/lang/NullPointerException'{0x00000000c5706468}> (0x00000000c5706468) thrown at [./src/hotspot/share/interpreter/linkResolver.cpp, line 1358]
Event: 7.580 Thread 0x000000f3daf09000 Exception <a 'java/lang/NullPointerException'{0x00000000c5706738}> (0x00000000c5706738) thrown at [./src/hotspot/share/interpreter/linkResolver.cpp, line 1358]
Event: 7.581 Thread 0x000000f3daf09000 Exception <a 'java/lang/NullPointerException'{0x00000000c5706a08}> (0x00000000c5706a08) thrown at [./src/hotspot/share/interpreter/linkResolver.cpp, line 1358]
Event: 7.866 Thread 0x000000f3f756b000 Exception <a 'java/lang/NoSuchMethodError'{0x00000000c56cd838}: 'java.lang.Object java.lang.invoke.DirectMethodHandle$Holder.invokeStaticInit(java.lang.Object, int)'> (0x00000000c56cd838) thrown at [./src/hotspot/share/interpreter/linkResolver.cpp, line 773]

Events (20 events):
Event: 7.877 loading class java/util/stream/SortedOps$SizedRefSortingSink done
Event: 7.884 loading class sun/util/resources/TimeZoneNames
Event: 7.885 loading class sun/util/resources/TimeZoneNames done
Event: 7.886 loading class sun/util/resources/TimeZoneNames_en
Event: 7.886 loading class sun/util/resources/TimeZoneNames_en done
Event: 7.974 loading class org/slf4j/impl/OutputChoice
Event: 7.974 loading class org/slf4j/impl/OutputChoice done
Event: 7.976 loading class org/slf4j/impl/OutputChoice$OutputChoiceType
Event: 7.976 loading class org/slf4j/impl/OutputChoice$OutputChoiceType done
Event: 7.980 loading class java/lang/invoke/VarHandle$AccessDescriptor
Event: 7.980 loading class java/lang/invoke/VarHandle$AccessDescriptor done
Event: 7.981 loading class org/apache/maven/cli/logging/Slf4jConfigurationFactory
Event: 7.981 loading class org/apache/maven/cli/logging/Slf4jConfigurationFactory done
Event: 7.986 loading class org/apache/maven/cli/logging/Slf4jConfiguration
Event: 7.986 loading class org/apache/maven/cli/logging/Slf4jConfiguration done
Event: 8.004 loading class org/codehaus/plexus/util/PropertyUtils
Event: 8.004 loading class org/codehaus/plexus/util/PropertyUtils done
Event: 8.006 loading class org/codehaus/plexus/util/IOUtil
Event: 8.006 loading class org/codehaus/plexus/util/IOUtil done
Event: 8.010 loading class java/io/StringWriter


Dynamic libraries:
0x00007ff664130000 - 0x00007ff66413d000 	C:\Users\Sueli\AppData\Local\Programs\Eclipse Adoptium\jdk-11.0.13.8-hotspot\bin\java.exe
0x00007fff77010000 - 0x00007fff771bc000 	C:\Windows\SYSTEM32\ntdll.dll
0x00007fff769b0000 - 0x00007fff76aee000 	C:\Windows\system32\KERNEL32.DLL
0x00007fff74510000 - 0x00007fff74625000 	C:\Windows\system32\KERNELBASE.dll
0x00007fff62e90000 - 0x00007fff62ea7000 	C:\Users\Sueli\AppData\Local\Programs\Eclipse Adoptium\jdk-11.0.13.8-hotspot\bin\jli.dll
0x00007fff62dc0000 - 0x00007fff62dd5000 	C:\Users\Sueli\AppData\Local\Programs\Eclipse Adoptium\jdk-11.0.13.8-hotspot\bin\VCRUNTIME140.dll
0x00007fff669a0000 - 0x00007fff669a4000 	C:\Users\Sueli\AppData\Local\Programs\Eclipse Adoptium\jdk-11.0.13.8-hotspot\bin\api-ms-win-crt-stdio-l1-1-0.dll
0x00007fff65d80000 - 0x00007fff65d84000 	C:\Users\Sueli\AppData\Local\Programs\Eclipse Adoptium\jdk-11.0.13.8-hotspot\bin\api-ms-win-crt-runtime-l1-1-0.dll
0x00007fff64530000 - 0x00007fff64533000 	C:\Users\Sueli\AppData\Local\Programs\Eclipse Adoptium\jdk-11.0.13.8-hotspot\bin\api-ms-win-crt-environment-l1-1-0.dll
0x00007fff644d0000 - 0x00007fff644d5000 	C:\Users\Sueli\AppData\Local\Programs\Eclipse Adoptium\jdk-11.0.13.8-hotspot\bin\api-ms-win-crt-math-l1-1-0.dll
0x00007fff64410000 - 0x00007fff64413000 	C:\Users\Sueli\AppData\Local\Programs\Eclipse Adoptium\jdk-11.0.13.8-hotspot\bin\api-ms-win-crt-locale-l1-1-0.dll
0x00007fff641e0000 - 0x00007fff641e3000 	C:\Users\Sueli\AppData\Local\Programs\Eclipse Adoptium\jdk-11.0.13.8-hotspot\bin\api-ms-win-crt-heap-l1-1-0.dll
0x00007fff71bd0000 - 0x00007fff71e4b000 	C:\Windows\WinSxS\amd64_microsoft.windows.common-controls_6595b64144ccf1df_6.0.9600.17415_none_6240486fecbd8abb\COMCTL32.dll
0x00007fff76460000 - 0x00007fff765d7000 	C:\Windows\system32\USER32.dll
0x00007fff64000000 - 0x00007fff64003000 	C:\Users\Sueli\AppData\Local\Programs\Eclipse Adoptium\jdk-11.0.13.8-hotspot\bin\api-ms-win-crt-filesystem-l1-1-0.dll
0x00007fff62ee0000 - 0x00007fff62ee4000 	C:\Users\Sueli\AppData\Local\Programs\Eclipse Adoptium\jdk-11.0.13.8-hotspot\bin\api-ms-win-crt-string-l1-1-0.dll
0x00007fff62e80000 - 0x00007fff62e84000 	C:\Users\Sueli\AppData\Local\Programs\Eclipse Adoptium\jdk-11.0.13.8-hotspot\bin\api-ms-win-crt-convert-l1-1-0.dll
0x00007fff76b00000 - 0x00007fff76baa000 	C:\Windows\system32\msvcrt.dll
0x00007fff749e0000 - 0x00007fff74b31000 	C:\Windows\system32\GDI32.dll
0x00007fff58340000 - 0x00007fff5843a000 	C:\Users\Sueli\AppData\Local\Programs\Eclipse Adoptium\jdk-11.0.13.8-hotspot\bin\ucrtbase.DLL
0x00007fff76bb0000 - 0x00007fff76be6000 	C:\Windows\system32\IMM32.DLL
0x00007fff76850000 - 0x00007fff769a3000 	C:\Windows\system32\MSCTF.dll
0x00007fff5afc0000 - 0x00007fff5b05b000 	C:\Users\Sueli\AppData\Local\Programs\Eclipse Adoptium\jdk-11.0.13.8-hotspot\bin\msvcp140.dll
0x00007fff62db0000 - 0x00007fff62db3000 	C:\Users\Sueli\AppData\Local\Programs\Eclipse Adoptium\jdk-11.0.13.8-hotspot\bin\api-ms-win-crt-time-l1-1-0.dll
0x00007fff62da0000 - 0x00007fff62da3000 	C:\Users\Sueli\AppData\Local\Programs\Eclipse Adoptium\jdk-11.0.13.8-hotspot\bin\api-ms-win-crt-utility-l1-1-0.dll
0x00007fff49320000 - 0x00007fff49e9e000 	C:\Users\Sueli\AppData\Local\Programs\Eclipse Adoptium\jdk-11.0.13.8-hotspot\bin\server\jvm.dll
0x00007fff765e0000 - 0x00007fff7668a000 	C:\Windows\system32\ADVAPI32.dll
0x00007fff68520000 - 0x00007fff68529000 	C:\Windows\SYSTEM32\WSOCK32.dll
0x00007fff6b3a0000 - 0x00007fff6b3c2000 	C:\Windows\SYSTEM32\WINMM.dll
0x00007fff6cd40000 - 0x00007fff6cd4a000 	C:\Windows\SYSTEM32\VERSION.dll
0x00007fff76690000 - 0x00007fff76697000 	C:\Windows\system32\PSAPI.DLL
0x00007fff74760000 - 0x00007fff747b9000 	C:\Windows\SYSTEM32\sechost.dll
0x00007fff76bf0000 - 0x00007fff76d31000 	C:\Windows\system32\RPCRT4.dll
0x00007fff76fb0000 - 0x00007fff7700a000 	C:\Windows\system32\WS2_32.dll
0x00007fff6b0f0000 - 0x00007fff6b11a000 	C:\Windows\SYSTEM32\WINMMBASE.dll
0x00007fff76840000 - 0x00007fff76849000 	C:\Windows\system32\NSI.dll
0x00007fff744c0000 - 0x00007fff7450f000 	C:\Windows\SYSTEM32\cfgmgr32.dll
0x00007fff72f60000 - 0x00007fff72f88000 	C:\Windows\SYSTEM32\DEVOBJ.dll
0x00007fff62cd0000 - 0x00007fff62ce0000 	C:\Users\Sueli\AppData\Local\Programs\Eclipse Adoptium\jdk-11.0.13.8-hotspot\bin\verify.dll
0x00007fff6b4a0000 - 0x00007fff6b62a000 	C:\Windows\SYSTEM32\DBGHELP.DLL
0x00007fff62c60000 - 0x00007fff62c88000 	C:\Users\Sueli\AppData\Local\Programs\Eclipse Adoptium\jdk-11.0.13.8-hotspot\bin\java.dll
0x00007fff62cc0000 - 0x00007fff62cca000 	C:\Users\Sueli\AppData\Local\Programs\Eclipse Adoptium\jdk-11.0.13.8-hotspot\bin\jimage.dll
0x00007fff629c0000 - 0x00007fff629d7000 	C:\Users\Sueli\AppData\Local\Programs\Eclipse Adoptium\jdk-11.0.13.8-hotspot\bin\zip.dll
0x00007fff74d00000 - 0x00007fff76219000 	C:\Windows\system32\SHELL32.dll
0x00007fff747c0000 - 0x00007fff749d1000 	C:\Windows\SYSTEM32\combase.dll
0x00007fff76400000 - 0x00007fff76454000 	C:\Windows\system32\SHLWAPI.dll
0x00007fff726d0000 - 0x00007fff72782000 	C:\Windows\SYSTEM32\SHCORE.dll
0x00007fff74160000 - 0x00007fff74175000 	C:\Windows\SYSTEM32\profapi.dll
0x00007fff62040000 - 0x00007fff62059000 	C:\Users\Sueli\AppData\Local\Programs\Eclipse Adoptium\jdk-11.0.13.8-hotspot\bin\net.dll
0x00007fff6b630000 - 0x00007fff6b6f9000 	C:\Windows\SYSTEM32\WINHTTP.dll
0x00007fff73970000 - 0x00007fff739c9000 	C:\Windows\system32\mswsock.dll
0x00007fff61e40000 - 0x00007fff61e52000 	C:\Users\Sueli\AppData\Local\Programs\Eclipse Adoptium\jdk-11.0.13.8-hotspot\bin\nio.dll
0x0000000069ac0000 - 0x0000000069ae4000 	C:\Users\Sueli\AppData\Local\Temp\jansi-2.4.0-2090187bb13dea9f-jansi.dll

dbghelp: loaded successfully - version: 4.0.5 - missing functions: none
symbol engine: initialized successfully - sym options: 0x614 - pdb path: .;C:\Users\Sueli\AppData\Local\Programs\Eclipse Adoptium\jdk-11.0.13.8-hotspot\bin;C:\Windows\SYSTEM32;C:\Windows\WinSxS\amd64_microsoft.windows.common-controls_6595b64144ccf1df_6.0.9600.17415_none_6240486fecbd8abb;C:\Users\Sueli\AppData\Local\Programs\Eclipse Adoptium\jdk-11.0.13.8-hotspot\bin\server;C:\Users\Sueli\AppData\Local\Temp

VM Arguments:
jvm_args: -Dmaven.multiModuleProjectDirectory=C:\Users\Sueli\Desktop\WorkSpace_AV2_BACKEND\tech4singer 
java_command: org.apache.maven.wrapper.MavenWrapperMain spring-boot:run -f c:\Users\Sueli\Desktop\WorkSpace_AV2_BACKEND\tech4singer\pom.xml
java_class_path (initial): C:\Users\Sueli\Desktop\WorkSpace_AV2_BACKEND\tech4singer\.mvn\wrapper\maven-wrapper.jar
Launcher Type: SUN_STANDARD

[Global flags]
     intx CICompilerCount                          = 3                                         {product} {ergonomic}
     uint ConcGCThreads                            = 1                                         {product} {ergonomic}
     uint G1ConcRefinementThreads                  = 4                                         {product} {ergonomic}
   size_t G1HeapRegionSize                         = 1048576                                   {product} {ergonomic}
    uintx GCDrainStackTargetSize                   = 64                                        {product} {ergonomic}
   size_t InitialHeapSize                          = 67108864                                  {product} {ergonomic}
   size_t MarkStackSize                            = 4194304                                   {product} {ergonomic}
   size_t MaxHeapSize                              = 1042284544                                {product} {ergonomic}
   size_t MaxNewSize                               = 624951296                                 {product} {ergonomic}
   size_t MinHeapDeltaBytes                        = 1048576                                   {product} {ergonomic}
    uintx NonNMethodCodeHeapSize                   = 5830732                                {pd product} {ergonomic}
    uintx NonProfiledCodeHeapSize                  = 122913754                              {pd product} {ergonomic}
    uintx ProfiledCodeHeapSize                     = 122913754                              {pd product} {ergonomic}
    uintx ReservedCodeCacheSize                    = 251658240                              {pd product} {ergonomic}
     bool SegmentedCodeCache                       = true                                      {product} {ergonomic}
     bool UseCompressedClassPointers               = true                                 {lp64_product} {ergonomic}
     bool UseCompressedOops                        = true                                 {lp64_product} {ergonomic}
     bool UseG1GC                                  = true                                      {product} {ergonomic}
     bool UseLargePagesIndividualAllocation        = false                                  {pd product} {ergonomic}

Logging:
Log output configuration:
 #0: stdout all=warning uptime,level,tags
 #1: stderr all=off uptime,level,tags

Environment Variables:
JAVA_HOME=C:\Users\Sueli\AppData\Local\Programs\Eclipse Adoptium\jdk-11.0.13.8-hotspot
PATH=C:\Windows\system32;C:\Windows;C:\Windows\System32\Wbem;C:\Windows\System32\WindowsPowerShell\v1.0\;C:\Program Files (x86)\GtkSharp\2.12\bin;C:\Program Files\apache-maven-3.8.4\bin;%JAVA_HOME%\bin;C:\Program Files\Git\cmd;C:\Users\Sueli\AppData\Local\Programs\Eclipse Adoptium\jdk-11.0.13.8-hotspot\bin;C:\Program Files\mongosh\;C:\Users\Sueli\AppData\Local\Programs\Microsoft VS Code\bin
USERNAME=Sueli
LANG=pt_BR.UTF-8
OS=Windows_NT
PROCESSOR_IDENTIFIER=Intel64 Family 6 Model 78 Stepping 3, GenuineIntel



---------------  S Y S T E M  ---------------

OS: Windows 8.1 , 64 bit Build 9600 (6.3.9600.17415)
OS uptime: 4 days 8:39 hours

CPU:total 4 (initial active 4) (2 cores per cpu, 2 threads per core) family 6 model 78 stepping 3 microcode 0xcc, cmov, cx8, fxsr, mmx, sse, sse2, sse3, ssse3, sse4.1, sse4.2, popcnt, avx, avx2, aes, clmul, erms, 3dnowpref, lzcnt, ht, tsc, tscinvbit, bmi1, bmi2, adx, fma

Memory: 4k page, system-wide physical 3971M (625M free)
TotalPageFile size 8971M (AvailPageFile size 4M)
current process WorkingSet (physical memory assigned to process): 48M, peak: 48M
current process commit charge ("private bytes"): 140M, peak: 140M

vm_info: OpenJDK 64-Bit Server VM (11.0.13+8) for windows-amd64 JRE (11.0.13+8), built on Oct 19 2021 17:05:59 by "" with unknown MS VC++:1916

END.
